Charm++: standalone mode (not using charmrun)
Converse/Charm++ Commit ID: v6.4.0-beta1-0-g5776d21
CharmLB> Load balancer assumes all CPUs are same.
Charm++> Running on 1 unique compute nodes (48-way SMP).
Charm++> cpu topology info is gathered in 0.010 seconds.
Info: NAMD 2.9 for Linux-x86_64-multicore
Info: 
Info: Please visit http://www.ks.uiuc.edu/Research/namd/
Info: for updates, documentation, and support information.
Info: 
Info: Please cite Phillips et al., J. Comp. Chem. 26:1781-1802 (2005)
Info: in all publications reporting results obtained with NAMD.
Info: 
Info: Based on Charm++/Converse 60400 for multicore-linux64-iccstatic
Info: Built Mon Apr 30 14:00:48 CDT 2012 by jim on naiad.ks.uiuc.edu
Info: 1 NAMD  2.9  Linux-x86_64-multicore  24    cpunode0-ulam.localdomain  student11
Info: Running on 24 processors, 1 nodes, 1 physical nodes.
Info: CPU topology information available.
Info: Charm++/Converse parallel runtime startup completed at 0.032155 s
Info: 1739.03 MB of memory in use based on /proc/self/stat
Info: Configuration file is apoa1/apoa1.namd
Info: Changed directory to apoa1
TCL: Suspending until startup complete.
Info: SIMULATION PARAMETERS:
Info: TIMESTEP               1
Info: NUMBER OF STEPS        500
Info: STEPS PER CYCLE        20
Info: PERIODIC CELL BASIS 1  108.861 0 0
Info: PERIODIC CELL BASIS 2  0 108.861 0
Info: PERIODIC CELL BASIS 3  0 0 77.758
Info: PERIODIC CELL CENTER   0 0 0
Info: LOAD BALANCER  Centralized
Info: LOAD BALANCING STRATEGY  New Load Balancers -- DEFAULT
Info: LDB PERIOD             4000 steps
Info: FIRST LDB TIMESTEP     100
Info: LAST LDB TIMESTEP     -1
Info: LDB BACKGROUND SCALING 1
Info: HOM BACKGROUND SCALING 1
Info: PME BACKGROUND SCALING 1
Info: MIN ATOMS PER PATCH    40
Info: INITIAL TEMPERATURE    300
Info: CENTER OF MASS MOVING INITIALLY? NO
Info: DIELECTRIC             1
Info: EXCLUDE                SCALED ONE-FOUR
Info: 1-4 ELECTROSTATICS SCALED BY 1
Info: MODIFIED 1-4 VDW PARAMETERS WILL BE USED
Info: NO DCD TRAJECTORY OUTPUT
Info: NO EXTENDED SYSTEM TRAJECTORY OUTPUT
Info: NO VELOCITY DCD OUTPUT
Info: NO FORCE DCD OUTPUT
Info: OUTPUT FILENAME        /usr/tmp/apoa1-out
Info: BINARY OUTPUT FILES WILL BE USED
Info: NO RESTART FILE
Info: SWITCHING ACTIVE
Info: SWITCHING ON           10
Info: SWITCHING OFF          12
Info: PAIRLIST DISTANCE      13.5
Info: PAIRLIST SHRINK RATE   0.01
Info: PAIRLIST GROW RATE     0.01
Info: PAIRLIST TRIGGER       0.3
Info: PAIRLISTS PER CYCLE    2
Info: PAIRLISTS ENABLED
Info: MARGIN                 0
Info: HYDROGEN GROUP CUTOFF  2.5
Info: PATCH DIMENSION        16
Info: CROSSTERM ENERGY INCLUDED IN DIHEDRAL
Info: TIMING OUTPUT STEPS    20
Info: PARTICLE MESH EWALD (PME) ACTIVE
Info: PME TOLERANCE               1e-06
Info: PME EWALD COEFFICIENT       0.257952
Info: PME INTERPOLATION ORDER     4
Info: PME GRID DIMENSIONS         108 108 80
Info: PME MAXIMUM GRID SPACING    1.5
Info: Attempting to read FFTW data from FFTW_NAMD_2.9_Linux-x86_64-multicore.txt
Info: Optimizing 6 FFT steps.  1... 2... 3... 4... 5... 6...   Done.
Info: Writing FFTW data to FFTW_NAMD_2.9_Linux-x86_64-multicore.txt
Info: FULL ELECTROSTATIC EVALUATION FREQUENCY      4
Info: USING VERLET I (r-RESPA) MTS SCHEME.
Info: C1 SPLITTING OF LONG RANGE ELECTROSTATICS
Info: PLACING ATOMS IN PATCHES BY HYDROGEN GROUPS
Info: RANDOM NUMBER SEED     74269
Info: USE HYDROGEN BONDS?    NO
Info: COORDINATE PDB         apoa1.pdb
Info: STRUCTURE FILE         apoa1.psf
Info: PARAMETER file: XPLOR format! (default) 
Info: PARAMETERS             par_all22_prot_lipid.xplor
Info: PARAMETERS             par_all22_popc.xplor
Info: USING ARITHMETIC MEAN TO COMBINE L-J SIGMA PARAMETERS
Info: SUMMARY OF PARAMETERS:
Info: 177 BONDS
Info: 435 ANGLES
Info: 446 DIHEDRAL
Info: 45 IMPROPER
Info: 0 CROSSTERM
Info: 83 VDW
Info: 6 VDW_PAIRS
Info: 0 NBTHOLE_PAIRS
Info: TIME FOR READING PSF FILE: 0.950752
Info: TIME FOR READING PDB FILE: 0.134809
Info: 
Info: ****************************
Info: STRUCTURE SUMMARY:
Info: 92224 ATOMS
Info: 70660 BONDS
Info: 74136 ANGLES
Info: 74130 DIHEDRALS
Info: 1402 IMPROPERS
Info: 0 CROSSTERMS
Info: 0 EXCLUSIONS
Info: 1568 DIHEDRALS WITH MULTIPLE PERIODICITY (BASED ON PSF FILE)
Info: 276669 DEGREES OF FREEDOM
Info: 32992 HYDROGEN GROUPS
Info: 4 ATOMS IN LARGEST HYDROGEN GROUP
Info: 32992 MIGRATION GROUPS
Info: 4 ATOMS IN LARGEST MIGRATION GROUP
Info: TOTAL MASS = 553785 amu
Info: TOTAL CHARGE = -14 e
Info: MASS DENSITY = 0.997951 g/cm^3
Info: ATOM DENSITY = 0.100081 atoms/A^3
Info: *****************************
Info: 
Info: Entering startup at 1.14551 s, 1869.4 MB of memory in use
Info: Startup phase 0 took 0.000200987 s, 1869.4 MB of memory in use
Info: Startup phase 1 took 0.0559001 s, 1890.37 MB of memory in use
Info: Startup phase 2 took 0.00230694 s, 1890.37 MB of memory in use
Info: Startup phase 3 took 0.00013113 s, 1890.37 MB of memory in use
Info: PATCH GRID IS 6 (PERIODIC) BY 6 (PERIODIC) BY 4 (PERIODIC)
Info: PATCH GRID IS 1-AWAY BY 1-AWAY BY 1-AWAY
Info: REMOVING COM VELOCITY 0.00117959 0.0289175 0.0202933
Info: LARGEST PATCH (56) HAS 718 ATOMS
Info: Startup phase 4 took 0.026006 s, 1908.55 MB of memory in use
Info: PME using 22 and 22 processors for FFT and reciprocal sum.
Info: PME USING 1 GRID NODES AND 1 TRANS NODES
Info: PME GRID LOCATIONS: 1 2 3 4 5 6 7 8 9 10 ...
Info: PME TRANS LOCATIONS: 1 2 3 4 5 6 7 8 9 10 ...
Info: Startup phase 5 took 0.00370598 s, 1908.55 MB of memory in use
Info: Startup phase 6 took 0.0024929 s, 1908.55 MB of memory in use
LDB: Central LB being created...
Info: Startup phase 7 took 0.00311995 s, 1908.55 MB of memory in use
Info: CREATING 2880 COMPUTE OBJECTS
Info: NONBONDED TABLE R-SQUARED SPACING: 0.0625
Info: NONBONDED TABLE SIZE: 769 POINTS
Info: useSync: 1 useProxySync: 0
Info: Startup phase 8 took 0.0237401 s, 1908.55 MB of memory in use
Info: Startup phase 9 took 0.000442982 s, 1908.55 MB of memory in use
Info: Startup phase 10 took 0.000316143 s, 1908.55 MB of memory in use
Info: Finished startup at 1.26387 s, 1908.55 MB of memory in use

ETITLE:      TS           BOND          ANGLE          DIHED          IMPRP               ELECT            VDW       BOUNDARY           MISC        KINETIC               TOTAL           TEMP      POTENTIAL         TOTAL3        TEMPAVG            PRESSURE      GPRESSURE         VOLUME       PRESSAVG      GPRESSAVG

ENERGY:       0     12352.4560     14603.1480      4549.0710        48.1064        -362073.7646     24229.5343         0.0000         0.0000     82752.2738        -223539.1752       301.0300   -306291.4490   -223524.8478       301.0300          -2568.6725     -3582.2555    921491.4634     -2568.6725     -3582.2555

ENERGY:       1     18844.4109     15785.9133      4571.2456        53.5350        -361670.8140     24319.4022         0.0000         0.0000     75223.8495        -222872.4575       273.6437   -298096.3070   -223478.1940       273.6437          -3192.4049     -3497.3102    921491.4634     -3192.4049     -3497.3102

ENERGY:       2     29488.6214     18758.6024      4637.0922        69.5538        -360338.7684     24512.0178         0.0000         0.0000     61082.0538        -221790.8270       222.1997   -282872.8808   -223476.2579       222.1997          -4269.6708     -3354.1998    921491.4634     -4269.6708     -3354.1998

ENERGY:       3     29918.6891     22271.8870      4734.9573        94.3383        -358090.2900     24689.8970         0.0000         0.0000     54714.9832        -221665.5381       199.0381   -276380.5213   -223477.2862       199.0381          -4381.8243     -3200.6937    921491.4634     -4381.8243     -3200.6937

ENERGY:       4     19827.4664     25006.8856      4848.8883       125.1325        -355303.8943     24849.5776         0.0000         0.0000     58070.8721        -222575.0718       211.2459   -280645.9438   -223447.0524       211.2459          -3364.1641     -3048.1295    921491.4634     -3364.1641     -3048.1295

ENERGY:       5     13036.3493     26178.7950      4962.9626       158.6498        -352372.2980     25088.6262         0.0000         0.0000     59867.7844        -223079.1309       217.7825   -282946.9153   -223360.7371       217.7825          -2383.2339     -2851.6449    921491.4634     -2383.2339     -2851.6449

ENERGY:       6     18385.4957     25630.3461      5063.5878       191.5051        -349783.2223     25459.6294         0.0000         0.0000     52507.9933        -222544.6648       191.0096   -275052.6582   -223356.7153       191.0096          -2314.8218     -2605.9946    921491.4634     -2314.8218     -2605.9946

ENERGY:       7     27980.6008     23734.7915      5141.9525       220.6179        -347598.0130     25887.6534         0.0000         0.0000     42953.1287        -221679.2683       156.2517   -264632.3970   -223352.8555       156.2517          -2593.7692     -2341.6011    921491.4634     -2593.7692     -2341.6011

ENERGY:       8     28660.4004     21173.3706      5194.4399       243.5491        -345793.3010     26266.0174         0.0000         0.0000     42465.0707        -221790.4529       154.4763   -264255.5236   -223296.4331       154.4763          -2188.9236     -2107.2011    921491.4634     -2188.9236     -2107.2011

ENERGY:       9     20060.8537     18806.4011      5223.1938       258.7496        -344109.9402     26591.7245         0.0000         0.0000     50541.8171        -222627.2004       183.8572   -273169.0175   -223230.8086       183.8572          -1151.0633     -1886.9948    921491.4634     -1151.0633     -1886.9948

ETITLE:      TS           BOND          ANGLE          DIHED          IMPRP               ELECT            VDW       BOUNDARY           MISC        KINETIC               TOTAL           TEMP      POTENTIAL         TOTAL3        TEMPAVG            PRESSURE      GPRESSURE         VOLUME       PRESSAVG      GPRESSAVG

ENERGY:      10     14350.7486     17395.0176      5234.2194       265.4605        -342745.2671     26963.6414         0.0000         0.0000     55373.6415        -223162.5380       201.4341   -278536.1796   -223232.0103       201.4341           -586.8334     -1656.6309    921491.4634      -586.8334     -1656.6309

ENERGY:      11     18841.9141     17384.8949      5236.2376       263.7888        -341713.0265     27435.0793         0.0000         0.0000     49899.6950        -222651.4169       181.5214   -272551.1118   -223231.3828       181.5214          -1087.7150     -1401.1296    921491.4634     -1087.7150     -1401.1296

ENERGY:      12     26285.2529     18611.6925      5237.4073       254.5717        -340969.2134     27945.8074         0.0000         0.0000     40727.6955        -221906.7862       148.1562   -262634.4817   -223172.5615       148.1562          -1887.2026     -1155.3187    921491.4634     -1887.2026     -1155.3187

ENERGY:      13     25810.1550     20340.2227      5243.3633       239.3557        -340247.5483     28408.4744         0.0000         0.0000     38364.5171        -221841.4602       139.5596   -260205.9773   -223110.9489       139.5596          -1878.7366      -948.4511    921491.4634     -1878.7366      -948.4511

ENERGY:      14     18229.5293     21618.1812      5255.0116       219.9345        -339811.4722     28840.3575         0.0000         0.0000     43120.5707        -222527.8874       156.8608   -265648.4581   -223112.7586       156.8608          -1024.8387      -790.0063    921491.4634     -1024.8387      -790.0063

ENERGY:      15     14141.3260     21914.0174      5270.4562       198.4604        -339999.9011     29330.1986         0.0000         0.0000     46274.3875        -222871.0551       168.3335   -269145.4426   -223114.1848       168.3335           -276.1129      -654.0185    921491.4634      -276.1129      -654.0185

ENERGY:      16     18533.5985     21379.4766      5286.3853       177.1317        -341073.7438     29909.1296         0.0000         0.0000     43310.7889        -222477.2333       157.5527   -265788.0221   -223107.6653       157.5527           -215.9503      -534.2016    921491.4634      -215.9503      -534.2016

ENERGY:      17     24285.5816     20685.3758      5300.2791       158.0483        -342718.3075     30497.9364         0.0000         0.0000     39857.6663        -221933.4200       144.9912   -261791.0862   -223067.7882       144.9912           -418.5180      -445.9262    921491.4634      -418.5180      -445.9262

ENERGY:      18     23242.4117     20468.5287      5310.2672       142.6286        -344641.7090     31004.0211         0.0000         0.0000     42309.0086        -222164.8430       153.9085   -264473.8516   -223068.8515       153.9085           -264.8021      -408.6301    921491.4634      -264.8021      -408.6301

ENERGY:      19     18143.9401     20989.5295      5316.6991       131.8194        -346529.5495     31434.4322         0.0000         0.0000     47714.3022        -222798.8270       173.5715   -270513.1292   -223071.3656       173.5715             41.9015      -392.2664    921491.4634        41.9015      -392.2664

LDB: ============= START OF LOAD BALANCING ============== 3.03668
LDB: ============== END OF LOAD BALANCING =============== 3.03748
Info: useSync: 1 useProxySync: 0
LDB: =============== DONE WITH MIGRATION ================ 3.03814
TIMING: 20  CPU: 1.94714, 0.0832055/step  Wall: 1.94714, 0.0832055/step, 0.0110941 hours remaining, 1916.886719 MB of memory in use.
ETITLE:      TS           BOND          ANGLE          DIHED          IMPRP               ELECT            VDW       BOUNDARY           MISC        KINETIC               TOTAL           TEMP      POTENTIAL         TOTAL3        TEMPAVG            PRESSURE      GPRESSURE         VOLUME       PRESSAVG      GPRESSAVG

ENERGY:      20     17965.5059     22054.9968      5321.8173       125.9640        -348206.1513     31862.6111         0.0000         0.0000     47960.4282        -222914.8281       174.4669   -270875.2562   -223082.7605       174.4669           -133.8115      -346.5458    921491.4634      -133.8115      -346.5458

ENERGY:      21     24039.1423     23261.1504      5329.8150       124.9653        -349366.5695     32291.6370         0.0000         0.0000     42039.3837        -222280.4757       152.9277   -264319.8594   -223063.1335       152.9277           -740.3954      -247.6204    921491.4634      -740.3954      -247.6204

ENERGY:      22     27739.0450     24128.7771      5344.8281       128.0343        -349763.5533     32625.8383         0.0000         0.0000     37948.0934        -221848.9370       138.0447   -259797.0304   -223062.3006       138.0447           -901.2300      -130.9897    921491.4634      -901.2300      -130.9897

ENERGY:      23     23247.6166     24272.4991      5370.4269       134.1642        -349332.6444     32798.0362         0.0000         0.0000     41280.9382        -222228.9632       150.1687   -263509.9014   -223063.4051       150.1687           -121.6533       -27.8473    921491.4634      -121.6533       -27.8473

