Charm++: standalone mode (not using charmrun)
Converse/Charm++ Commit ID: v6.4.0-beta1-0-g5776d21
CharmLB> Load balancer assumes all CPUs are same.
Charm++> Running on 1 unique compute nodes (48-way SMP).
Charm++> cpu topology info is gathered in 0.001 seconds.
Info: NAMD 2.9 for Linux-x86_64-multicore
Info: 
Info: Please visit http://www.ks.uiuc.edu/Research/namd/
Info: for updates, documentation, and support information.
Info: 
Info: Please cite Phillips et al., J. Comp. Chem. 26:1781-1802 (2005)
Info: in all publications reporting results obtained with NAMD.
Info: 
Info: Based on Charm++/Converse 60400 for multicore-linux64-iccstatic
Info: Built Mon Apr 30 14:00:48 CDT 2012 by jim on naiad.ks.uiuc.edu
Info: 1 NAMD  2.9  Linux-x86_64-multicore  9    cpunode0-ulam.localdomain  student11
Info: Running on 9 processors, 1 nodes, 1 physical nodes.
Info: CPU topology information available.
Info: Charm++/Converse parallel runtime startup completed at 0.011466 s
Info: 628.941 MB of memory in use based on /proc/self/stat
Info: Configuration file is apoa1/apoa1.namd
Info: Changed directory to apoa1
TCL: Suspending until startup complete.
Info: SIMULATION PARAMETERS:
Info: TIMESTEP               1
Info: NUMBER OF STEPS        500
Info: STEPS PER CYCLE        20
Info: PERIODIC CELL BASIS 1  108.861 0 0
Info: PERIODIC CELL BASIS 2  0 108.861 0
Info: PERIODIC CELL BASIS 3  0 0 77.758
Info: PERIODIC CELL CENTER   0 0 0
Info: LOAD BALANCER  Centralized
Info: LOAD BALANCING STRATEGY  New Load Balancers -- DEFAULT
Info: LDB PERIOD             4000 steps
Info: FIRST LDB TIMESTEP     100
Info: LAST LDB TIMESTEP     -1
Info: LDB BACKGROUND SCALING 1
Info: HOM BACKGROUND SCALING 1
Info: PME BACKGROUND SCALING 1
Info: MIN ATOMS PER PATCH    40
Info: INITIAL TEMPERATURE    300
Info: CENTER OF MASS MOVING INITIALLY? NO
Info: DIELECTRIC             1
Info: EXCLUDE                SCALED ONE-FOUR
Info: 1-4 ELECTROSTATICS SCALED BY 1
Info: MODIFIED 1-4 VDW PARAMETERS WILL BE USED
Info: NO DCD TRAJECTORY OUTPUT
Info: NO EXTENDED SYSTEM TRAJECTORY OUTPUT
Info: NO VELOCITY DCD OUTPUT
Info: NO FORCE DCD OUTPUT
Info: OUTPUT FILENAME        /usr/tmp/apoa1-out
Info: BINARY OUTPUT FILES WILL BE USED
Info: NO RESTART FILE
Info: SWITCHING ACTIVE
Info: SWITCHING ON           10
Info: SWITCHING OFF          12
Info: PAIRLIST DISTANCE      13.5
Info: PAIRLIST SHRINK RATE   0.01
Info: PAIRLIST GROW RATE     0.01
Info: PAIRLIST TRIGGER       0.3
Info: PAIRLISTS PER CYCLE    2
Info: PAIRLISTS ENABLED
Info: MARGIN                 0
Info: HYDROGEN GROUP CUTOFF  2.5
Info: PATCH DIMENSION        16
Info: CROSSTERM ENERGY INCLUDED IN DIHEDRAL
Info: TIMING OUTPUT STEPS    20
Info: PARTICLE MESH EWALD (PME) ACTIVE
Info: PME TOLERANCE               1e-06
Info: PME EWALD COEFFICIENT       0.257952
Info: PME INTERPOLATION ORDER     4
Info: PME GRID DIMENSIONS         108 108 80
Info: PME MAXIMUM GRID SPACING    1.5
Info: Attempting to read FFTW data from FFTW_NAMD_2.9_Linux-x86_64-multicore.txt
Info: Optimizing 6 FFT steps.  1... 2... 3... 4... 5... 6...   Done.
Info: Writing FFTW data to FFTW_NAMD_2.9_Linux-x86_64-multicore.txt
Info: FULL ELECTROSTATIC EVALUATION FREQUENCY      4
Info: USING VERLET I (r-RESPA) MTS SCHEME.
Info: C1 SPLITTING OF LONG RANGE ELECTROSTATICS
Info: PLACING ATOMS IN PATCHES BY HYDROGEN GROUPS
Info: RANDOM NUMBER SEED     74269
Info: USE HYDROGEN BONDS?    NO
Info: COORDINATE PDB         apoa1.pdb
Info: STRUCTURE FILE         apoa1.psf
Info: PARAMETER file: XPLOR format! (default) 
Info: PARAMETERS             par_all22_prot_lipid.xplor
Info: PARAMETERS             par_all22_popc.xplor
Info: USING ARITHMETIC MEAN TO COMBINE L-J SIGMA PARAMETERS
Info: SUMMARY OF PARAMETERS:
Info: 177 BONDS
Info: 435 ANGLES
Info: 446 DIHEDRAL
Info: 45 IMPROPER
Info: 0 CROSSTERM
Info: 83 VDW
Info: 6 VDW_PAIRS
Info: 0 NBTHOLE_PAIRS
Info: TIME FOR READING PSF FILE: 0.936945
Info: TIME FOR READING PDB FILE: 0.130406
Info: 
Info: ****************************
Info: STRUCTURE SUMMARY:
Info: 92224 ATOMS
Info: 70660 BONDS
Info: 74136 ANGLES
Info: 74130 DIHEDRALS
Info: 1402 IMPROPERS
Info: 0 CROSSTERMS
Info: 0 EXCLUSIONS
Info: 1568 DIHEDRALS WITH MULTIPLE PERIODICITY (BASED ON PSF FILE)
Info: 276669 DEGREES OF FREEDOM
Info: 32992 HYDROGEN GROUPS
Info: 4 ATOMS IN LARGEST HYDROGEN GROUP
Info: 32992 MIGRATION GROUPS
Info: 4 ATOMS IN LARGEST MIGRATION GROUP
Info: TOTAL MASS = 553785 amu
Info: TOTAL CHARGE = -14 e
Info: MASS DENSITY = 0.997951 g/cm^3
Info: ATOM DENSITY = 0.100081 atoms/A^3
Info: *****************************
Info: 
Info: Entering startup at 1.10376 s, 759.324 MB of memory in use
Info: Startup phase 0 took 0.000180006 s, 759.324 MB of memory in use
Info: Startup phase 1 took 0.0558741 s, 780.289 MB of memory in use
Info: Startup phase 2 took 0.000885963 s, 780.289 MB of memory in use
Info: Startup phase 3 took 0.000104904 s, 780.289 MB of memory in use
Info: PATCH GRID IS 6 (PERIODIC) BY 6 (PERIODIC) BY 4 (PERIODIC)
Info: PATCH GRID IS 1-AWAY BY 1-AWAY BY 1-AWAY
Info: REMOVING COM VELOCITY 0.00117959 0.0289175 0.0202933
Info: LARGEST PATCH (56) HAS 718 ATOMS
Info: Startup phase 4 took 0.0252631 s, 798.277 MB of memory in use
Info: PME using 9 and 9 processors for FFT and reciprocal sum.
Info: PME USING 1 GRID NODES AND 1 TRANS NODES
Info: PME GRID LOCATIONS: 0 1 2 3 4 5 6 7 8
Info: PME TRANS LOCATIONS: 0 1 2 3 4 5 6 7 8
Info: Optimizing 4 FFT steps.  1... 2... 3... 4...   Done.
Info: Startup phase 5 took 0.00208497 s, 798.277 MB of memory in use
Info: Startup phase 6 took 0.00200701 s, 798.277 MB of memory in use
LDB: Central LB being created...
Info: Startup phase 7 took 0.00155497 s, 798.277 MB of memory in use
Info: CREATING 2790 COMPUTE OBJECTS
Info: NONBONDED TABLE R-SQUARED SPACING: 0.0625
Info: NONBONDED TABLE SIZE: 769 POINTS
Info: useSync: 1 useProxySync: 0
Info: Startup phase 8 took 0.0175991 s, 798.277 MB of memory in use
Info: Startup phase 9 took 0.000224829 s, 798.277 MB of memory in use
Info: Startup phase 10 took 0.000254154 s, 798.277 MB of memory in use
Info: Finished startup at 1.20979 s, 798.277 MB of memory in use

ETITLE:      TS           BOND          ANGLE          DIHED          IMPRP               ELECT            VDW       BOUNDARY           MISC        KINETIC               TOTAL           TEMP      POTENTIAL         TOTAL3        TEMPAVG            PRESSURE      GPRESSURE         VOLUME       PRESSAVG      GPRESSAVG

ENERGY:       0     12352.4560     14603.1480      4549.0710        48.1064        -362073.7646     24229.5343         0.0000         0.0000     82752.2738        -223539.1752       301.0300   -306291.4489   -223524.8478       301.0300          -2568.6725     -3582.2555    921491.4634     -2568.6725     -3582.2555

ENERGY:       1     18844.4109     15785.9133      4571.2456        53.5350        -361670.8139     24319.4022         0.0000         0.0000     75223.8495        -222872.4575       273.6437   -298096.3069   -223478.1939       273.6437          -3192.4049     -3497.3102    921491.4634     -3192.4049     -3497.3102

ENERGY:       2     29488.6214     18758.6024      4637.0922        69.5538        -360338.7684     24512.0178         0.0000         0.0000     61082.0538        -221790.8270       222.1997   -282872.8808   -223476.2578       222.1997          -4269.6708     -3354.1998    921491.4634     -4269.6708     -3354.1998

ENERGY:       3     29918.6891     22271.8870      4734.9573        94.3383        -358090.2899     24689.8970         0.0000         0.0000     54714.9832        -221665.5380       199.0381   -276380.5212   -223477.2861       199.0381          -4381.8243     -3200.6937    921491.4634     -4381.8243     -3200.6937

ENERGY:       4     19827.4664     25006.8856      4848.8883       125.1325        -355303.8944     24849.5776         0.0000         0.0000     58070.8720        -222575.0719       211.2459   -280645.9439   -223447.0526       211.2459          -3364.1641     -3048.1295    921491.4634     -3364.1641     -3048.1295

ENERGY:       5     13036.3492     26178.7950      4962.9626       158.6498        -352372.2982     25088.6262         0.0000         0.0000     59867.7843        -223079.1310       217.7825   -282946.9154   -223360.7373       217.7825          -2383.2339     -2851.6449    921491.4634     -2383.2339     -2851.6449

ENERGY:       6     18385.4956     25630.3461      5063.5878       191.5051        -349783.2224     25459.6294         0.0000         0.0000     52507.9933        -222544.6650       191.0096   -275052.6583   -223356.7154       191.0096          -2314.8218     -2605.9946    921491.4634     -2314.8218     -2605.9946

ENERGY:       7     27980.6007     23734.7915      5141.9525       220.6179        -347598.0131     25887.6534         0.0000         0.0000     42953.1286        -221679.2685       156.2517   -264632.3971   -223352.8556       156.2517          -2593.7691     -2341.6011    921491.4634     -2593.7691     -2341.6011

ENERGY:       8     28660.4003     21173.3706      5194.4399       243.5491        -345793.3009     26266.0174         0.0000         0.0000     42465.0707        -221790.4528       154.4763   -264255.5235   -223296.4330       154.4763          -2188.9236     -2107.2011    921491.4634     -2188.9236     -2107.2011

ENERGY:       9     20060.8537     18806.4011      5223.1938       258.7496        -344109.9401     26591.7245         0.0000         0.0000     50541.8171        -222627.2003       183.8572   -273169.0174   -223230.8085       183.8572          -1151.0632     -1886.9948    921491.4634     -1151.0632     -1886.9948

ETITLE:      TS           BOND          ANGLE          DIHED          IMPRP               ELECT            VDW       BOUNDARY           MISC        KINETIC               TOTAL           TEMP      POTENTIAL         TOTAL3        TEMPAVG            PRESSURE      GPRESSURE         VOLUME       PRESSAVG      GPRESSAVG

ENERGY:      10     14350.7486     17395.0176      5234.2194       265.4605        -342745.2670     26963.6414         0.0000         0.0000     55373.6415        -223162.5380       201.4341   -278536.1795   -223232.0102       201.4341           -586.8334     -1656.6309    921491.4634      -586.8334     -1656.6309

ENERGY:      11     18841.9141     17384.8949      5236.2376       263.7888        -341713.0264     27435.0793         0.0000         0.0000     49899.6949        -222651.4168       181.5214   -272551.1118   -223231.3827       181.5214          -1087.7151     -1401.1296    921491.4634     -1087.7151     -1401.1296

ENERGY:      12     26285.2529     18611.6925      5237.4073       254.5717        -340969.2133     27945.8074         0.0000         0.0000     40727.6954        -221906.7861       148.1562   -262634.4816   -223172.5614       148.1562          -1887.2026     -1155.3187    921491.4634     -1887.2026     -1155.3187

ENERGY:      13     25810.1550     20340.2227      5243.3633       239.3557        -340247.5482     28408.4744         0.0000         0.0000     38364.5171        -221841.4601       139.5596   -260205.9772   -223110.9487       139.5596          -1878.7366      -948.4511    921491.4634     -1878.7366      -948.4511

ENERGY:      14     18229.5293     21618.1812      5255.0116       219.9345        -339811.4721     28840.3575         0.0000         0.0000     43120.5707        -222527.8872       156.8608   -265648.4580   -223112.7584       156.8608          -1024.8387      -790.0063    921491.4634     -1024.8387      -790.0063

ENERGY:      15     14141.3260     21914.0174      5270.4562       198.4604        -339999.9010     29330.1986         0.0000         0.0000     46274.3874        -222871.0550       168.3335   -269145.4424   -223114.1847       168.3335           -276.1129      -654.0185    921491.4634      -276.1129      -654.0185

ENERGY:      16     18533.5985     21379.4766      5286.3853       177.1317        -341073.7438     29909.1296         0.0000         0.0000     43310.7888        -222477.2333       157.5527   -265788.0222   -223107.6653       157.5527           -215.9503      -534.2016    921491.4634      -215.9503      -534.2016

ENERGY:      17     24285.5816     20685.3758      5300.2791       158.0483        -342718.3075     30497.9364         0.0000         0.0000     39857.6662        -221933.4201       144.9912   -261791.0863   -223067.7882       144.9912           -418.5180      -445.9262    921491.4634      -418.5180      -445.9262

ENERGY:      18     23242.4117     20468.5288      5310.2673       142.6286        -344641.7090     31004.0211         0.0000         0.0000     42309.0085        -222164.8431       153.9085   -264473.8516   -223068.8515       153.9085           -264.8020      -408.6301    921491.4634      -264.8020      -408.6301

ENERGY:      19     18143.9400     20989.5295      5316.6991       131.8194        -346529.5495     31434.4322         0.0000         0.0000     47714.3022        -222798.8271       173.5715   -270513.1292   -223071.3656       173.5715             41.9015      -392.2664    921491.4634        41.9015      -392.2664

LDB: ============= START OF LOAD BALANCING ============== 3.80431
LDB: ============== END OF LOAD BALANCING =============== 3.80473
Info: useSync: 1 useProxySync: 0
LDB: =============== DONE WITH MIGRATION ================ 3.80516
TIMING: 20  CPU: 2.83845, 0.126644/step  Wall: 2.83845, 0.126644/step, 0.0168858 hours remaining, 823.539062 MB of memory in use.
ETITLE:      TS           BOND          ANGLE          DIHED          IMPRP               ELECT            VDW       BOUNDARY           MISC        KINETIC               TOTAL           TEMP      POTENTIAL         TOTAL3        TEMPAVG            PRESSURE      GPRESSURE         VOLUME       PRESSAVG      GPRESSAVG

ENERGY:      20     17965.5059     22054.9968      5321.8173       125.9640        -348206.1516     31862.6111         0.0000         0.0000     47960.4281        -222914.8283       174.4669   -270875.2565   -223082.7608       174.4669           -133.8115      -346.5459    921491.4634      -133.8115      -346.5459

ENERGY:      21     24039.1423     23261.1504      5329.8150       124.9653        -349366.5698     32291.6370         0.0000         0.0000     42039.3836        -222280.4760       152.9277   -264319.8597   -223063.1338       152.9277           -740.3954      -247.6204    921491.4634      -740.3954      -247.6204

ENERGY:      22     27739.0450     24128.7771      5344.8281       128.0343        -349763.5536     32625.8383         0.0000         0.0000     37948.0934        -221848.9373       138.0447   -259797.0307   -223062.3009       138.0447           -901.2300      -130.9897    921491.4634      -901.2300      -130.9897

ENERGY:      23     23247.6166     24272.4991      5370.4269       134.1642        -349332.6447     32798.0362         0.0000         0.0000     41280.9382        -222228.9635       150.1687   -263509.9017   -223063.4054       150.1687           -121.6533       -27.8473    921491.4634      -121.6533       -27.8473

ENERGY:      24     16511.8017     23459.5972      5407.7262       142.1780        -348420.3085     32880.6042         0.0000         0.0000     47144.4570        -222873.9442       171.4986   -270018.4012   -223056.8661       171.4986            942.5310        70.4533    921491.4634       942.5310        70.4533

ENERGY:      25     16917.9802     21778.2434      5454.8988       151.0023        -347594.2600     32989.6205         0.0000         0.0000     47486.3028        -222816.2121       172.7421   -270302.5149   -223053.2177       172.7421           1272.0518       195.5279    921491.4634      1272.0518       195.5279

ENERGY:      26     23581.2556     19675.3687      5506.8492       159.5877        -347249.8434     33136.3761         0.0000         0.0000     43029.5317        -222160.8744       156.5296   -265190.4061   -223051.5347       156.5296            769.4263       319.1965    921491.4634       769.4263       319.1965

ENERGY:      27     26456.6585     17946.7066      5557.4986       167.2901        -347403.8183     33225.3823         0.0000         0.0000     42147.2259        -221903.0565       153.3200   -264050.2824   -223051.1654       153.3200            220.6604       393.1594    921491.4634       220.6604       393.1594

ENERGY:      28     21041.4523     17329.1340      5601.2360       173.7564        -347813.2805     33197.2135         0.0000         0.0000     47975.5932        -222494.8952       174.5220   -270470.4885   -223001.5671       174.5220             79.1065       399.7476    921491.4634        79.1065       399.7476

ENERGY:      29     15396.3271     18061.9472      5634.3634       178.8635        -348340.9353     33114.0513         0.0000         0.0000     52817.3032        -223138.0796       192.1348   -275955.3828   -223013.8477       192.1348           -116.7881       392.2540    921491.4634      -116.7881       392.2540

ETITLE:      TS           BOND          ANGLE          DIHED          IMPRP               ELECT            VDW       BOUNDARY           MISC        KINETIC               TOTAL           TEMP      POTENTIAL         TOTAL3        TEMPAVG            PRESSURE      GPRESSURE         VOLUME       PRESSAVG      GPRESSAVG

ENERGY:      30     18751.3177     19659.9907      5655.0732       182.5488        -348790.2987     33060.9284         0.0000         0.0000     48617.0317        -222863.4082       176.8554   -271480.4399   -223014.4701       176.8554           -820.6934       415.3192    921491.4634      -820.6934       415.3192

ENERGY:      31     27694.5952     21259.1820      5664.2790       184.9293        -348929.5883     33008.3021         0.0000         0.0000     39136.7131        -221981.5876       142.3686   -261118.3007   -223012.7193       142.3686          -1451.9807       460.8912    921491.4634     -1451.9807       460.8912

ENERGY:      32     30068.2853     22087.7452      5665.1959       186.2529        -348469.1900     32843.5146         0.0000         0.0000     35956.7802        -221661.4159       130.8009   -257618.1960   -222879.6159       130.8009           -898.8255       477.0667    921491.4634      -898.8255       477.0667

ENERGY:      33     21814.4412     21866.1208      5662.7076       186.8472        -347503.8046     32533.7071         0.0000         0.0000     43073.5125        -222366.4682       156.6896   -265439.9807   -222875.1214       156.6896            944.3632       439.8050    921491.4634       944.3632       439.8050

ENERGY:      34     13147.3107     20822.2764      5661.3995       187.1344        -346393.9751     32190.4000         0.0000         0.0000     51261.5111        -223123.9431       186.4753   -274385.4542   -222873.5746       186.4753           2726.2719       368.4769    921491.4634      2726.2719       368.4769

ENERGY:      35     14939.6595     19533.2380      5664.6046       187.4826        -345707.8425     31926.7432         0.0000         0.0000     50536.7216        -222919.3928       183.8387   -273456.1145   -222870.5853       183.8387           3009.1612       277.1950    921491.4634      3009.1612       277.1950

ENERGY:      36     23992.4072     18619.4977      5673.2513       188.1412        -345737.5534     31727.7259         0.0000         0.0000     43465.0626        -222071.4676       158.1140   -265536.5303   -222792.6596       158.1140           1784.3269       140.1452    921491.4634      1784.3269       140.1452

ENERGY:      37     27662.2272     18555.9996      5686.0165       189.1736        -346400.2315     31489.4429         0.0000         0.0000     41035.8277        -221781.5440       149.2771   -262817.3717   -222776.0505       149.2771            189.9686       -80.8845    921491.4634       189.9686       -80.8845

ENERGY:      38     21417.9358     19485.8051      5699.4394       190.5896        -347297.8749     31169.4569         0.0000         0.0000     46867.8923        -222466.7558       170.4925   -269334.6481   -222782.6198       170.4925          -1003.8464      -364.7808    921491.4634     -1003.8464      -364.7808

ENERGY:      39     14905.2240     21194.3323      5709.6116       192.2159        -348062.9362     30838.9348         0.0000         0.0000     52072.4156        -223150.2019       189.4251   -275222.6175   -222787.6442       189.4251          -2066.3976      -633.0732    921491.4634     -2066.3976      -633.0732

TIMING: 40  CPU: 5.36606, 0.12638/step  Wall: 5.36606, 0.12638/step, 0.0161486 hours remaining, 823.851562 MB of memory in use.
ETITLE:      TS           BOND          ANGLE          DIHED          IMPRP               ELECT            VDW       BOUNDARY           MISC        KINETIC               TOTAL           TEMP      POTENTIAL         TOTAL3        TEMPAVG            PRESSURE      GPRESSURE         VOLUME       PRESSAVG      GPRESSAVG

ENERGY:      40     18175.3607     23091.9465      5712.9374       193.7351        -348398.4386     30569.2891         0.0000         0.0000     47793.1194        -222862.0504       173.8582   -270655.1698   -222794.4440       173.8582          -3285.9429      -815.4643    921491.4634     -3285.9429      -815.4643

ENERGY:      41     27454.8769     24388.3753      5707.1933       194.7033        -347996.2243     30319.6952         0.0000         0.0000     37998.4751        -221932.9052       138.2280   -259931.3803   -222755.1651       138.2280          -3958.3724      -910.5637    921491.4634     -3958.3724      -910.5637

ENERGY:      42     30245.9364     24360.9624      5691.6440       194.6822        -346664.6375     29990.2515         0.0000         0.0000     34554.7186        -221626.4424       125.7006   -256181.1609   -222751.8060       125.7006          -2976.0492      -957.7116    921491.4634     -2976.0492      -957.7116

ENERGY:      43     22419.9625     22840.1580      5668.3987       193.3183        -344561.3429     29565.6875         0.0000         0.0000     41572.6525        -222301.1655       151.2299   -263873.8179   -222749.5273       151.2299           -409.4028      -982.8641    921491.4634      -409.4028      -982.8641

ENERGY:      44     13688.4095     20366.1988      5642.0670       190.5057        -342301.7066     29147.7409         0.0000         0.0000     50206.1687        -223060.6160       182.6362   -273266.7847   -222789.1129       182.6362           2147.6096      -988.8247    921491.4634      2147.6096      -988.8247

ENERGY:      45     14321.4098     17966.5587      5618.8540       186.4749        -340529.7787     28826.5124         0.0000         0.0000     50723.4105        -222886.5584       184.5178   -273609.9689   -222752.6210       184.5178           3021.8266      -984.7720    921491.4634      3021.8266      -984.7720

ENERGY:      46     21810.6588     16543.1497      5604.0209       181.6747        -339671.2259     28584.9900         0.0000         0.0000     44777.2512        -222169.4807       162.8873   -266946.7318   -222751.4826       162.8873           1989.9577     -1018.5224    921491.4634      1989.9577     -1018.5224

ENERGY:      47     25437.8369     16504.7275      5601.0153       176.7222        -339657.9451     28339.0468         0.0000         0.0000     41682.3532        -221916.2434       151.6289   -263598.5966   -222754.8499       151.6289             54.8288     -1124.4910    921491.4634        54.8288     -1124.4910

ENERGY:      48     21357.5061     17642.4096      5610.4033       172.2811        -340167.0773     28053.2905         0.0000         0.0000     44880.0446        -222451.1422       163.2613   -267331.1867   -222747.8064       163.2613          -1888.5357     -1283.7456    921491.4634     -1888.5357     -1283.7456

ENERGY:      49     16985.3516     19390.5976      5630.3277       169.0122        -340784.2167     27774.0614         0.0000         0.0000     47923.0134        -222911.8527       174.3308   -270834.8662   -222725.3131       174.3308          -3676.9794     -1433.1005    921491.4634     -3676.9794     -1433.1005

ETITLE:      TS           BOND          ANGLE          DIHED          IMPRP               ELECT            VDW       BOUNDARY           MISC        KINETIC               TOTAL           TEMP      POTENTIAL         TOTAL3        TEMPAVG            PRESSURE      GPRESSURE         VOLUME       PRESSAVG      GPRESSAVG

ENERGY:      50     19512.3275     21075.3037      5656.6882       167.3307        -341202.9169     27544.8543         0.0000         0.0000     44585.1127        -222661.2998       162.1884   -267246.4125   -222726.3512       162.1884          -5131.5006     -1515.5730    921491.4634     -5131.5006     -1515.5730

ENERGY:      51     25615.9432     22157.8700      5684.9275       167.4747        -341126.1281     27328.9661         0.0000         0.0000     38129.3339        -222041.6127       138.7040   -260170.9465   -222724.6100       138.7040          -5492.8749     -1521.8809    921491.4634     -5492.8749     -1521.8809

ENERGY:      52     26599.5775     22300.8007      5710.5529       169.4115        -340421.7967     27055.6870         0.0000         0.0000     36644.3526        -221941.4147       133.3021   -258585.7673   -222664.4105       133.3021          -4033.2856     -1479.3806    921491.4634     -4033.2856     -1479.3806

ENERGY:      53     20876.6367     21508.4523      5730.1472       172.8903        -339217.4843     26725.0591         0.0000         0.0000     41780.5338        -222423.7648       151.9861   -264204.2987   -222626.8757       151.9861          -1166.2842     -1403.6007    921491.4634     -1166.2842     -1403.6007

ENERGY:      54     15863.6305     20168.3229      5741.5298       177.3856        -338073.5149     26417.7964         0.0000         0.0000     46874.2685        -222830.5812       170.5157   -269704.8497   -222622.2852       170.5157           1612.1875     -1309.5972    921491.4634      1612.1875     -1309.5972

ENERGY:      55     17325.1625     18996.7298      5745.1676       182.3524        -337579.2204     26194.8264         0.0000         0.0000     46522.3671        -222612.6146       169.2356   -269134.9816   -222618.0515       169.2356           2924.0341     -1225.8965    921491.4634      2924.0341     -1225.8965

ENERGY:      56     21834.7095     18663.5590      5743.6590       187.2691        -338017.4583     26036.1975         0.0000         0.0000     43350.8708        -222201.1933       157.6986   -265552.0641   -222594.3334       157.6986           2523.1282     -1193.8778    921491.4634      2523.1282     -1193.8778

ENERGY:      57     22701.7347     19414.2156      5740.7572       191.7056        -339107.6098     25882.7605         0.0000         0.0000     42990.4500        -222185.9862       156.3874   -265176.4362   -222571.6336       156.3874            977.8010     -1232.6113    921491.4634       977.8010     -1232.6113

ENERGY:      58     19883.4032     20861.6710      5739.1627       195.2453        -340404.3081     25718.1138         0.0000         0.0000     45412.5622        -222594.1500       165.1984   -268006.7122   -222577.8453       165.1984          -1125.6286     -1313.5157    921491.4634     -1125.6286     -1313.5157

ENERGY:      59     19374.3744     22284.0260      5740.2029       197.5683        -341451.8758     25574.1727         0.0000         0.0000     45544.2647        -222737.2668       165.6775   -268281.5315   -222582.7241       165.6775          -3411.1338     -1378.9660    921491.4634     -3411.1338     -1378.9660

TIMING: 60  CPU: 7.89307, 0.126351/step  Wall: 7.89307, 0.126351/step, 0.0154428 hours remaining, 823.851562 MB of memory in use.
ETITLE:      TS           BOND          ANGLE          DIHED          IMPRP               ELECT            VDW       BOUNDARY           MISC        KINETIC               TOTAL           TEMP      POTENTIAL         TOTAL3        TEMPAVG            PRESSURE      GPRESSURE         VOLUME       PRESSAVG      GPRESSAVG

ENERGY:      60     23449.5631     23017.6821      5743.3644       198.4364        -341915.2510     25462.3565         0.0000         0.0000     41666.5931        -222377.2554       151.5716   -264043.8485   -222570.6179       151.5716          -5200.1105     -1391.6025    921491.4634     -5200.1105     -1391.6025

ENERGY:      61     26674.7927     22795.6787      5746.9986       197.7625        -341507.2980     25336.2700         0.0000         0.0000     38754.3265        -222001.4691       140.9776   -260755.7956   -222554.3355       140.9776          -5512.1720     -1343.6393    921491.4634     -5512.1720     -1343.6393

ENERGY:      62     23713.3995     21736.8997      5748.3994       195.5102        -340178.4242     25148.9603         0.0000         0.0000     41422.2907        -222212.9643       150.6829   -263635.2550   -222552.0910       150.6829          -3887.3627     -1256.6182    921491.4634     -3887.3627     -1256.6182

ENERGY:      63     17514.2894     20290.2285      5745.1998       191.8568        -338254.7870     24925.5375         0.0000         0.0000     46858.5846        -222729.0904       170.4587   -269587.6750   -222547.7679       170.4587          -1126.2162     -1146.3291    921491.4634     -1126.2162     -1146.3291

ENERGY:      64     15617.7657     18981.2685      5735.7991       187.1747        -336395.9952     24738.7760         0.0000         0.0000     48293.1730        -222842.0382       175.6773   -271135.2112   -222561.4987       175.6773           1265.5617     -1044.2089    921491.4634      1265.5617     -1044.2089

ENERGY:      65     19705.6387     18234.5067      5720.3377       182.0597        -335286.5205     24621.7011         0.0000         0.0000     44429.9444        -222392.3323       161.6239   -266822.2767   -222559.5547       161.6239           2327.6923      -981.2891    921491.4634      2327.6923      -981.2891

ENERGY:      66     23379.3198     18178.8888      5700.6416       177.0884        -335167.4133     24541.0361         0.0000         0.0000     41150.1724        -222040.2661       149.6930   -263190.4385   -222559.7129       149.6930           2143.8304     -1012.9654    921491.4634      2143.8304     -1012.9654

ENERGY:      67     21519.5825     18700.7266      5680.7505       172.8625        -335835.2251     24451.2304         0.0000         0.0000     43013.1052        -222296.9673       156.4699   -265310.0725   -222563.8339       156.4699           1146.4320     -1149.3075    921491.4634      1146.4320     -1149.3075

ENERGY:      68     17680.6163     19473.4215      5665.6119       169.8446        -336816.7450     24355.0772         0.0000         0.0000     46695.1031        -222777.0705       169.8640   -269472.1736   -222563.1958       169.8640           -533.1232     -1350.2483    921491.4634      -533.1232     -1350.2483

ENERGY:      69     18842.4751     20094.5656      5659.7335       168.3399        -337777.7071     24286.5633         0.0000         0.0000     45946.9670        -222779.0627       167.1424   -268726.0297   -222564.0333       167.1424          -2779.5017     -1554.6030    921491.4634     -2779.5017     -1554.6030

ETITLE:      TS           BOND          ANGLE          DIHED          IMPRP               ELECT            VDW       BOUNDARY           MISC        KINETIC               TOTAL           TEMP      POTENTIAL         TOTAL3        TEMPAVG            PRESSURE      GPRESSURE         VOLUME       PRESSAVG      GPRESSAVG

ENERGY:      70     24924.5824     20195.1314      5665.1982       168.3680        -338344.4666     24244.1912         0.0000         0.0000     40895.8147        -222251.1807       148.7677   -263146.9954   -222565.8441       148.7677          -4812.4045     -1724.3819    921491.4634     -4812.4045     -1724.3819

ENERGY:      71     28189.8263     19687.0901      5681.7657       169.8512        -338280.6761     24173.9254         0.0000         0.0000     38448.3173        -221929.9002       139.8644   -260378.2175   -222566.4519       139.8644          -5473.5666     -1853.2190    921491.4634     -5473.5666     -1853.2190

ENERGY:      72     23727.6571     18857.6814      5706.8665       172.6037        -337528.2064     24038.3798         0.0000         0.0000     42738.3503        -222286.6677       155.4704   -265025.0180   -222525.8449       155.4704          -4315.3027     -1947.4862    921491.4634     -4315.3027     -1947.4862

ENERGY:      73     16493.2847     18282.5326      5736.5768       176.3701        -336410.7710     23875.1232         0.0000         0.0000     48993.3020        -222853.5816       178.2242   -271846.8836   -222501.3402       178.2242          -2196.1794     -1993.4479    921491.4634     -2196.1794     -1993.4479

ENERGY:      74     14920.3255     18445.5881      5765.7962       180.7323        -335459.2337     23754.9617         0.0000         0.0000     49505.8491        -222885.9808       180.0887   -272391.8299   -222496.3763       180.0887           -495.0838     -2003.1168    921491.4634      -495.0838     -2003.1168

ENERGY:      75     19899.6435     19448.4298      5789.8058       185.2404        -335174.0286     23698.7353         0.0000         0.0000     43811.0535        -222341.1205       159.3726   -266152.1739   -222492.3612       159.3726            105.3885     -2013.1492    921491.4634       105.3885     -2013.1492

ENERGY:      76     24088.0853     20909.5964      5804.9698       189.4305        -335690.6754     23665.5789         0.0000         0.0000     39065.9953        -221967.0192       142.1114   -261033.0145   -222445.7223       142.1114            -89.2495     -2070.9252    921491.4634       -89.2495     -2070.9252

ENERGY:      77     22199.2676     22223.0497      5809.9321       192.8995        -336701.6738     23613.9739         0.0000         0.0000     40464.2914        -222198.2596       147.1980   -262662.5510   -222417.3393       147.1980           -599.8259     -2169.1062    921491.4634      -599.8259     -2169.1062

ENERGY:      78     17886.0020     22851.3491      5805.4285       195.2662        -337741.3159     23553.3821         0.0000         0.0000     44753.0527        -222696.8353       162.7993   -267449.8880   -222421.1608       162.7993          -1412.5337     -2278.9367    921491.4634     -1412.5337     -2278.9367

ENERGY:      79     18108.1445     22595.1004      5794.6681       196.2478        -338412.9961     23516.3124         0.0000         0.0000     45459.4052        -222743.1177       165.3688   -268202.5229   -222423.9077       165.3688          -2660.1327     -2353.4764    921491.4634     -2660.1327     -2353.4764

