Charm++: standalone mode (not using charmrun)
Converse/Charm++ Commit ID: v6.4.0-beta1-0-g5776d21
CharmLB> Load balancer assumes all CPUs are same.
Charm++> Running on 1 unique compute nodes (48-way SMP).
Charm++> cpu topology info is gathered in 0.001 seconds.
Info: NAMD 2.9 for Linux-x86_64-multicore
Info: 
Info: Please visit http://www.ks.uiuc.edu/Research/namd/
Info: for updates, documentation, and support information.
Info: 
Info: Please cite Phillips et al., J. Comp. Chem. 26:1781-1802 (2005)
Info: in all publications reporting results obtained with NAMD.
Info: 
Info: Based on Charm++/Converse 60400 for multicore-linux64-iccstatic
Info: Built Mon Apr 30 14:00:48 CDT 2012 by jim on naiad.ks.uiuc.edu
Info: 1 NAMD  2.9  Linux-x86_64-multicore  1    cpunode0-ulam.localdomain  student11
Info: Running on 1 processors, 1 nodes, 1 physical nodes.
Info: CPU topology information available.
Info: Charm++/Converse parallel runtime startup completed at 0.00452805 s
Info: 36.8945 MB of memory in use based on /proc/self/stat
Info: Configuration file is apoa1/apoa1.namd
Info: Changed directory to apoa1
TCL: Suspending until startup complete.
Info: SIMULATION PARAMETERS:
Info: TIMESTEP               1
Info: NUMBER OF STEPS        500
Info: STEPS PER CYCLE        20
Info: PERIODIC CELL BASIS 1  108.861 0 0
Info: PERIODIC CELL BASIS 2  0 108.861 0
Info: PERIODIC CELL BASIS 3  0 0 77.758
Info: PERIODIC CELL CENTER   0 0 0
Info: LOAD BALANCER  Centralized
Info: LOAD BALANCING STRATEGY  New Load Balancers -- DEFAULT
Info: LDB PERIOD             4000 steps
Info: FIRST LDB TIMESTEP     100
Info: LAST LDB TIMESTEP     -1
Info: LDB BACKGROUND SCALING 1
Info: HOM BACKGROUND SCALING 1
Info: PME BACKGROUND SCALING 1
Info: MIN ATOMS PER PATCH    40
Info: INITIAL TEMPERATURE    300
Info: CENTER OF MASS MOVING INITIALLY? NO
Info: DIELECTRIC             1
Info: EXCLUDE                SCALED ONE-FOUR
Info: 1-4 ELECTROSTATICS SCALED BY 1
Info: MODIFIED 1-4 VDW PARAMETERS WILL BE USED
Info: NO DCD TRAJECTORY OUTPUT
Info: NO EXTENDED SYSTEM TRAJECTORY OUTPUT
Info: NO VELOCITY DCD OUTPUT
Info: NO FORCE DCD OUTPUT
Info: OUTPUT FILENAME        /usr/tmp/apoa1-out
Info: BINARY OUTPUT FILES WILL BE USED
Info: NO RESTART FILE
Info: SWITCHING ACTIVE
Info: SWITCHING ON           10
Info: SWITCHING OFF          12
Info: PAIRLIST DISTANCE      13.5
Info: PAIRLIST SHRINK RATE   0.01
Info: PAIRLIST GROW RATE     0.01
Info: PAIRLIST TRIGGER       0.3
Info: PAIRLISTS PER CYCLE    2
Info: PAIRLISTS ENABLED
Info: MARGIN                 0
Info: HYDROGEN GROUP CUTOFF  2.5
Info: PATCH DIMENSION        16
Info: CROSSTERM ENERGY INCLUDED IN DIHEDRAL
Info: TIMING OUTPUT STEPS    20
Info: PARTICLE MESH EWALD (PME) ACTIVE
Info: PME TOLERANCE               1e-06
Info: PME EWALD COEFFICIENT       0.257952
Info: PME INTERPOLATION ORDER     4
Info: PME GRID DIMENSIONS         108 108 80
Info: PME MAXIMUM GRID SPACING    1.5
Info: Attempting to read FFTW data from FFTW_NAMD_2.9_Linux-x86_64-multicore.txt
Info: Optimizing 6 FFT steps.  1... 2... 3... 4... 5... 6...   Done.
Info: Writing FFTW data to FFTW_NAMD_2.9_Linux-x86_64-multicore.txt
Info: FULL ELECTROSTATIC EVALUATION FREQUENCY      4
Info: USING VERLET I (r-RESPA) MTS SCHEME.
Info: C1 SPLITTING OF LONG RANGE ELECTROSTATICS
Info: PLACING ATOMS IN PATCHES BY HYDROGEN GROUPS
Info: RANDOM NUMBER SEED     74269
Info: USE HYDROGEN BONDS?    NO
Info: COORDINATE PDB         apoa1.pdb
Info: STRUCTURE FILE         apoa1.psf
Info: PARAMETER file: XPLOR format! (default) 
Info: PARAMETERS             par_all22_prot_lipid.xplor
Info: PARAMETERS             par_all22_popc.xplor
Info: USING ARITHMETIC MEAN TO COMBINE L-J SIGMA PARAMETERS
Info: SUMMARY OF PARAMETERS:
Info: 177 BONDS
Info: 435 ANGLES
Info: 446 DIHEDRAL
Info: 45 IMPROPER
Info: 0 CROSSTERM
Info: 83 VDW
Info: 6 VDW_PAIRS
Info: 0 NBTHOLE_PAIRS
Info: TIME FOR READING PSF FILE: 0.929055
Info: TIME FOR READING PDB FILE: 0.131587
Info: 
Info: ****************************
Info: STRUCTURE SUMMARY:
Info: 92224 ATOMS
Info: 70660 BONDS
Info: 74136 ANGLES
Info: 74130 DIHEDRALS
Info: 1402 IMPROPERS
Info: 0 CROSSTERMS
Info: 0 EXCLUSIONS
Info: 1568 DIHEDRALS WITH MULTIPLE PERIODICITY (BASED ON PSF FILE)
Info: 276669 DEGREES OF FREEDOM
Info: 32992 HYDROGEN GROUPS
Info: 4 ATOMS IN LARGEST HYDROGEN GROUP
Info: 32992 MIGRATION GROUPS
Info: 4 ATOMS IN LARGEST MIGRATION GROUP
Info: TOTAL MASS = 553785 amu
Info: TOTAL CHARGE = -14 e
Info: MASS DENSITY = 0.997951 g/cm^3
Info: ATOM DENSITY = 0.100081 atoms/A^3
Info: *****************************
Info: 
Info: Entering startup at 1.0897 s, 167.277 MB of memory in use
Info: Startup phase 0 took 0.000181913 s, 167.277 MB of memory in use
Info: Startup phase 1 took 0.0561199 s, 188.242 MB of memory in use
Info: Startup phase 2 took 0.000383139 s, 188.242 MB of memory in use
Info: Startup phase 3 took 7.70092e-05 s, 188.242 MB of memory in use
Info: PATCH GRID IS 6 (PERIODIC) BY 6 (PERIODIC) BY 4 (PERIODIC)
Info: PATCH GRID IS 1-AWAY BY 1-AWAY BY 1-AWAY
Info: REMOVING COM VELOCITY 0.00117959 0.0289175 0.0202933
Info: LARGEST PATCH (56) HAS 718 ATOMS
Info: Startup phase 4 took 0.0261829 s, 206.426 MB of memory in use
Info: PME using 1 and 1 processors for FFT and reciprocal sum.
Info: PME USING 1 GRID NODES AND 1 TRANS NODES
Info: PME GRID LOCATIONS: 0
Info: PME TRANS LOCATIONS: 0
Info: Optimizing 4 FFT steps.  1... 2... 3... 4...   Done.
Info: Startup phase 5 took 0.00278211 s, 210.074 MB of memory in use
Info: Startup phase 6 took 0.000123978 s, 210.074 MB of memory in use
LDB: Central LB being created...
Info: Startup phase 7 took 0.000279903 s, 210.074 MB of memory in use
Info: CREATING 2742 COMPUTE OBJECTS
Info: NONBONDED TABLE R-SQUARED SPACING: 0.0625
Info: NONBONDED TABLE SIZE: 769 POINTS
Info: Startup phase 8 took 0.00857806 s, 212.902 MB of memory in use
Info: Startup phase 9 took 0.00011301 s, 212.902 MB of memory in use
Info: Startup phase 10 took 0.000637054 s, 231.078 MB of memory in use
Info: Finished startup at 1.18516 s, 231.078 MB of memory in use

ETITLE:      TS           BOND          ANGLE          DIHED          IMPRP               ELECT            VDW       BOUNDARY           MISC        KINETIC               TOTAL           TEMP      POTENTIAL         TOTAL3        TEMPAVG            PRESSURE      GPRESSURE         VOLUME       PRESSAVG      GPRESSAVG

ENERGY:       0     12352.4560     14603.1480      4549.0710        48.1064        -362073.7645     24229.5343         0.0000         0.0000     82752.2738        -223539.1751       301.0300   -306291.4488   -223524.8477       301.0300          -2568.6725     -3582.2555    921491.4634     -2568.6725     -3582.2555

ENERGY:       1     18844.4109     15785.9133      4571.2456        53.5350        -361670.8138     24319.4022         0.0000         0.0000     75223.8495        -222872.4574       273.6437   -298096.3068   -223478.1938       273.6437          -3192.4049     -3497.3102    921491.4634     -3192.4049     -3497.3102

ENERGY:       2     29488.6214     18758.6024      4637.0922        69.5538        -360338.7683     24512.0178         0.0000         0.0000     61082.0538        -221790.8269       222.1997   -282872.8807   -223476.2577       222.1997          -4269.6708     -3354.1998    921491.4634     -4269.6708     -3354.1998

ENERGY:       3     29918.6891     22271.8870      4734.9573        94.3383        -358090.2898     24689.8970         0.0000         0.0000     54714.9832        -221665.5379       199.0381   -276380.5211   -223477.2860       199.0381          -4381.8243     -3200.6937    921491.4634     -4381.8243     -3200.6937

ENERGY:       4     19827.4664     25006.8856      4848.8883       125.1325        -355303.8945     24849.5776         0.0000         0.0000     58070.8720        -222575.0720       211.2459   -280645.9441   -223447.0527       211.2459          -3364.1641     -3048.1295    921491.4634     -3364.1641     -3048.1295

ENERGY:       5     13036.3493     26178.7950      4962.9626       158.6498        -352372.2983     25088.6262         0.0000         0.0000     59867.7843        -223079.1312       217.7825   -282946.9155   -223360.7374       217.7825          -2383.2339     -2851.6449    921491.4634     -2383.2339     -2851.6449

ENERGY:       6     18385.4956     25630.3461      5063.5878       191.5051        -349783.2226     25459.6294         0.0000         0.0000     52507.9933        -222544.6652       191.0096   -275052.6585   -223356.7156       191.0096          -2314.8218     -2605.9946    921491.4634     -2314.8218     -2605.9946

ENERGY:       7     27980.6008     23734.7915      5141.9525       220.6179        -347598.0132     25887.6534         0.0000         0.0000     42953.1286        -221679.2686       156.2517   -264632.3972   -223352.8558       156.2517          -2593.7692     -2341.6011    921491.4634     -2593.7692     -2341.6011

ENERGY:       8     28660.4003     21173.3706      5194.4399       243.5491        -345793.3010     26266.0174         0.0000         0.0000     42465.0707        -221790.4529       154.4763   -264255.5236   -223296.4331       154.4763          -2188.9236     -2107.2011    921491.4634     -2188.9236     -2107.2011

ENERGY:       9     20060.8537     18806.4011      5223.1938       258.7496        -344109.9401     26591.7245         0.0000         0.0000     50541.8171        -222627.2004       183.8572   -273169.0175   -223230.8086       183.8572          -1151.0632     -1886.9948    921491.4634     -1151.0632     -1886.9948

ETITLE:      TS           BOND          ANGLE          DIHED          IMPRP               ELECT            VDW       BOUNDARY           MISC        KINETIC               TOTAL           TEMP      POTENTIAL         TOTAL3        TEMPAVG            PRESSURE      GPRESSURE         VOLUME       PRESSAVG      GPRESSAVG

ENERGY:      10     14350.7486     17395.0176      5234.2194       265.4605        -342745.2670     26963.6414         0.0000         0.0000     55373.6415        -223162.5380       201.4341   -278536.1795   -223232.0103       201.4341           -586.8334     -1656.6309    921491.4634      -586.8334     -1656.6309

ENERGY:      11     18841.9141     17384.8949      5236.2376       263.7888        -341713.0264     27435.0793         0.0000         0.0000     49899.6949        -222651.4169       181.5214   -272551.1118   -223231.3828       181.5214          -1087.7150     -1401.1296    921491.4634     -1087.7150     -1401.1296

ENERGY:      12     26285.2529     18611.6925      5237.4073       254.5717        -340969.2133     27945.8074         0.0000         0.0000     40727.6954        -221906.7862       148.1562   -262634.4816   -223172.5614       148.1562          -1887.2026     -1155.3187    921491.4634     -1887.2026     -1155.3187

ENERGY:      13     25810.1550     20340.2226      5243.3633       239.3557        -340247.5482     28408.4744         0.0000         0.0000     38364.5171        -221841.4601       139.5596   -260205.9772   -223110.9488       139.5596          -1878.7367      -948.4511    921491.4634     -1878.7367      -948.4511

ENERGY:      14     18229.5293     21618.1812      5255.0116       219.9345        -339811.4721     28840.3575         0.0000         0.0000     43120.5707        -222527.8873       156.8608   -265648.4580   -223112.7585       156.8608          -1024.8387      -790.0063    921491.4634     -1024.8387      -790.0063

ENERGY:      15     14141.3260     21914.0174      5270.4562       198.4604        -339999.9010     29330.1986         0.0000         0.0000     46274.3874        -222871.0550       168.3335   -269145.4425   -223114.1848       168.3335           -276.1130      -654.0185    921491.4634      -276.1130      -654.0185

ENERGY:      16     18533.5985     21379.4765      5286.3853       177.1317        -341073.7437     29909.1296         0.0000         0.0000     43310.7889        -222477.2332       157.5527   -265788.0221   -223107.6652       157.5527           -215.9503      -534.2016    921491.4634      -215.9503      -534.2016

ENERGY:      17     24285.5816     20685.3758      5300.2791       158.0483        -342718.3074     30497.9364         0.0000         0.0000     39857.6662        -221933.4199       144.9912   -261791.0861   -223067.7881       144.9912           -418.5180      -445.9262    921491.4634      -418.5180      -445.9262

ENERGY:      18     23242.4117     20468.5288      5310.2673       142.6286        -344641.7089     31004.0211         0.0000         0.0000     42309.0085        -222164.8429       153.9085   -264473.8515   -223068.8514       153.9085           -264.8021      -408.6301    921491.4634      -264.8021      -408.6301

ENERGY:      19     18143.9400     20989.5295      5316.6991       131.8194        -346529.5494     31434.4322         0.0000         0.0000     47714.3022        -222798.8269       173.5715   -270513.1291   -223071.3655       173.5715             41.9015      -392.2664    921491.4634        41.9015      -392.2664

LDB: ============= START OF LOAD BALANCING ============== 22.7902
LDB: ============== END OF LOAD BALANCING =============== 22.7904
LDB: =============== DONE WITH MIGRATION ================ 22.7908
TIMING: 20  CPU: 23.5195, 1.07587/step  Wall: 23.5195, 1.07587/step, 0.14345 hours remaining, 402.390625 MB of memory in use.
ETITLE:      TS           BOND          ANGLE          DIHED          IMPRP               ELECT            VDW       BOUNDARY           MISC        KINETIC               TOTAL           TEMP      POTENTIAL         TOTAL3        TEMPAVG            PRESSURE      GPRESSURE         VOLUME       PRESSAVG      GPRESSAVG

ENERGY:      20     17965.5059     22054.9968      5321.8173       125.9640        -348206.1514     31862.6111         0.0000         0.0000     47960.4281        -222914.8282       174.4669   -270875.2563   -223082.7607       174.4669           -133.8115      -346.5459    921491.4634      -133.8115      -346.5459

ENERGY:      21     24039.1423     23261.1505      5329.8150       124.9653        -349366.5696     32291.6370         0.0000         0.0000     42039.3836        -222280.4759       152.9277   -264319.8595   -223063.1337       152.9277           -740.3954      -247.6204    921491.4634      -740.3954      -247.6204

ENERGY:      22     27739.0450     24128.7772      5344.8281       128.0343        -349763.5534     32625.8383         0.0000         0.0000     37948.0934        -221848.9372       138.0447   -259797.0305   -223062.3008       138.0447           -901.2300      -130.9897    921491.4634      -901.2300      -130.9897

ENERGY:      23     23247.6166     24272.4991      5370.4269       134.1642        -349332.6445     32798.0362         0.0000         0.0000     41280.9382        -222228.9633       150.1687   -263509.9015   -223063.4053       150.1687           -121.6533       -27.8473    921491.4634      -121.6533       -27.8473

ENERGY:      24     16511.8017     23459.5972      5407.7262       142.1780        -348420.3086     32880.6042         0.0000         0.0000     47144.4570        -222873.9443       171.4986   -270018.4013   -223056.8662       171.4986            942.5310        70.4533    921491.4634       942.5310        70.4533

ENERGY:      25     16917.9801     21778.2434      5454.8988       151.0023        -347594.2601     32989.6205         0.0000         0.0000     47486.3028        -222816.2122       172.7421   -270302.5150   -223053.2178       172.7421           1272.0518       195.5278    921491.4634      1272.0518       195.5278

ENERGY:      26     23581.2555     19675.3687      5506.8492       159.5877        -347249.8435     33136.3761         0.0000         0.0000     43029.5317        -222160.8745       156.5296   -265190.4062   -223051.5348       156.5296            769.4262       319.1965    921491.4634       769.4262       319.1965

ENERGY:      27     26456.6584     17946.7066      5557.4986       167.2901        -347403.8184     33225.3823         0.0000         0.0000     42147.2259        -221903.0566       153.3200   -264050.2825   -223051.1655       153.3200            220.6603       393.1594    921491.4634       220.6603       393.1594

ENERGY:      28     21041.4522     17329.1339      5601.2360       173.7564        -347813.2805     33197.2135         0.0000         0.0000     47975.5932        -222494.8953       174.5220   -270470.4885   -223001.5672       174.5220             79.1065       399.7476    921491.4634        79.1065       399.7476

ENERGY:      29     15396.3271     18061.9472      5634.3634       178.8635        -348340.9352     33114.0513         0.0000         0.0000     52817.3032        -223138.0796       192.1348   -275955.3828   -223013.8477       192.1348           -116.7881       392.2540    921491.4634      -116.7881       392.2540

ETITLE:      TS           BOND          ANGLE          DIHED          IMPRP               ELECT            VDW       BOUNDARY           MISC        KINETIC               TOTAL           TEMP      POTENTIAL         TOTAL3        TEMPAVG            PRESSURE      GPRESSURE         VOLUME       PRESSAVG      GPRESSAVG

ENERGY:      30     18751.3177     19659.9906      5655.0732       182.5488        -348790.2986     33060.9284         0.0000         0.0000     48617.0317        -222863.4082       176.8554   -271480.4399   -223014.4701       176.8554           -820.6934       415.3193    921491.4634      -820.6934       415.3193

ENERGY:      31     27694.5951     21259.1820      5664.2790       184.9293        -348929.5883     33008.3021         0.0000         0.0000     39136.7131        -221981.5877       142.3686   -261118.3008   -223012.7194       142.3686          -1451.9807       460.8912    921491.4634     -1451.9807       460.8912

ENERGY:      32     30068.2853     22087.7452      5665.1959       186.2529        -348469.1902     32843.5146         0.0000         0.0000     35956.7802        -221661.4160       130.8009   -257618.1962   -222879.6161       130.8009           -898.8255       477.0667    921491.4634      -898.8255       477.0667

ENERGY:      33     21814.4412     21866.1207      5662.7076       186.8472        -347503.8047     32533.7071         0.0000         0.0000     43073.5125        -222366.4684       156.6896   -265439.9809   -222875.1216       156.6896            944.3632       439.8050    921491.4634       944.3632       439.8050

ENERGY:      34     13147.3107     20822.2763      5661.3995       187.1344        -346393.9753     32190.4000         0.0000         0.0000     51261.5112        -223123.9433       186.4753   -274385.4545   -222873.5748       186.4753           2726.2719       368.4769    921491.4634      2726.2719       368.4769

ENERGY:      35     14939.6595     19533.2380      5664.6046       187.4826        -345707.8426     31926.7432         0.0000         0.0000     50536.7217        -222919.3931       183.8387   -273456.1147   -222870.5855       183.8387           3009.1612       277.1950    921491.4634      3009.1612       277.1950

ENERGY:      36     23992.4071     18619.4977      5673.2513       188.1412        -345737.5535     31727.7259         0.0000         0.0000     43465.0626        -222071.4677       158.1140   -265536.5304   -222792.6597       158.1140           1784.3269       140.1452    921491.4634      1784.3269       140.1452

ENERGY:      37     27662.2271     18555.9996      5686.0165       189.1736        -346400.2315     31489.4429         0.0000         0.0000     41035.8277        -221781.5441       149.2771   -262817.3718   -222776.0507       149.2771            189.9686       -80.8845    921491.4634       189.9686       -80.8845

ENERGY:      38     21417.9357     19485.8051      5699.4394       190.5896        -347297.8749     31169.4569         0.0000         0.0000     46867.8922        -222466.7559       170.4925   -269334.6481   -222782.6199       170.4925          -1003.8463      -364.7807    921491.4634     -1003.8463      -364.7807

ENERGY:      39     14905.2240     21194.3324      5709.6116       192.2159        -348062.9362     30838.9348         0.0000         0.0000     52072.4156        -223150.2020       189.4251   -275222.6176   -222787.6443       189.4251          -2066.3975      -633.0732    921491.4634     -2066.3975      -633.0732

TIMING: 40  CPU: 45.0092, 1.07449/step  Wall: 45.0092, 1.07449/step, 0.137295 hours remaining, 403.867188 MB of memory in use.
ETITLE:      TS           BOND          ANGLE          DIHED          IMPRP               ELECT            VDW       BOUNDARY           MISC        KINETIC               TOTAL           TEMP      POTENTIAL         TOTAL3        TEMPAVG            PRESSURE      GPRESSURE         VOLUME       PRESSAVG      GPRESSAVG

ENERGY:      40     18175.3606     23091.9465      5712.9374       193.7351        -348398.4385     30569.2891         0.0000         0.0000     47793.1194        -222862.0504       173.8582   -270655.1698   -222794.4440       173.8582          -3285.9429      -815.4643    921491.4634     -3285.9429      -815.4643

ENERGY:      41     27454.8769     24388.3754      5707.1933       194.7033        -347996.2242     30319.6952         0.0000         0.0000     37998.4750        -221932.9052       138.2280   -259931.3802   -222755.1651       138.2280          -3958.3724      -910.5637    921491.4634     -3958.3724      -910.5637

ENERGY:      42     30245.9365     24360.9624      5691.6440       194.6822        -346664.6375     29990.2515         0.0000         0.0000     34554.7185        -221626.4424       125.7006   -256181.1608   -222751.8059       125.7006          -2976.0493      -957.7117    921491.4634     -2976.0493      -957.7117

ENERGY:      43     22419.9625     22840.1580      5668.3987       193.3183        -344561.3429     29565.6875         0.0000         0.0000     41572.6524        -222301.1654       151.2299   -263873.8179   -222749.5273       151.2299           -409.4029      -982.8641    921491.4634      -409.4029      -982.8641

ENERGY:      44     13688.4095     20366.1988      5642.0670       190.5057        -342301.7066     29147.7409         0.0000         0.0000     50206.1687        -223060.6160       182.6362   -273266.7847   -222789.1129       182.6362           2147.6095      -988.8247    921491.4634      2147.6095      -988.8247

ENERGY:      45     14321.4098     17966.5586      5618.8540       186.4749        -340529.7786     28826.5124         0.0000         0.0000     50723.4105        -222886.5584       184.5178   -273609.9689   -222752.6210       184.5178           3021.8265      -984.7720    921491.4634      3021.8265      -984.7720

ENERGY:      46     21810.6588     16543.1497      5604.0209       181.6747        -339671.2258     28584.9900         0.0000         0.0000     44777.2512        -222169.4806       162.8873   -266946.7318   -222751.4825       162.8873           1989.9577     -1018.5224    921491.4634      1989.9577     -1018.5224

ENERGY:      47     25437.8369     16504.7275      5601.0153       176.7222        -339657.9450     28339.0468         0.0000         0.0000     41682.3531        -221916.2433       151.6289   -263598.5964   -222754.8498       151.6289             54.8288     -1124.4910    921491.4634        54.8288     -1124.4910

ENERGY:      48     21357.5060     17642.4096      5610.4033       172.2811        -340167.0771     28053.2905         0.0000         0.0000     44880.0445        -222451.1420       163.2613   -267331.1865   -222747.8063       163.2613          -1888.5357     -1283.7456    921491.4634     -1888.5357     -1283.7456

ENERGY:      49     16985.3515     19390.5976      5630.3277       169.0122        -340784.2165     27774.0614         0.0000         0.0000     47923.0135        -222911.8526       174.3308   -270834.8660   -222725.3129       174.3308          -3676.9794     -1433.1005    921491.4634     -3676.9794     -1433.1005

ETITLE:      TS           BOND          ANGLE          DIHED          IMPRP               ELECT            VDW       BOUNDARY           MISC        KINETIC               TOTAL           TEMP      POTENTIAL         TOTAL3        TEMPAVG            PRESSURE      GPRESSURE         VOLUME       PRESSAVG      GPRESSAVG

ENERGY:      50     19512.3274     21075.3037      5656.6882       167.3307        -341202.9167     27544.8543         0.0000         0.0000     44585.1127        -222661.2996       162.1884   -267246.4124   -222726.3510       162.1884          -5131.5005     -1515.5729    921491.4634     -5131.5005     -1515.5729

ENERGY:      51     25615.9432     22157.8701      5684.9275       167.4747        -341126.1280     27328.9661         0.0000         0.0000     38129.3339        -222041.6125       138.7040   -260170.9464   -222724.6098       138.7040          -5492.8748     -1521.8809    921491.4634     -5492.8748     -1521.8809

ENERGY:      52     26599.5775     22300.8007      5710.5529       169.4115        -340421.7967     27055.6870         0.0000         0.0000     36644.3526        -221941.4146       133.3021   -258585.7672   -222664.4104       133.3021          -4033.2856     -1479.3806    921491.4634     -4033.2856     -1479.3806

ENERGY:      53     20876.6367     21508.4523      5730.1472       172.8903        -339217.4843     26725.0591         0.0000         0.0000     41780.5339        -222423.7647       151.9861   -264204.2986   -222626.8756       151.9861          -1166.2842     -1403.6007    921491.4634     -1166.2842     -1403.6007

ENERGY:      54     15863.6306     20168.3229      5741.5298       177.3856        -338073.5149     26417.7964         0.0000         0.0000     46874.2686        -222830.5811       170.5157   -269704.8497   -222622.2851       170.5157           1612.1874     -1309.5972    921491.4634      1612.1874     -1309.5972

ENERGY:      55     17325.1625     18996.7298      5745.1676       182.3524        -337579.2204     26194.8264         0.0000         0.0000     46522.3671        -222612.6145       169.2356   -269134.9816   -222618.0514       169.2356           2924.0340     -1225.8966    921491.4634      2924.0340     -1225.8966

ENERGY:      56     21834.7096     18663.5591      5743.6590       187.2691        -338017.4584     26036.1975         0.0000         0.0000     43350.8708        -222201.1934       157.6986   -265552.0642   -222594.3335       157.6986           2523.1282     -1193.8778    921491.4634      2523.1282     -1193.8778

ENERGY:      57     22701.7348     19414.2157      5740.7572       191.7056        -339107.6099     25882.7605         0.0000         0.0000     42990.4500        -222185.9862       156.3874   -265176.4362   -222571.6337       156.3874            977.8010     -1232.6114    921491.4634       977.8010     -1232.6114

ENERGY:      58     19883.4032     20861.6711      5739.1627       195.2453        -340404.3082     25718.1138         0.0000         0.0000     45412.5621        -222594.1501       165.1984   -268006.7122   -222577.8454       165.1984          -1125.6286     -1313.5157    921491.4634     -1125.6286     -1313.5157

ENERGY:      59     19374.3743     22284.0261      5740.2029       197.5683        -341451.8759     25574.1727         0.0000         0.0000     45544.2647        -222737.2668       165.6775   -268281.5315   -222582.7242       165.6775          -3411.1338     -1378.9660    921491.4634     -3411.1338     -1378.9660

TIMING: 60  CPU: 66.4743, 1.07325/step  Wall: 66.4742, 1.07325/step, 0.131175 hours remaining, 404.550781 MB of memory in use.
ETITLE:      TS           BOND          ANGLE          DIHED          IMPRP               ELECT            VDW       BOUNDARY           MISC        KINETIC               TOTAL           TEMP      POTENTIAL         TOTAL3        TEMPAVG            PRESSURE      GPRESSURE         VOLUME       PRESSAVG      GPRESSAVG

ENERGY:      60     23449.5630     23017.6822      5743.3644       198.4364        -341915.2512     25462.3565         0.0000         0.0000     41666.5931        -222377.2556       151.5716   -264043.8487   -222570.6181       151.5716          -5200.1105     -1391.6025    921491.4634     -5200.1105     -1391.6025

ENERGY:      61     26674.7926     22795.6787      5746.9986       197.7625        -341507.2982     25336.2700         0.0000         0.0000     38754.3265        -222001.4692       140.9776   -260755.7958   -222554.3357       140.9776          -5512.1720     -1343.6393    921491.4634     -5512.1720     -1343.6393

ENERGY:      62     23713.3995     21736.8997      5748.3994       195.5102        -340178.4243     25148.9603         0.0000         0.0000     41422.2907        -222212.9644       150.6829   -263635.2551   -222552.0912       150.6829          -3887.3627     -1256.6182    921491.4634     -3887.3627     -1256.6182

ENERGY:      63     17514.2894     20290.2285      5745.1998       191.8568        -338254.7872     24925.5375         0.0000         0.0000     46858.5846        -222729.0906       170.4587   -269587.6752   -222547.7681       170.4587          -1126.2162     -1146.3290    921491.4634     -1126.2162     -1146.3290

ENERGY:      64     15617.7657     18981.2684      5735.7991       187.1747        -336395.9951     24738.7760         0.0000         0.0000     48293.1730        -222842.0381       175.6773   -271135.2111   -222561.4987       175.6773           1265.5618     -1044.2089    921491.4634      1265.5618     -1044.2089

ENERGY:      65     19705.6387     18234.5067      5720.3377       182.0597        -335286.5204     24621.7011         0.0000         0.0000     44429.9444        -222392.3322       161.6239   -266822.2766   -222559.5546       161.6239           2327.6923      -981.2891    921491.4634      2327.6923      -981.2891

ENERGY:      66     23379.3199     18178.8888      5700.6416       177.0884        -335167.4132     24541.0361         0.0000         0.0000     41150.1724        -222040.2660       149.6930   -263190.4384   -222559.7128       149.6930           2143.8304     -1012.9653    921491.4634      2143.8304     -1012.9653

ENERGY:      67     21519.5826     18700.7266      5680.7505       172.8625        -335835.2249     24451.2304         0.0000         0.0000     43013.1051        -222296.9672       156.4699   -265310.0723   -222563.8338       156.4699           1146.4321     -1149.3075    921491.4634      1146.4321     -1149.3075

ENERGY:      68     17680.6163     19473.4214      5665.6119       169.8446        -336816.7451     24355.0772         0.0000         0.0000     46695.1030        -222777.0707       169.8640   -269472.1737   -222563.1960       169.8640           -533.1232     -1350.2483    921491.4634      -533.1232     -1350.2483

ENERGY:      69     18842.4750     20094.5655      5659.7335       168.3399        -337777.7071     24286.5633         0.0000         0.0000     45946.9669        -222779.0629       167.1424   -268726.0298   -222564.0335       167.1424          -2779.5017     -1554.6030    921491.4634     -2779.5017     -1554.6030

ETITLE:      TS           BOND          ANGLE          DIHED          IMPRP               ELECT            VDW       BOUNDARY           MISC        KINETIC               TOTAL           TEMP      POTENTIAL         TOTAL3        TEMPAVG            PRESSURE      GPRESSURE         VOLUME       PRESSAVG      GPRESSAVG

ENERGY:      70     24924.5822     20195.1314      5665.1982       168.3680        -338344.4666     24244.1912         0.0000         0.0000     40895.8147        -222251.1809       148.7677   -263146.9956   -222565.8443       148.7677          -4812.4045     -1724.3818    921491.4634     -4812.4045     -1724.3818

ENERGY:      71     28189.8262     19687.0900      5681.7657       169.8512        -338280.6762     24173.9254         0.0000         0.0000     38448.3173        -221929.9004       139.8644   -260378.2176   -222566.4521       139.8644          -5473.5665     -1853.2190    921491.4634     -5473.5665     -1853.2190

ENERGY:      72     23727.6571     18857.6813      5706.8665       172.6037        -337528.2064     24038.3798         0.0000         0.0000     42738.3502        -222286.6678       155.4704   -265025.0180   -222525.8450       155.4704          -4315.3027     -1947.4862    921491.4634     -4315.3027     -1947.4862

ENERGY:      73     16493.2847     18282.5326      5736.5768       176.3701        -336410.7711     23875.1232         0.0000         0.0000     48993.3019        -222853.5818       178.2242   -271846.8837   -222501.3404       178.2242          -2196.1794     -1993.4479    921491.4634     -2196.1794     -1993.4479

ENERGY:      74     14920.3255     18445.5881      5765.7962       180.7323        -335459.2339     23754.9617         0.0000         0.0000     49505.8491        -222885.9809       180.0887   -272391.8300   -222496.3764       180.0887           -495.0838     -2003.1168    921491.4634      -495.0838     -2003.1168

ENERGY:      75     19899.6434     19448.4298      5789.8058       185.2404        -335174.0288     23698.7353         0.0000         0.0000     43811.0534        -222341.1207       159.3726   -266152.1741   -222492.3614       159.3726            105.3884     -2013.1492    921491.4634       105.3884     -2013.1492

ENERGY:      76     24088.0854     20909.5965      5804.9697       189.4305        -335690.6754     23665.5789         0.0000         0.0000     39065.9953        -221967.0191       142.1114   -261033.0144   -222445.7222       142.1114            -89.2495     -2070.9252    921491.4634       -89.2495     -2070.9252

ENERGY:      77     22199.2677     22223.0498      5809.9321       192.8995        -336701.6738     23613.9739         0.0000         0.0000     40464.2913        -222198.2595       147.1980   -262662.5508   -222417.3392       147.1980           -599.8260     -2169.1062    921491.4634      -599.8260     -2169.1062

ENERGY:      78     17886.0020     22851.3492      5805.4285       195.2662        -337741.3158     23553.3821         0.0000         0.0000     44753.0526        -222696.8352       162.7993   -267449.8878   -222421.1607       162.7993          -1412.5337     -2278.9368    921491.4634     -1412.5337     -2278.9368

ENERGY:      79     18108.1444     22595.1005      5794.6681       196.2478        -338412.9960     23516.3124         0.0000         0.0000     45459.4053        -222743.1176       165.3688   -268202.5228   -222423.9076       165.3688          -2660.1327     -2353.4764    921491.4634     -2660.1327     -2353.4764

TIMING: 80  CPU: 87.9217, 1.07237/step  Wall: 87.9217, 1.07237/step, 0.12511 hours remaining, 405.070312 MB of memory in use.
ETITLE:      TS           BOND          ANGLE          DIHED          IMPRP               ELECT            VDW       BOUNDARY           MISC        KINETIC               TOTAL           TEMP      POTENTIAL         TOTAL3        TEMPAVG            PRESSURE      GPRESSURE         VOLUME       PRESSAVG      GPRESSAVG

ENERGY:      80     23193.1682     21560.0611      5781.8893       195.6591        -338486.0882     23496.1343         0.0000         0.0000     41930.4061        -222328.7700       152.5313   -264259.1761   -222421.6006       152.5313          -3928.2140     -2382.1056    921491.4634     -3928.2140     -2382.1056

ENERGY:      81     26423.0613     20084.9470      5771.1022       193.5009        -337763.9087     23440.7320         0.0000         0.0000     39839.6519        -222010.9133       144.9257   -261850.5652   -222384.6121       144.9257          -4377.6859     -2356.2322    921491.4634     -4377.6859     -2356.2322

ENERGY:      82     23281.9357     18596.7907      5764.2397       189.9463        -336325.0809     23318.6737         0.0000         0.0000     42895.4653        -222278.0296       156.0419   -265173.4949   -222383.3813       156.0419          -3616.8097     -2297.6228    921491.4634     -3616.8097     -2297.6228

ENERGY:      83     17463.4114     17611.3783      5761.4800       185.4557        -334548.5450     23165.5264         0.0000         0.0000     47631.4998        -222729.7934       173.2703   -270361.2932   -222380.8002       173.2703          -2245.6200     -2209.9239    921491.4634     -2245.6200     -2209.9239

ENERGY:      84     15692.0180     17521.7593      5761.2958       180.7102        -333070.6345     23043.3533         0.0000         0.0000     48072.9174        -222798.5804       174.8761   -270871.4979   -222420.9194       174.8761          -1264.6406     -2119.1646    921491.4634     -1264.6406     -2119.1646

ENERGY:      85     19034.4748     18377.7082      5761.3316       176.5397        -332350.3366     22972.2187         0.0000         0.0000     43641.9416        -222386.1219       158.7574   -266028.0635   -222396.4599       158.7574          -1101.4912     -2031.8233    921491.4634     -1101.4912     -2031.8233

ENERGY:      86     22361.2997     19720.3242      5758.5583       173.6091        -332514.8441     22921.5212         0.0000         0.0000     39480.2342        -222099.2975       143.6182   -261579.5317   -222396.4730       143.6182          -1408.4310     -1992.0456    921491.4634     -1408.4310     -1992.0456

ENERGY:      87     21898.5875     20858.8153      5750.7775       172.4431        -333299.4432     22859.7331         0.0000         0.0000     39513.3018        -222245.7848       143.7385   -261759.0866   -222398.3224       143.7385          -1739.2137     -2002.6068    921491.4634     -1739.2137     -2002.6068

ENERGY:      88     19807.2126     21236.1263      5737.2297       173.3188        -334313.4196     22793.0785         0.0000         0.0000     42007.3338        -222559.1199       152.8111   -264566.4538   -222408.9128       152.8111          -2036.3960     -2043.8955    921491.4634     -2036.3960     -2043.8955

ENERGY:      89     20138.2922     20745.5547      5719.3133       176.3160        -335202.8322     22743.6988         0.0000         0.0000     43113.7497        -222565.9075       156.8360   -265679.6572   -222389.0013       156.8360          -2409.8247     -2071.1686    921491.4634     -2409.8247     -2071.1686

ETITLE:      TS           BOND          ANGLE          DIHED          IMPRP               ELECT            VDW       BOUNDARY           MISC        KINETIC               TOTAL           TEMP      POTENTIAL         TOTAL3        TEMPAVG            PRESSURE      GPRESSURE         VOLUME       PRESSAVG      GPRESSAVG

ENERGY:      90     22711.6047     19691.0676      5699.8921       181.1111        -335712.1130     22705.2745         0.0000         0.0000     42377.6759        -222345.4870       154.1583   -264723.1629   -222389.2092       154.1583          -2670.9831     -2080.5818    921491.4634     -2670.9831     -2080.5818

ENERGY:      91     23737.5987     18627.1145      5683.0577       187.2277        -335678.4155     22643.5818         0.0000         0.0000     42539.3830        -222260.4521       154.7466   -264799.8351   -222388.3580       154.7466          -2499.0952     -2078.8098    921491.4634     -2499.0952     -2078.8098

ENERGY:      92     21523.8219     18060.4536      5672.6738       194.0387        -335129.0783     22543.7115         0.0000         0.0000     44665.3079        -222469.0709       162.4801   -267134.3788   -222389.6059       162.4801          -1910.9681     -2078.9076    921491.4634     -1910.9681     -2078.9076

ENERGY:      93     18788.3596     18281.5995      5671.3717       200.9119        -334319.2922     22433.7892         0.0000         0.0000     46311.8833        -222631.3771       168.4699   -268943.2603   -222367.8861       168.4699          -1385.1717     -2068.2565    921491.4634     -1385.1717     -2068.2565

ENERGY:      94     18530.9328     19242.9914      5679.4418       207.1113        -333693.3060     22351.2077         0.0000         0.0000     45144.9170        -222536.7040       164.2248   -267681.6210   -222367.0865       164.2248          -1347.2600     -2063.4575    921491.4634     -1347.2600     -2063.4575

ENERGY:      95     20040.4586     20654.3436      5695.3527       212.0383        -333603.6977     22302.2586         0.0000         0.0000     42387.6996        -222311.5463       154.1948   -264699.2459   -222367.4634       154.1948          -1793.7083     -2083.6407    921491.4634     -1793.7083     -2083.6407

ENERGY:      96     20584.1065     22050.3788      5716.0483       215.1945        -334091.8992     22265.7317         0.0000         0.0000     40970.7076        -222289.7317       149.0402   -263260.4393   -222356.3661       149.0402          -2389.6992     -2142.8256    921491.4634     -2389.6992     -2142.8256

ENERGY:      97     19809.1311     22949.2011      5737.7476       216.2279        -334886.9641     22225.8322         0.0000         0.0000     41505.2397        -222443.5845       150.9847   -263948.8243   -222346.5816       150.9847          -2891.9376     -2214.1666    921491.4634     -2891.9376     -2214.1666

ENERGY:      98     19979.7558     22958.8352      5756.3117       214.8681        -335616.8432     22188.2114         0.0000         0.0000     41993.4226        -222525.4383       152.7605   -264518.8609   -222347.6398       152.7605          -3206.5491     -2272.3421    921491.4634     -3206.5491     -2272.3421

ENERGY:      99     22029.8952     22024.0794      5768.5777       211.0972        -336009.8229     22159.4701         0.0000         0.0000     41425.1769        -222391.5264       150.6934   -263816.7033   -222348.0705       150.6934          -3235.8098     -2296.7688    921491.4634     -3235.8098     -2296.7688

LDB: ============= START OF LOAD BALANCING ============== 108.687
LDB: ============== END OF LOAD BALANCING =============== 108.687
LDB: =============== DONE WITH MIGRATION ================ 108.688
Info: Initial time: 1 CPUs 1.07423 s/step 12.4332 days/ns 405.48 MB memory
TIMING: 100  CPU: 109.427, 1.07525/step  Wall: 109.427, 1.07525/step, 0.119473 hours remaining, 405.480469 MB of memory in use.
ETITLE:      TS           BOND          ANGLE          DIHED          IMPRP               ELECT            VDW       BOUNDARY           MISC        KINETIC               TOTAL           TEMP      POTENTIAL         TOTAL3        TEMPAVG            PRESSURE      GPRESSURE         VOLUME       PRESSAVG      GPRESSAVG

ENERGY:     100     23587.3019     20475.3728      5773.0376       205.1509        -335896.4622     22125.7987         0.0000         0.0000     41455.8051        -222273.9951       150.8048   -263729.8002   -222326.1726       150.8048          -2788.3919     -2294.3880    921491.4634     -2788.3919     -2294.3880

ENERGY:     101     22287.2998     18933.8500      5770.3900       197.5201        -335238.2411     22065.3980         0.0000         0.0000     43590.2957        -222393.4875       158.5695   -265983.7832   -222319.4707       158.5695          -1880.2672     -2262.6846    921491.4634     -1880.2672     -2262.6846

ENERGY:     102     19420.3334     17951.6560      5762.8059       188.8891        -334088.2232     21980.7896         0.0000         0.0000     46153.7219        -222630.0274       167.8946   -268783.7493   -222317.3982       167.8946           -924.5793     -2215.2271    921491.4634      -924.5793     -2215.2271

ENERGY:     103     18429.6588     17794.2510      5753.5002       180.0834        -332765.4444     21898.9792         0.0000         0.0000     46061.5885        -222647.3834       167.5594   -268708.9719   -222315.0115       167.5594           -521.9322     -2162.1475    921491.4634      -521.9322     -2162.1475

ENERGY:     104     20135.5161     18313.1192      5745.4365       171.9705        -331716.6193     21838.6802         0.0000         0.0000     43114.8219        -222397.0749       156.8399   -265511.8968   -222300.0343       156.8399           -904.7452     -2132.5694    921491.4634      -904.7452     -2132.5694

ENERGY:     105     21674.8147     19112.5119      5740.5773       165.3638        -331353.5907     21791.8563         0.0000         0.0000     40663.3131        -222205.1534       147.9220   -262868.4665   -222297.2862       147.9220          -1781.0304     -2140.0925    921491.4634     -1781.0304     -2140.0925

ENERGY:     106     20688.3526     19760.1604      5739.0355       160.9482        -331684.6914     21743.4749         0.0000         0.0000     41270.8908        -222321.8290       150.1322   -263592.7198   -222299.8103       150.1322          -2687.8657     -2192.8738    921491.4634     -2687.8657     -2192.8738

ENERGY:     107     18828.1852     20041.3661      5739.7936       159.1631        -332486.5663     21693.8616         0.0000         0.0000     43452.4231        -222571.7736       158.0680   -266024.1967   -222302.3925       158.0680          -3435.4058     -2264.9715    921491.4634     -3435.4058     -2264.9715

ENERGY:     108     19374.7528     19955.6335      5740.9974       160.1493        -333435.9266     21654.4583         0.0000         0.0000     43952.1728        -222597.7626       159.8859   -266549.9354   -222305.0565       159.8859          -3989.5484     -2325.7046    921491.4634     -3989.5484     -2325.7046

ENERGY:     109     22394.0521     19651.8555      5740.7059       163.7566        -334323.6680     21623.9120         0.0000         0.0000     42380.9037        -222368.4821       154.1701   -264749.3858   -222289.2484       154.1701          -4162.2877     -2354.5142    921491.4634     -4162.2877     -2354.5142

ETITLE:      TS           BOND          ANGLE          DIHED          IMPRP               ELECT            VDW       BOUNDARY           MISC        KINETIC               TOTAL           TEMP      POTENTIAL         TOTAL3        TEMPAVG            PRESSURE      GPRESSURE         VOLUME       PRESSAVG      GPRESSAVG

ENERGY:     110     24310.7311     19315.3191      5736.8740       169.5643        -334907.1601     21583.6717         0.0000         0.0000     41568.0398        -222222.9601       151.2131   -263790.9999   -222288.3779       151.2131          -3608.1961     -2356.1915    921491.4634     -3608.1961     -2356.1915

ENERGY:     111     22660.5935     19186.3867      5728.6091       176.9885        -335028.8260     21518.8536         0.0000         0.0000     43385.4034        -222371.9911       157.8242   -265757.3946   -222286.8997       157.8242          -2331.3775     -2338.2311    921491.4634     -2331.3775     -2338.2311

ENERGY:     112     19381.8198     19463.5169      5716.4074       185.3624        -334677.6371     21440.9490         0.0000         0.0000     45860.8184        -222628.7633       166.8291   -268489.5817   -222302.4567       166.8291           -894.2291     -2309.1963    921491.4634      -894.2291     -2309.1963

ENERGY:     113     18216.1581     20180.8084      5702.4491       194.0323        -334046.4823     21376.2232         0.0000         0.0000     45761.5814        -222615.2299       166.4681   -268376.8113   -222273.7400       166.4681            -55.6423     -2273.8625    921491.4634       -55.6423     -2273.8625

ENERGY:     114     19843.9972     21062.4095      5689.3793       202.2945        -333472.4287     21337.7637         0.0000         0.0000     42964.6870        -222371.8976       156.2937   -265336.5846   -222272.2452       156.2937           -128.5962     -2261.6571    921491.4634      -128.5962     -2261.6571

ENERGY:     115     21448.4485     21679.6562      5680.2429       209.5308        -333239.9679     21316.4508         0.0000         0.0000     40710.1056        -222195.5331       148.0922   -262905.6387   -222272.7006       148.0922           -905.3248     -2296.5621    921491.4634      -905.3248     -2296.5621

ENERGY:     116     20838.2583     21694.4196      5677.2615       215.2237        -333429.0368     21301.4964         0.0000         0.0000     41385.0931        -222317.2842       150.5476   -263702.3773   -222276.5256       150.5476          -2000.5240     -2380.1423    921491.4634     -2000.5240     -2380.1423

ENERGY:     117     19309.7304     21105.1711      5681.4214       219.0426        -333858.2254     21295.0742         0.0000         0.0000     43733.0002        -222514.7853       159.0886   -266247.7856   -222254.7024       159.0886          -3196.9894     -2479.5443    921491.4634     -3196.9894     -2479.5443

ENERGY:     118     19488.7486     20180.1710      5691.5867       220.7069        -334305.8417     21303.6951         0.0000         0.0000     44852.5144        -222568.4189       163.1611   -267420.9334   -222257.5957       163.1611          -4287.8519     -2560.8626    921491.4634     -4287.8519     -2560.8626

ENERGY:     119     21608.8169     19327.4368      5705.7183       220.1523        -334582.5765     21318.6507         0.0000         0.0000     43971.5398        -222430.2616       159.9564   -266401.8015   -222258.7218       159.9564          -4948.0951     -2603.4635    921491.4634     -4948.0951     -2603.4635

LDB: ============= START OF LOAD BALANCING ============== 130.281
LDB: ============== END OF LOAD BALANCING =============== 130.282
LDB: =============== DONE WITH MIGRATION ================ 130.282
TIMING: 120  CPU: 131, 1.07869/step  Wall: 131, 1.07869/step, 0.113861 hours remaining, 405.703125 MB of memory in use.
ETITLE:      TS           BOND          ANGLE          DIHED          IMPRP               ELECT            VDW       BOUNDARY           MISC        KINETIC               TOTAL           TEMP      POTENTIAL         TOTAL3        TEMPAVG            PRESSURE      GPRESSURE         VOLUME       PRESSAVG      GPRESSAVG

ENERGY:     120     23278.7481     18843.5007      5721.1111       217.5091        -334559.3218     21317.8987         0.0000         0.0000     42838.0030        -222342.5511       155.8329   -265180.5541   -222260.9694       155.8329          -4802.3837     -2609.8232    921491.4634     -4802.3837     -2609.8232

ENERGY:     121     22753.8284     18833.9839      5735.1155       213.1885        -334109.3885     21287.1663         0.0000         0.0000     42902.9082        -222383.1977       156.0690   -265286.1059   -222238.8457       156.0690          -3789.7327     -2573.0322    921491.4634     -3789.7327     -2573.0322

ENERGY:     122     20911.3203     19183.7910      5744.9150       207.6394        -333246.0909     21235.0876         0.0000         0.0000     43471.2677        -222492.0699       158.1365   -265963.3376   -222236.2049       158.1365          -2259.2349     -2503.9465    921491.4634     -2259.2349     -2503.9465

ENERGY:     123     19716.6566     19702.2261      5748.9495       201.5075        -332195.6665     21181.3173         0.0000         0.0000     43159.1485        -222485.8611       157.0011   -265645.0095   -222233.3017       157.0011           -827.7757     -2423.1751    921491.4634      -827.7757     -2423.1751

ENERGY:     124     19701.7331     20151.8502      5747.1965       195.4812        -331340.9824     21138.0468         0.0000         0.0000     42008.6528        -222398.0218       152.8159   -264406.6746   -222234.8509       152.8159              8.3516     -2371.2952    921491.4634         8.3516     -2371.2952

ENERGY:     125     19961.8490     20319.7042      5741.5018       190.2907        -331002.3876     21106.9631         0.0000         0.0000     41347.6159        -222334.4628       150.4113   -263682.0787   -222218.5352       150.4113             16.1239     -2370.5228    921491.4634        16.1239     -2370.5228

ENERGY:     126     19913.8782     20060.3740      5734.4100       186.3237        -331257.3388     21089.4918         0.0000         0.0000     41888.6055        -222384.2556       152.3792   -264272.8611   -222220.0404       152.3792           -757.3347     -2430.8872    921491.4634      -757.3347     -2430.8872

ENERGY:     127     20034.1248     19457.5519      5728.8730       183.8512        -331985.2681     21088.4980         0.0000         0.0000     43047.2719        -222445.0973       156.5941   -265492.3692   -222223.2518       156.5941          -2122.5055     -2533.3234    921491.4634     -2122.5055     -2533.3234

ENERGY:     128     20681.9269     18818.3078      5727.0308       182.9174        -332977.2828     21101.0437         0.0000         0.0000     44006.3123        -222459.7439       160.0829   -266466.0562   -222232.5708       160.0829          -3698.9566     -2655.1907    921491.4634     -3698.9566     -2655.1907

ENERGY:     129     21368.2885     18554.7976      5729.8505       183.4688        -333997.8250     21115.0502         0.0000         0.0000     44607.0892        -222439.2802       162.2683   -267046.3695   -222215.2566       162.2683          -4993.9820     -2763.9222    921491.4634     -4993.9820     -2763.9222

ETITLE:      TS           BOND          ANGLE          DIHED          IMPRP               ELECT            VDW       BOUNDARY           MISC        KINETIC               TOTAL           TEMP      POTENTIAL         TOTAL3        TEMPAVG            PRESSURE      GPRESSURE         VOLUME       PRESSAVG      GPRESSAVG

ENERGY:     130     21553.6085     18898.7762      5736.4508       185.0194        -334776.0136     21118.0423         0.0000         0.0000     44811.1496        -222472.9668       163.0106   -267284.1164   -222216.5365       163.0106          -5536.0554     -2842.3153    921491.4634     -5536.0554     -2842.3153

ENERGY:     131     21530.9954     19804.6628      5745.0872       187.0957        -335083.2643     21105.7070         0.0000         0.0000     44221.5102        -222488.2060       160.8657   -266709.7162   -222215.1805       160.8657          -5164.7862     -2872.9597    921491.4634     -5164.7862     -2872.9597

ENERGY:     132     21696.5183     20951.9798      5753.4447       189.2233        -334841.7368     21081.3852         0.0000         0.0000     42732.1265        -222437.0591       155.4477   -265169.1856   -222222.8147       155.4477          -4015.6409     -2856.5553    921491.4634     -4015.6409     -2856.5553

ENERGY:     133     21569.7010     21939.4306      5759.4053       191.1377        -334187.7139     21049.8507         0.0000         0.0000     41346.5713        -222331.6173       150.4075   -263678.1886   -222209.0243       150.4075          -2436.6192     -2806.2333    921491.4634     -2436.6192     -2806.2333

ENERGY:     134     20380.1719     22407.7421      5761.0449       192.4922        -333420.8526     21018.0950         0.0000         0.0000     41320.1608        -222341.1456       150.3114   -263661.3065   -222206.0449       150.3114           -846.9781     -2759.4267    921491.4634      -846.9781     -2759.4267

ENERGY:     135     18735.1493     22221.9400      5757.7067       193.2251        -332860.3442     20999.0423         0.0000         0.0000     42497.1276        -222456.1532       154.5929   -264953.2808   -222204.4871       154.5929            191.9083     -2745.1432    921491.4634       191.9083     -2745.1432

ENERGY:     136     18381.4540     21453.0791      5750.0867       193.4037        -332655.7490     21006.3295         0.0000         0.0000     43348.3540        -222523.0420       157.6894   -265871.3960   -222211.0696       157.6894            198.1850     -2776.3543    921491.4634       198.1850     -2776.3543

ENERGY:     137     19975.5717     20347.8312      5740.3098       193.2572        -332832.5920     21040.1067         0.0000         0.0000     43092.4469        -222443.0686       156.7585   -265535.5154   -222209.8940       156.7585           -927.2503     -2841.0685    921491.4634      -927.2503     -2841.0685

ENERGY:     138     21874.8525     19195.4800      5730.8549       192.8766        -333203.4345     21083.5325         0.0000         0.0000     42784.9639        -222340.8741       155.6399   -265125.8380   -222213.1818       155.6399          -2704.7055     -2927.3525    921491.4634     -2704.7055     -2927.3525

ENERGY:     139     22116.0294     18330.1124      5724.2506       192.4679        -333575.3364     21115.6333         0.0000         0.0000     43705.6790        -222391.1638       158.9892   -266096.8428   -222217.3491       158.9892          -4443.4107     -3015.1528    921491.4634     -4443.4107     -3015.1528

TIMING: 140  CPU: 152.571, 1.07854/step  Wall: 152.571, 1.07854/step, 0.107854 hours remaining, 405.894531 MB of memory in use.
ETITLE:      TS           BOND          ANGLE          DIHED          IMPRP               ELECT            VDW       BOUNDARY           MISC        KINETIC               TOTAL           TEMP      POTENTIAL         TOTAL3        TEMPAVG            PRESSURE      GPRESSURE         VOLUME       PRESSAVG      GPRESSAVG

ENERGY:     140     20992.5974     17997.1577      5722.1741       192.2140        -333726.9440     21127.4061         0.0000         0.0000     45144.2514        -222551.1432       164.2224   -267695.3946   -222224.0361       164.2224          -5617.7626     -3080.3637    921491.4634     -5617.7626     -3080.3637

ENERGY:     141     20605.2146     18251.9195      5725.3083       192.2642        -333525.1322     21120.3061         0.0000         0.0000     45039.8864        -222590.2331       163.8427   -267630.1195   -222215.3920       163.8427          -6017.5037     -3087.0005    921491.4634     -6017.5037     -3087.0005

ENERGY:     142     21702.7399     18860.4299      5732.9228       192.6003        -332879.0279     21093.2715         0.0000         0.0000     42868.0673        -222428.9962       155.9422   -265297.0635   -222213.3920       155.9422          -5532.0375     -3029.5546    921491.4634     -5532.0375     -3029.5546

ENERGY:     143     22457.6179     19468.7637      5743.5741       193.1827        -331957.5932     21040.0378         0.0000         0.0000     40797.9947        -222256.4223       148.4119   -263054.4170   -222209.6223       148.4119          -4179.8277     -2928.5086    921491.4634     -4179.8277     -2928.5086

ENERGY:     144     21007.3339     19787.0058      5755.2165       193.9151        -331097.8401     20965.2216         0.0000         0.0000     41087.3102        -222301.8369       149.4643   -263389.1471   -222194.0945       149.4643          -2265.2409     -2825.3505    921491.4634     -2265.2409     -2825.3505

ENERGY:     145     18390.7601     19760.7603      5765.7577       194.6436        -330692.1929     20892.9234         0.0000         0.0000     43191.0818        -222496.2660       157.1173   -265687.3478   -222180.9596       157.1173           -495.5031     -2742.5240    921491.4634      -495.5031     -2742.5240

ENERGY:     146     17494.3907     19517.0965      5773.0763       195.1974        -330883.4482     20850.7306         0.0000         0.0000     44468.0626        -222584.8941       161.7626   -267052.9567   -222180.0856       161.7626            380.5829     -2698.3696    921491.4634       380.5829     -2698.3696

ENERGY:     147     19349.0817     19284.4053      5776.1298       195.3841        -331633.2798     20843.7953         0.0000         0.0000     43729.9297        -222454.5538       159.0775   -266184.4835   -222180.7860       159.0775             12.4493     -2697.6201    921491.4634        12.4493     -2697.6201

ENERGY:     148     21731.1609     19240.1452      5775.1361       195.0156        -332748.3465     20852.0478         0.0000         0.0000     42647.1433        -222307.6975       155.1386   -264954.8408   -222173.9045       155.1386          -1313.5163     -2742.2255    921491.4634     -1313.5163     -2742.2255

ENERGY:     149     22154.0980     19476.6233      5771.6403       193.9272        -333952.9659     20853.5365         0.0000         0.0000     43165.2620        -222337.8788       157.0234   -265503.1407   -222149.8015       157.0234          -2998.4811     -2814.2281    921491.4634     -2998.4811     -2814.2281

ETITLE:      TS           BOND          ANGLE          DIHED          IMPRP               ELECT            VDW       BOUNDARY           MISC        KINETIC               TOTAL           TEMP      POTENTIAL         TOTAL3        TEMPAVG            PRESSURE      GPRESSURE         VOLUME       PRESSAVG      GPRESSAVG

ENERGY:     150     21015.8990     19956.3835      5767.3089       192.0924        -334899.3757     20845.5772         0.0000         0.0000     44606.5897        -222515.5249       162.2665   -267122.1146   -222153.2670       162.2665          -4472.9373     -2881.9211    921491.4634     -4472.9373     -2881.9211

ENERGY:     151     20656.1099     20586.9276      5763.7530       189.5631        -335303.4340     20835.7248         0.0000         0.0000     44710.6378        -222560.7180       162.6450   -267271.3557   -222155.1384       162.6450          -5407.8405     -2907.6331    921491.4634     -5407.8405     -2907.6331

ENERGY:     152     21757.0222     21203.4202      5761.8055       186.4838        -335072.1086     20820.7502         0.0000         0.0000     42914.6704        -222427.9563       156.1118   -265342.6267   -222175.0515       156.1118          -5552.0270     -2878.0875    921491.4634     -5552.0270     -2878.0875

ENERGY:     153     22396.4536     21618.6021      5761.5688       183.0547        -334307.6859     20787.1625         0.0000         0.0000     41296.2810        -222264.5631       150.2245   -263560.8441   -222152.0204       150.2245          -4765.4776     -2800.4121    921491.4634     -4765.4776     -2800.4121

ENERGY:     154     20952.1343     21640.3345      5761.9239       179.5647        -333344.9135     20735.3660         0.0000         0.0000     41746.1292        -222329.4608       151.8609   -264075.5900   -222148.7915       151.8609          -3178.1875     -2707.3605    921491.4634     -3178.1875     -2707.3605

ENERGY:     155     18734.5492     21249.5938      5761.4992       176.3183        -332564.0955     20691.4724         0.0000         0.0000     43448.4575        -222502.2051       158.0535   -265950.6626   -222145.9854       158.0535          -1408.3065     -2623.9032    921491.4634     -1408.3065     -2623.9032

ENERGY:     156     18312.4485     20599.9072      5758.8570       173.6449        -332218.9148     20684.3830         0.0000         0.0000     44137.5522        -222552.1220       160.5603   -266689.6742   -222166.8049       160.5603           -219.5097     -2571.5313    921491.4634      -219.5097     -2571.5313

ENERGY:     157     20043.0838     19943.2664      5753.0946       171.8900        -332363.0659     20715.7865         0.0000         0.0000     43325.6933        -222410.2512       157.6070   -265735.9445   -222155.5011       157.6070            -38.8544     -2554.7665    921491.4634       -38.8544     -2554.7665

ENERGY:     158     21695.0846     19425.3238      5743.5666       171.3409        -332829.8101     20761.5806         0.0000         0.0000     42713.6820        -222319.2317       155.3806   -265032.9136   -222157.3222       155.3806           -715.5935     -2586.7969    921491.4634      -715.5935     -2586.7969

ENERGY:     159     21695.6534     19084.6409      5730.9315       172.1899        -333376.4005     20800.7930         0.0000         0.0000     43483.6004        -222408.5914       158.1814   -265892.1919   -222160.0971       158.1814          -1882.1012     -2660.7874    921491.4634     -1882.1012     -2660.7874

TIMING: 160  CPU: 173.91, 1.06694/step  Wall: 173.91, 1.06694/step, 0.100767 hours remaining, 406.351562 MB of memory in use.
ETITLE:      TS           BOND          ANGLE          DIHED          IMPRP               ELECT            VDW       BOUNDARY           MISC        KINETIC               TOTAL           TEMP      POTENTIAL         TOTAL3        TEMPAVG            PRESSURE      GPRESSURE         VOLUME       PRESSAVG      GPRESSAVG

ENERGY:     160     21093.2841     18859.3046      5717.0749       174.4916        -333735.9154     20833.5472         0.0000         0.0000     44515.8596        -222542.3535       161.9365   -267058.2131   -222175.6788       161.9365          -3202.8704     -2752.7604    921491.4634     -3202.8704     -2752.7604

ENERGY:     161     21561.6000     18685.5960      5704.9781       178.2042        -333710.7597     20865.7133         0.0000         0.0000     44220.7113        -222493.9568       160.8628   -266714.6680   -222160.9740       160.8628          -4385.1100     -2823.4851    921491.4634     -4385.1100     -2823.4851

ENERGY:     162     22512.8124     18508.1493      5697.2826       183.0024        -333202.6497     20887.8857         0.0000         0.0000     43070.6066        -222342.9106       156.6790   -265413.5172   -222161.4908       156.6790          -5004.1553     -2859.8870    921491.4634     -5004.1553     -2859.8870

ENERGY:     163     21937.9851     18346.8658      5696.1509       188.4544        -332368.8226     20884.6196         0.0000         0.0000     43005.6961        -222309.0506       156.4429   -265314.7468   -222160.7802       156.4429          -4776.8219     -2868.7270    921491.4634     -4776.8219     -2868.7270

ENERGY:     164     19652.8065     18261.0401      5702.5306       194.0206        -331567.4473     20861.9110         0.0000         0.0000     44426.5345        -222468.6040       161.6115   -266895.1385   -222170.9036       161.6115          -3836.1733     -2870.4449    921491.4634     -3836.1733     -2870.4449

ENERGY:     165     18074.0952     18343.8151      5716.1638       199.2019        -331183.0470     20849.6743         0.0000         0.0000     45425.8564        -222574.2403       165.2468   -268000.0966   -222153.1700       165.2468          -2737.5187     -2867.1446    921491.4634     -2737.5187     -2867.1446

ENERGY:     166     18979.7071     18650.1655      5734.9735       203.3281        -331407.1007     20870.8940         0.0000         0.0000     44483.6888        -222484.3437       161.8194   -266968.0325   -222151.2329       161.8194          -1964.3637     -2870.3839    921491.4634     -1964.3637     -2870.3839

ENERGY:     167     21026.8307     19216.2869      5755.9248       205.8794        -332212.1864     20917.6389         0.0000         0.0000     42775.8060        -222313.8197       155.6066   -265089.6257   -222150.5300       155.6066          -1671.2500     -2889.5868    921491.4634     -1671.2500     -2889.5868

ENERGY:     168     21619.4181     19999.6891      5775.3367       206.4584        -333382.4928     20963.4339         0.0000         0.0000     42492.3348        -222325.8219       154.5754   -264818.1567   -222149.7710       154.5754          -1735.9904     -2933.5976    921491.4634     -1735.9904     -2933.5976

ENERGY:     169     20648.4663     20870.4070      5789.9166       204.9287        -334596.5071     20994.5723         0.0000         0.0000     43600.1908        -222488.0254       158.6055   -266088.2162   -222133.5318       158.6055          -2095.8775     -2988.7947    921491.4634     -2095.8775     -2988.7947

ETITLE:      TS           BOND          ANGLE          DIHED          IMPRP               ELECT            VDW       BOUNDARY           MISC        KINETIC               TOTAL           TEMP      POTENTIAL         TOTAL3        TEMPAVG            PRESSURE      GPRESSURE         VOLUME       PRESSAVG      GPRESSAVG

ENERGY:     170     20485.0011     21574.3801      5797.0542       201.1981        -335480.2501     21017.8094         0.0000         0.0000     43834.2687        -222570.5384       159.4570   -266404.8071   -222135.2423       159.4570          -2696.1965     -3030.4960    921491.4634     -2696.1965     -3030.4960

ENERGY:     171     22225.3639     21884.1726      5796.1347       195.5169        -335757.0013     21036.7488         0.0000         0.0000     42205.8537        -222413.2107       153.5333   -264619.0644   -222135.5894       153.5333          -3373.1623     -3035.3577    921491.4634     -3373.1623     -3035.3577

ENERGY:     172     23612.5240     21689.2903      5788.4217       188.3823        -335345.7506     21036.2040         0.0000         0.0000     40787.7255        -222243.2028       148.3745   -263030.9283   -222132.3045       148.3745          -3754.4377     -3004.4812    921491.4634     -3754.4377     -3004.4812

ENERGY:     173     22089.5491     21081.4669      5776.7002       180.5475        -334414.6776     21003.0506         0.0000         0.0000     41986.3985        -222296.9649       152.7350   -264283.3634   -222121.1463       152.7350          -3608.5985     -2944.3813    921491.4634     -3608.5985     -2944.3813

ENERGY:     174     18699.8472     20250.6915      5763.7521       172.7179        -333314.9341     20954.5022         0.0000         0.0000     44924.4953        -222548.9280       163.4230   -267473.4233   -222120.6681       163.4230          -3086.0087     -2871.4630    921491.4634     -3086.0087     -2871.4630

ENERGY:     175     17219.9376     19455.5734      5752.1494       165.6559        -332464.6996     20928.3118         0.0000         0.0000     46291.0144        -222652.0572       168.3940   -268943.0716   -222120.1888       168.3940          -2676.4056     -2794.4451    921491.4634     -2676.4056     -2794.4451

ENERGY:     176     19195.1040     18891.7628      5743.5896       160.0071        -332124.2130     20943.2096         0.0000         0.0000     44722.5119        -222468.0280       162.6882   -267190.5399   -222127.3372       162.6882          -2658.3222     -2727.5043    921491.4634     -2658.3222     -2727.5043

ENERGY:     177     21863.3196     18664.1734      5738.9484       156.2659        -332371.2413     20981.6519         0.0000         0.0000     42714.2623        -222252.6198       155.3827   -264966.8821   -222125.5139       155.3827          -2870.6847     -2681.8089    921491.4634     -2870.6847     -2681.8089

ENERGY:     178     21917.7899     18733.9558      5737.6245       154.5770        -332975.2976     21015.2133         0.0000         0.0000     43101.1544        -222314.9827       156.7902   -265416.1370   -222126.1324       156.7902          -2936.2256     -2665.7682    921491.4634     -2936.2256     -2665.7682

ENERGY:     179     20058.5718     19018.0839      5738.2698       154.9022        -333648.1818     21038.3004         0.0000         0.0000     45070.9164        -222569.1375       163.9556   -267640.0538   -222127.1796       163.9556          -2805.2706     -2668.3444    921491.4634     -2805.2706     -2668.3444

TIMING: 180  CPU: 195.472, 1.07809/step  Wall: 195.472, 1.07809/step, 0.0958303 hours remaining, 406.351562 MB of memory in use.
ETITLE:      TS           BOND          ANGLE          DIHED          IMPRP               ELECT            VDW       BOUNDARY           MISC        KINETIC               TOTAL           TEMP      POTENTIAL         TOTAL3        TEMPAVG            PRESSURE      GPRESSURE         VOLUME       PRESSAVG      GPRESSAVG

ENERGY:     180     19770.2941     19384.7963      5738.8341       156.9935        -334084.3522     21065.2916         0.0000         0.0000     45324.2214        -222643.9212       164.8771   -267968.1426   -222142.6345       164.8771          -2684.8626     -2671.3560    921491.4634     -2684.8626     -2671.3560

ENERGY:     181     22122.8093     19693.8082      5737.3497       160.4696        -334134.1966     21097.1423         0.0000         0.0000     42906.0429        -222416.5746       156.0804   -265322.6175   -222134.4682       156.0804          -2655.0375     -2656.7563    921491.4634     -2655.0375     -2656.7563

ENERGY:     182     23922.3456     19800.0772      5732.0748       164.8150        -333691.2982     21109.5294         0.0000         0.0000     40770.0179        -222192.4384       148.3101   -262962.4563   -222132.7635       148.3101          -2461.5984     -2635.7203    921491.4634     -2461.5984     -2635.7203

ENERGY:     183     22149.3486     19677.1534      5722.7616       169.5349        -332921.8738     21084.4912         0.0000         0.0000     41834.8234        -222283.7608       152.1836   -264118.5842   -222131.2591       152.1836          -1990.8045     -2626.5157    921491.4634     -1990.8045     -2626.5157

ENERGY:     184     18376.8756     19424.9916      5710.5468       174.1844        -332181.9084     21042.4479         0.0000         0.0000     44880.5528        -222572.3092       163.2631   -267452.8620   -222144.6143       163.2631          -1576.6177     -2645.2274    921491.4634     -1576.6177     -2645.2274

ENERGY:     185     16957.7746     19234.6874      5697.7241       178.4155        -331895.6966     21023.9444         0.0000         0.0000     46149.4988        -222653.6519       167.8792   -268803.1507   -222128.1657       167.8792          -1752.9886     -2679.2078    921491.4634     -1752.9886     -2679.2078

ENERGY:     186     19266.0408     19234.9573      5686.4352       181.9571        -332240.0942     21043.7460         0.0000         0.0000     44391.5886        -222435.3692       161.4844   -266826.9578   -222129.2889       161.4844          -2596.4735     -2731.4264    921491.4634     -2596.4735     -2731.4264

ENERGY:     187     22073.2969     19471.4305      5678.7398       184.6336        -333156.1131     21076.9265         0.0000         0.0000     42449.0055        -222222.0802       154.4178   -264671.0857   -222130.9081       154.4178          -3641.8538     -2802.0867    921491.4634     -3641.8538     -2802.0867

ENERGY:     188     22101.1829     19886.6775      5676.0119       186.3502        -334382.7614     21093.9045         0.0000         0.0000     43113.1616        -222325.4728       156.8338   -265438.6344   -222135.3910       156.8338          -4316.2656     -2887.0592    921491.4634     -4316.2656     -2887.0592

ENERGY:     189     20394.2460     20391.8602      5678.8863       187.1154        -335558.5042     21096.5840         0.0000         0.0000     45245.6389        -222564.1734       164.5912   -267809.8122   -222116.4326       164.5912          -4451.6369     -2950.0787    921491.4634     -4451.6369     -2950.0787

ETITLE:      TS           BOND          ANGLE          DIHED          IMPRP               ELECT            VDW       BOUNDARY           MISC        KINETIC               TOTAL           TEMP      POTENTIAL         TOTAL3        TEMPAVG            PRESSURE      GPRESSURE         VOLUME       PRESSAVG      GPRESSAVG

ENERGY:     190     20342.0724     20848.4448      5686.3597       187.0164        -336318.7432     21106.5488         0.0000         0.0000     45533.2635        -222615.0377       165.6375   -268148.3012   -222116.1593       165.6375          -4141.9208     -2962.8210    921491.4634     -4141.9208     -2962.8210

ENERGY:     191     22534.8504     21157.2825      5696.5257       186.2614        -336419.5250     21124.8644         0.0000         0.0000     43330.7337        -222389.0069       157.6253   -265719.7406   -222114.1143       157.6253          -3471.5974     -2915.5481    921491.4634     -3471.5974     -2915.5481

ENERGY:     192     23768.4830     21244.3746      5706.8010       185.1520        -335814.4792     21125.1404         0.0000         0.0000     41560.2538        -222224.2744       151.1848   -263784.5282   -222108.6421       151.1848          -2412.4653     -2830.7903    921491.4634     -2412.4653     -2830.7903

ENERGY:     193     21710.8594     21097.1071      5714.9848       184.0569        -334711.3260     21092.9042         0.0000         0.0000     42578.8350        -222332.5785       154.8901   -264911.4135   -222093.8906       154.8901          -1181.4694     -2735.1546    921491.4634     -1181.4694     -2735.1546

ENERGY:     194     18383.3649     20711.5281      5719.3482       183.2863        -333492.4634     21054.1040         0.0000         0.0000     44867.8137        -222573.0182       163.2168   -267440.8319   -222092.1691       163.2168           -314.8317     -2651.4482    921491.4634      -314.8317     -2651.4482

ENERGY:     195     17581.7013     20169.9815      5719.7968       183.0839        -332603.8312     21048.2209         0.0000         0.0000     45307.7485        -222593.2983       164.8171   -267901.0468   -222091.6064       164.8171           -398.0880     -2592.7756    921491.4634      -398.0880     -2592.7756

ENERGY:     196     19755.8664     19594.9320      5717.4229       183.5644        -332319.6954     21082.8579         0.0000         0.0000     43603.6154        -222381.4364       158.6180   -265985.0518   -222096.3130       158.6180          -1480.5943     -2574.8092    921491.4634     -1480.5943     -2574.8092

ENERGY:     197     21700.3671     19122.7580      5714.1451       184.7200        -332668.2734     21129.4588         0.0000         0.0000     42574.3653        -222242.4590       154.8738   -264816.8243   -222086.7183       154.8738          -3040.7439     -2596.5494    921491.4634     -3040.7439     -2596.5494

ENERGY:     198     21224.0060     18800.3006      5711.3574       186.3640        -333385.5000     21161.1533         0.0000         0.0000     43911.2863        -222391.0324       159.7372   -266302.3187   -222090.4395       159.7372          -4381.6808     -2646.7679    921491.4634     -4381.6808     -2646.7679

ENERGY:     199     20113.4046     18634.4040      5710.3429       188.2374        -334151.8588     21182.1777         0.0000         0.0000     45722.9589        -222600.3333       166.3276   -268323.2922   -222093.2754       166.3276          -5152.2283     -2691.5412    921491.4634     -5152.2283     -2691.5412

LDB: ============= START OF LOAD BALANCING ============== 216.299
LDB: ============== END OF LOAD BALANCING =============== 216.299
LDB: =============== DONE WITH MIGRATION ================ 216.3
Info: Initial time: 1 CPUs 1.07593 s/step 12.4529 days/ns 406.871 MB memory
TIMING: 200  CPU: 217.021, 1.07747/step  Wall: 217.021, 1.07747/step, 0.0897893 hours remaining, 406.871094 MB of memory in use.
ETITLE:      TS           BOND          ANGLE          DIHED          IMPRP               ELECT            VDW       BOUNDARY           MISC        KINETIC               TOTAL           TEMP      POTENTIAL         TOTAL3        TEMPAVG            PRESSURE      GPRESSURE         VOLUME       PRESSAVG      GPRESSAVG

ENERGY:     200     21073.6835     18595.6350      5711.8747       190.0258        -334670.2811     21209.9247         0.0000         0.0000     45319.1601        -222569.9774       164.8586   -267889.1375   -222114.5247       164.8586          -5241.8523     -2703.6813    921491.4634     -5241.8523     -2703.6813

ENERGY:     201     23380.1028     18674.3333      5716.2802       191.4189        -334751.7131     21239.1340         0.0000         0.0000     43222.4694        -222327.9745       157.2315   -265550.4439   -222100.1081       157.2315          -4546.2002     -2661.1900    921491.4634     -4546.2002     -2661.1900

ENERGY:     202     23622.8115     18850.8450      5722.5980       192.1474        -334305.3007     21243.2751         0.0000         0.0000     42432.5587        -222241.0649       154.3580   -264673.6236   -222096.8293       154.3580          -3005.0517     -2588.0014    921491.4634     -3005.0517     -2588.0014

ENERGY:     203     20743.8945     19130.0391      5729.2400       192.0764        -333501.9374     21215.8254         0.0000         0.0000     44059.6985        -222431.1636       160.2771   -266490.8622   -222093.6429       160.2771          -1046.8257     -2512.4435    921491.4634     -1046.8257     -2512.4435

ENERGY:     204     17862.6125     19486.9557      5734.1463       191.2124        -332722.2203     21188.8402         0.0000         0.0000     45629.4718        -222628.9813       165.9875   -268258.4531   -222116.7005       165.9875            452.9931     -2462.2930    921491.4634       452.9931     -2462.2930

ENERGY:     205     18189.0793     19868.9415      5735.7153       189.6741        -332398.2555     21197.9186         0.0000         0.0000     44690.7147        -222526.2121       162.5725   -267216.9267   -222099.8064       162.5725            731.8532     -2447.6354    921491.4634       731.8532     -2447.6354

ENERGY:     206     20668.8905     20170.9986      5732.9811       187.6404        -332716.3438     21241.8391         0.0000         0.0000     42439.0582        -222274.9360       154.3816   -264713.9942   -222100.3401       154.3816           -230.6572     -2488.2938    921491.4634      -230.6572     -2488.2938

ENERGY:     207     21693.8034     20338.2890      5726.5434       185.3060        -333603.9795     21289.9001         0.0000         0.0000     42143.6912        -222226.4463       153.3072   -264370.1375   -222103.0936       153.3072          -1896.3481     -2585.9683    921491.4634     -1896.3481     -2585.9683

ENERGY:     208     20293.2702     20371.8902      5718.1572       182.8654        -334789.2381     21322.2410         0.0000         0.0000     44428.6270        -222472.1871       161.6191   -266900.8141   -222122.6320       161.6191          -3669.0644     -2719.7953    921491.4634     -3669.0644     -2719.7953

ENERGY:     209     19428.8169     20325.0057      5710.3389       180.5135        -335910.2416     21349.5044         0.0000         0.0000     46273.6801        -222642.3821       168.3309   -268916.0622   -222106.7906       168.3309          -5197.7273     -2836.6307    921491.4634     -5197.7273     -2836.6307

ETITLE:      TS           BOND          ANGLE          DIHED          IMPRP               ELECT            VDW       BOUNDARY           MISC        KINETIC               TOTAL           TEMP      POTENTIAL         TOTAL3        TEMPAVG            PRESSURE      GPRESSURE         VOLUME       PRESSAVG      GPRESSAVG

ENERGY:     210     21385.1733     20194.2567      5705.3139       178.4614        -336615.7770     21385.1096         0.0000         0.0000     45251.4334        -222516.0287       164.6123   -267767.4621   -222108.2021       164.6123          -6091.3661     -2896.2628    921491.4634     -6091.3661     -2896.2628

ENERGY:     211     24099.1927     19985.8630      5704.9373       176.9105        -336667.8928     21415.1477         0.0000         0.0000     43031.7284        -222254.1134       156.5376   -265285.8418   -222106.8547       156.5376          -5900.2975     -2885.1011    921491.4634     -5900.2975     -2885.1011

ENERGY:     212     23739.2708     19730.8221      5710.0295       176.0352        -336013.6225     21412.5983         0.0000         0.0000     42995.1638        -222249.7028       156.4046   -265244.8665   -222104.2320       156.4046          -4424.1000     -2820.3210    921491.4634     -4424.1000     -2820.3210

ENERGY:     213     20150.2159     19524.5247      5720.1722       175.9508        -334874.6442     21380.5552         0.0000         0.0000     45418.7805        -222504.4448       165.2210   -267923.2254   -222097.3836       165.2210          -2174.3116     -2725.0840    921491.4634     -2174.3116     -2725.0840

ENERGY:     214     17315.5529     19421.7447      5733.3059       176.6827        -333645.3936     21358.4485         0.0000         0.0000     46958.4702        -222681.1886       170.8220   -269639.6588   -222093.7409       170.8220           -143.6685     -2626.0578    921491.4634      -143.6685     -2626.0578

ENERGY:     215     18210.5057     19441.9742      5746.5772       178.1492        -332787.3323     21379.5596         0.0000         0.0000     45302.6744        -222527.8918       164.7987   -267830.5662   -222091.0449       164.7987            784.0013     -2554.0367    921491.4634       784.0013     -2554.0367

ENERGY:     216     20973.4720     19522.5060      5756.9571       180.1770        -332560.1065     21436.4836         0.0000         0.0000     42442.1786        -222248.3322       154.3930   -264690.5108   -222073.6160       154.3930            420.9898     -2541.5430    921491.4634       420.9898     -2541.5430

