Charm++: standalone mode (not using charmrun)
Converse/Charm++ Commit ID: v6.4.0-beta1-0-g5776d21
CharmLB> Load balancer assumes all CPUs are same.
Charm++> Running on 1 unique compute nodes (48-way SMP).
Charm++> cpu topology info is gathered in 0.001 seconds.
Info: NAMD 2.9 for Linux-x86_64-multicore
Info: 
Info: Please visit http://www.ks.uiuc.edu/Research/namd/
Info: for updates, documentation, and support information.
Info: 
Info: Please cite Phillips et al., J. Comp. Chem. 26:1781-1802 (2005)
Info: in all publications reporting results obtained with NAMD.
Info: 
Info: Based on Charm++/Converse 60400 for multicore-linux64-iccstatic
Info: Built Mon Apr 30 14:00:48 CDT 2012 by jim on naiad.ks.uiuc.edu
Info: 1 NAMD  2.9  Linux-x86_64-multicore  12    cpunode0-ulam.localdomain  student11
Info: Running on 12 processors, 1 nodes, 1 physical nodes.
Info: CPU topology information available.
Info: Charm++/Converse parallel runtime startup completed at 0.0126278 s
Info: 850.957 MB of memory in use based on /proc/self/stat
Info: Configuration file is apoa1/apoa1.namd
Info: Changed directory to apoa1
TCL: Suspending until startup complete.
Info: SIMULATION PARAMETERS:
Info: TIMESTEP               1
Info: NUMBER OF STEPS        500
Info: STEPS PER CYCLE        20
Info: PERIODIC CELL BASIS 1  108.861 0 0
Info: PERIODIC CELL BASIS 2  0 108.861 0
Info: PERIODIC CELL BASIS 3  0 0 77.758
Info: PERIODIC CELL CENTER   0 0 0
Info: LOAD BALANCER  Centralized
Info: LOAD BALANCING STRATEGY  New Load Balancers -- DEFAULT
Info: LDB PERIOD             4000 steps
Info: FIRST LDB TIMESTEP     100
Info: LAST LDB TIMESTEP     -1
Info: LDB BACKGROUND SCALING 1
Info: HOM BACKGROUND SCALING 1
Info: PME BACKGROUND SCALING 1
Info: MIN ATOMS PER PATCH    40
Info: INITIAL TEMPERATURE    300
Info: CENTER OF MASS MOVING INITIALLY? NO
Info: DIELECTRIC             1
Info: EXCLUDE                SCALED ONE-FOUR
Info: 1-4 ELECTROSTATICS SCALED BY 1
Info: MODIFIED 1-4 VDW PARAMETERS WILL BE USED
Info: NO DCD TRAJECTORY OUTPUT
Info: NO EXTENDED SYSTEM TRAJECTORY OUTPUT
Info: NO VELOCITY DCD OUTPUT
Info: NO FORCE DCD OUTPUT
Info: OUTPUT FILENAME        /usr/tmp/apoa1-out
Info: BINARY OUTPUT FILES WILL BE USED
Info: NO RESTART FILE
Info: SWITCHING ACTIVE
Info: SWITCHING ON           10
Info: SWITCHING OFF          12
Info: PAIRLIST DISTANCE      13.5
Info: PAIRLIST SHRINK RATE   0.01
Info: PAIRLIST GROW RATE     0.01
Info: PAIRLIST TRIGGER       0.3
Info: PAIRLISTS PER CYCLE    2
Info: PAIRLISTS ENABLED
Info: MARGIN                 0
Info: HYDROGEN GROUP CUTOFF  2.5
Info: PATCH DIMENSION        16
Info: CROSSTERM ENERGY INCLUDED IN DIHEDRAL
Info: TIMING OUTPUT STEPS    20
Info: PARTICLE MESH EWALD (PME) ACTIVE
Info: PME TOLERANCE               1e-06
Info: PME EWALD COEFFICIENT       0.257952
Info: PME INTERPOLATION ORDER     4
Info: PME GRID DIMENSIONS         108 108 80
Info: PME MAXIMUM GRID SPACING    1.5
Info: Attempting to read FFTW data from FFTW_NAMD_2.9_Linux-x86_64-multicore.txt
Info: Optimizing 6 FFT steps.  1... 2... 3... 4... 5... 6...   Done.
Info: Writing FFTW data to FFTW_NAMD_2.9_Linux-x86_64-multicore.txt
Info: FULL ELECTROSTATIC EVALUATION FREQUENCY      4
Info: USING VERLET I (r-RESPA) MTS SCHEME.
Info: C1 SPLITTING OF LONG RANGE ELECTROSTATICS
Info: PLACING ATOMS IN PATCHES BY HYDROGEN GROUPS
Info: RANDOM NUMBER SEED     74269
Info: USE HYDROGEN BONDS?    NO
Info: COORDINATE PDB         apoa1.pdb
Info: STRUCTURE FILE         apoa1.psf
Info: PARAMETER file: XPLOR format! (default) 
Info: PARAMETERS             par_all22_prot_lipid.xplor
Info: PARAMETERS             par_all22_popc.xplor
Info: USING ARITHMETIC MEAN TO COMBINE L-J SIGMA PARAMETERS
Info: SUMMARY OF PARAMETERS:
Info: 177 BONDS
Info: 435 ANGLES
Info: 446 DIHEDRAL
Info: 45 IMPROPER
Info: 0 CROSSTERM
Info: 83 VDW
Info: 6 VDW_PAIRS
Info: 0 NBTHOLE_PAIRS
Info: TIME FOR READING PSF FILE: 0.921627
Info: TIME FOR READING PDB FILE: 0.134514
Info: 
Info: ****************************
Info: STRUCTURE SUMMARY:
Info: 92224 ATOMS
Info: 70660 BONDS
Info: 74136 ANGLES
Info: 74130 DIHEDRALS
Info: 1402 IMPROPERS
Info: 0 CROSSTERMS
Info: 0 EXCLUSIONS
Info: 1568 DIHEDRALS WITH MULTIPLE PERIODICITY (BASED ON PSF FILE)
Info: 276669 DEGREES OF FREEDOM
Info: 32992 HYDROGEN GROUPS
Info: 4 ATOMS IN LARGEST HYDROGEN GROUP
Info: 32992 MIGRATION GROUPS
Info: 4 ATOMS IN LARGEST MIGRATION GROUP
Info: TOTAL MASS = 553785 amu
Info: TOTAL CHARGE = -14 e
Info: MASS DENSITY = 0.997951 g/cm^3
Info: ATOM DENSITY = 0.100081 atoms/A^3
Info: *****************************
Info: 
Info: Entering startup at 1.09545 s, 981.34 MB of memory in use
Info: Startup phase 0 took 0.000190973 s, 981.34 MB of memory in use
Info: Startup phase 1 took 0.0554521 s, 1002.3 MB of memory in use
Info: Startup phase 2 took 0.00103807 s, 1002.3 MB of memory in use
Info: Startup phase 3 took 0.000110865 s, 1002.3 MB of memory in use
Info: PATCH GRID IS 6 (PERIODIC) BY 6 (PERIODIC) BY 4 (PERIODIC)
Info: PATCH GRID IS 1-AWAY BY 1-AWAY BY 1-AWAY
Info: REMOVING COM VELOCITY 0.00117959 0.0289175 0.0202933
Info: LARGEST PATCH (56) HAS 718 ATOMS
Info: Startup phase 4 took 0.0255651 s, 1020.49 MB of memory in use
Info: PME using 12 and 12 processors for FFT and reciprocal sum.
Info: PME USING 1 GRID NODES AND 1 TRANS NODES
Info: PME GRID LOCATIONS: 0 1 2 3 4 5 6 7 8 9 ...
Info: PME TRANS LOCATIONS: 0 1 2 3 4 5 6 7 8 9 ...
Info: Optimizing 4 FFT steps.  1... 2... 3... 4...   Done.
Info: Startup phase 5 took 0.00230598 s, 1020.49 MB of memory in use
Info: Startup phase 6 took 0.00209904 s, 1020.49 MB of memory in use
LDB: Central LB being created...
Info: Startup phase 7 took 0.00198483 s, 1020.49 MB of memory in use
Info: CREATING 2808 COMPUTE OBJECTS
Info: NONBONDED TABLE R-SQUARED SPACING: 0.0625
Info: NONBONDED TABLE SIZE: 769 POINTS
Info: useSync: 1 useProxySync: 0
Info: Startup phase 8 took 0.018959 s, 1020.49 MB of memory in use
Info: Startup phase 9 took 0.000252008 s, 1020.49 MB of memory in use
Info: Startup phase 10 took 0.000251055 s, 1020.49 MB of memory in use
Info: Finished startup at 1.20366 s, 1020.49 MB of memory in use

ETITLE:      TS           BOND          ANGLE          DIHED          IMPRP               ELECT            VDW       BOUNDARY           MISC        KINETIC               TOTAL           TEMP      POTENTIAL         TOTAL3        TEMPAVG            PRESSURE      GPRESSURE         VOLUME       PRESSAVG      GPRESSAVG

ENERGY:       0     12352.4560     14603.1480      4549.0710        48.1064        -362073.7645     24229.5343         0.0000         0.0000     82752.2738        -223539.1751       301.0300   -306291.4489   -223524.8477       301.0300          -2568.6725     -3582.2555    921491.4634     -2568.6725     -3582.2555

ENERGY:       1     18844.4109     15785.9133      4571.2456        53.5350        -361670.8139     24319.4022         0.0000         0.0000     75223.8495        -222872.4574       273.6437   -298096.3069   -223478.1939       273.6437          -3192.4049     -3497.3102    921491.4634     -3192.4049     -3497.3102

ENERGY:       2     29488.6214     18758.6024      4637.0922        69.5538        -360338.7683     24512.0178         0.0000         0.0000     61082.0538        -221790.8269       222.1997   -282872.8807   -223476.2578       222.1997          -4269.6708     -3354.1998    921491.4634     -4269.6708     -3354.1998

ENERGY:       3     29918.6891     22271.8869      4734.9573        94.3383        -358090.2899     24689.8970         0.0000         0.0000     54714.9832        -221665.5380       199.0381   -276380.5212   -223477.2861       199.0381          -4381.8243     -3200.6937    921491.4634     -4381.8243     -3200.6937

ENERGY:       4     19827.4664     25006.8856      4848.8883       125.1325        -355303.8941     24849.5776         0.0000         0.0000     58070.8721        -222575.0717       211.2459   -280645.9437   -223447.0523       211.2459          -3364.1640     -3048.1295    921491.4634     -3364.1640     -3048.1295

ENERGY:       5     13036.3493     26178.7949      4962.9626       158.6498        -352372.2979     25088.6262         0.0000         0.0000     59867.7844        -223079.1307       217.7825   -282946.9151   -223360.7370       217.7825          -2383.2338     -2851.6449    921491.4634     -2383.2338     -2851.6449

ENERGY:       6     18385.4956     25630.3461      5063.5878       191.5051        -349783.2222     25459.6294         0.0000         0.0000     52507.9934        -222544.6647       191.0096   -275052.6581   -223356.7151       191.0096          -2314.8218     -2605.9946    921491.4634     -2314.8218     -2605.9946

ENERGY:       7     27980.6008     23734.7915      5141.9525       220.6179        -347598.0129     25887.6534         0.0000         0.0000     42953.1287        -221679.2682       156.2517   -264632.3968   -223352.8553       156.2517          -2593.7691     -2341.6010    921491.4634     -2593.7691     -2341.6010

ENERGY:       8     28660.4004     21173.3706      5194.4399       243.5491        -345793.3009     26266.0174         0.0000         0.0000     42465.0708        -221790.4527       154.4763   -264255.5235   -223296.4329       154.4763          -2188.9236     -2107.2011    921491.4634     -2188.9236     -2107.2011

ENERGY:       9     20060.8538     18806.4012      5223.1938       258.7496        -344109.9401     26591.7245         0.0000         0.0000     50541.8172        -222627.2002       183.8572   -273169.0174   -223230.8084       183.8572          -1151.0633     -1886.9948    921491.4634     -1151.0633     -1886.9948

ETITLE:      TS           BOND          ANGLE          DIHED          IMPRP               ELECT            VDW       BOUNDARY           MISC        KINETIC               TOTAL           TEMP      POTENTIAL         TOTAL3        TEMPAVG            PRESSURE      GPRESSURE         VOLUME       PRESSAVG      GPRESSAVG

ENERGY:      10     14350.7486     17395.0176      5234.2194       265.4605        -342745.2670     26963.6414         0.0000         0.0000     55373.6416        -223162.5379       201.4341   -278536.1794   -223232.0101       201.4341           -586.8334     -1656.6309    921491.4634      -586.8334     -1656.6309

ENERGY:      11     18841.9141     17384.8949      5236.2376       263.7888        -341713.0264     27435.0793         0.0000         0.0000     49899.6950        -222651.4167       181.5214   -272551.1117   -223231.3826       181.5214          -1087.7151     -1401.1296    921491.4634     -1087.7151     -1401.1296

ENERGY:      12     26285.2529     18611.6925      5237.4073       254.5717        -340969.2134     27945.8074         0.0000         0.0000     40727.6955        -221906.7861       148.1562   -262634.4816   -223172.5613       148.1562          -1887.2027     -1155.3187    921491.4634     -1887.2027     -1155.3187

ENERGY:      13     25810.1550     20340.2227      5243.3633       239.3557        -340247.5482     28408.4744         0.0000         0.0000     38364.5171        -221841.4600       139.5596   -260205.9772   -223110.9487       139.5596          -1878.7366      -948.4511    921491.4634     -1878.7366      -948.4511

ENERGY:      14     18229.5293     21618.1812      5255.0116       219.9345        -339811.4721     28840.3575         0.0000         0.0000     43120.5707        -222527.8872       156.8608   -265648.4580   -223112.7584       156.8608          -1024.8386      -790.0063    921491.4634     -1024.8386      -790.0063

ENERGY:      15     14141.3260     21914.0174      5270.4562       198.4604        -339999.9010     29330.1986         0.0000         0.0000     46274.3875        -222871.0550       168.3335   -269145.4424   -223114.1847       168.3335           -276.1129      -654.0185    921491.4634      -276.1129      -654.0185

ENERGY:      16     18533.5984     21379.4766      5286.3853       177.1317        -341073.7437     29909.1296         0.0000         0.0000     43310.7889        -222477.2333       157.5527   -265788.0221   -223107.6653       157.5527           -215.9503      -534.2016    921491.4634      -215.9503      -534.2016

ENERGY:      17     24285.5816     20685.3758      5300.2791       158.0483        -342718.3075     30497.9364         0.0000         0.0000     39857.6662        -221933.4200       144.9912   -261791.0862   -223067.7882       144.9912           -418.5180      -445.9262    921491.4634      -418.5180      -445.9262

ENERGY:      18     23242.4117     20468.5288      5310.2673       142.6286        -344641.7089     31004.0211         0.0000         0.0000     42309.0085        -222164.8430       153.9085   -264473.8515   -223068.8515       153.9085           -264.8020      -408.6301    921491.4634      -264.8020      -408.6301

ENERGY:      19     18143.9401     20989.5295      5316.6991       131.8194        -346529.5495     31434.4322         0.0000         0.0000     47714.3022        -222798.8270       173.5715   -270513.1291   -223071.3656       173.5715             41.9014      -392.2664    921491.4634        41.9014      -392.2664

LDB: ============= START OF LOAD BALANCING ============== 3.23681
LDB: ============== END OF LOAD BALANCING =============== 3.23722
Info: useSync: 1 useProxySync: 0
LDB: =============== DONE WITH MIGRATION ================ 3.23773
TIMING: 20  CPU: 2.22767, 0.0978796/step  Wall: 2.22767, 0.0978796/step, 0.0130506 hours remaining, 1039.871094 MB of memory in use.
ETITLE:      TS           BOND          ANGLE          DIHED          IMPRP               ELECT            VDW       BOUNDARY           MISC        KINETIC               TOTAL           TEMP      POTENTIAL         TOTAL3        TEMPAVG            PRESSURE      GPRESSURE         VOLUME       PRESSAVG      GPRESSAVG

ENERGY:      20     17965.5059     22054.9968      5321.8173       125.9640        -348206.1515     31862.6111         0.0000         0.0000     47960.4281        -222914.8282       174.4669   -270875.2564   -223082.7607       174.4669           -133.8116      -346.5459    921491.4634      -133.8116      -346.5459

ENERGY:      21     24039.1423     23261.1504      5329.8150       124.9653        -349366.5697     32291.6370         0.0000         0.0000     42039.3836        -222280.4759       152.9277   -264319.8596   -223063.1337       152.9277           -740.3954      -247.6204    921491.4634      -740.3954      -247.6204

ENERGY:      22     27739.0450     24128.7771      5344.8281       128.0343        -349763.5535     32625.8383         0.0000         0.0000     37948.0934        -221848.9372       138.0447   -259797.0306   -223062.3008       138.0447           -901.2300      -130.9897    921491.4634      -901.2300      -130.9897

ENERGY:      23     23247.6166     24272.4991      5370.4269       134.1642        -349332.6445     32798.0362         0.0000         0.0000     41280.9382        -222228.9633       150.1687   -263509.9016   -223063.4053       150.1687           -121.6533       -27.8473    921491.4634      -121.6533       -27.8473

ENERGY:      24     16511.8017     23459.5972      5407.7262       142.1779        -348420.3086     32880.6042         0.0000         0.0000     47144.4570        -222873.9443       171.4986   -270018.4013   -223056.8662       171.4986            942.5310        70.4533    921491.4634       942.5310        70.4533

ENERGY:      25     16917.9801     21778.2434      5454.8988       151.0023        -347594.2601     32989.6205         0.0000         0.0000     47486.3029        -222816.2122       172.7421   -270302.5151   -223053.2178       172.7421           1272.0518       195.5278    921491.4634      1272.0518       195.5278

ENERGY:      26     23581.2555     19675.3687      5506.8492       159.5877        -347249.8435     33136.3761         0.0000         0.0000     43029.5317        -222160.8745       156.5296   -265190.4063   -223051.5348       156.5296            769.4262       319.1965    921491.4634       769.4262       319.1965

ENERGY:      27     26456.6584     17946.7066      5557.4986       167.2901        -347403.8185     33225.3823         0.0000         0.0000     42147.2259        -221903.0566       153.3200   -264050.2825   -223051.1655       153.3200            220.6604       393.1594    921491.4634       220.6604       393.1594

ENERGY:      28     21041.4523     17329.1340      5601.2360       173.7564        -347813.2806     33197.2135         0.0000         0.0000     47975.5932        -222494.8953       174.5220   -270470.4886   -223001.5672       174.5220             79.1065       399.7476    921491.4634        79.1065       399.7476

ENERGY:      29     15396.3271     18061.9472      5634.3634       178.8635        -348340.9354     33114.0513         0.0000         0.0000     52817.3032        -223138.0797       192.1348   -275955.3829   -223013.8478       192.1348           -116.7882       392.2540    921491.4634      -116.7882       392.2540

ETITLE:      TS           BOND          ANGLE          DIHED          IMPRP               ELECT            VDW       BOUNDARY           MISC        KINETIC               TOTAL           TEMP      POTENTIAL         TOTAL3        TEMPAVG            PRESSURE      GPRESSURE         VOLUME       PRESSAVG      GPRESSAVG

ENERGY:      30     18751.3178     19659.9907      5655.0732       182.5488        -348790.2989     33060.9284         0.0000         0.0000     48617.0318        -222863.4083       176.8554   -271480.4401   -223014.4702       176.8554           -820.6935       415.3192    921491.4634      -820.6935       415.3192

ENERGY:      31     27694.5952     21259.1820      5664.2790       184.9293        -348929.5885     33008.3021         0.0000         0.0000     39136.7132        -221981.5877       142.3686   -261118.3009   -223012.7194       142.3686          -1451.9808       460.8912    921491.4634     -1451.9808       460.8912

ENERGY:      32     30068.2854     22087.7452      5665.1959       186.2529        -348469.1900     32843.5146         0.0000         0.0000     35956.7802        -221661.4157       130.8009   -257618.1960   -222879.6158       130.8009           -898.8256       477.0667    921491.4634      -898.8256       477.0667

ENERGY:      33     21814.4413     21866.1208      5662.7076       186.8472        -347503.8045     32533.7071         0.0000         0.0000     43073.5125        -222366.4680       156.6896   -265439.9806   -222875.1213       156.6896            944.3632       439.8050    921491.4634       944.3632       439.8050

ENERGY:      34     13147.3107     20822.2764      5661.3994       187.1344        -346393.9750     32190.4000         0.0000         0.0000     51261.5112        -223123.9430       186.4753   -274385.4541   -222873.5744       186.4753           2726.2719       368.4769    921491.4634      2726.2719       368.4769

ENERGY:      35     14939.6595     19533.2380      5664.6046       187.4826        -345707.8423     31926.7432         0.0000         0.0000     50536.7217        -222919.3927       183.8387   -273456.1144   -222870.5852       183.8387           3009.1612       277.1950    921491.4634      3009.1612       277.1950

ENERGY:      36     23992.4071     18619.4977      5673.2513       188.1412        -345737.5534     31727.7259         0.0000         0.0000     43465.0626        -222071.4676       158.1140   -265536.5303   -222792.6596       158.1140           1784.3270       140.1452    921491.4634      1784.3270       140.1452

ENERGY:      37     27662.2271     18555.9996      5686.0165       189.1736        -346400.2314     31489.4429         0.0000         0.0000     41035.8277        -221781.5440       149.2771   -262817.3717   -222776.0505       149.2771            189.9686       -80.8844    921491.4634       189.9686       -80.8844

ENERGY:      38     21417.9357     19485.8051      5699.4394       190.5896        -347297.8748     31169.4569         0.0000         0.0000     46867.8922        -222466.7558       170.4925   -269334.6480   -222782.6198       170.4925          -1003.8463      -364.7807    921491.4634     -1003.8463      -364.7807

ENERGY:      39     14905.2240     21194.3323      5709.6116       192.2159        -348062.9361     30838.9348         0.0000         0.0000     52072.4156        -223150.2019       189.4251   -275222.6175   -222787.6442       189.4251          -2066.3975      -633.0732    921491.4634     -2066.3975      -633.0732

TIMING: 40  CPU: 4.17548, 0.0973907/step  Wall: 4.17548, 0.0973907/step, 0.0124444 hours remaining, 1040.140625 MB of memory in use.
ETITLE:      TS           BOND          ANGLE          DIHED          IMPRP               ELECT            VDW       BOUNDARY           MISC        KINETIC               TOTAL           TEMP      POTENTIAL         TOTAL3        TEMPAVG            PRESSURE      GPRESSURE         VOLUME       PRESSAVG      GPRESSAVG

ENERGY:      40     18175.3607     23091.9464      5712.9374       193.7351        -348398.4385     30569.2891         0.0000         0.0000     47793.1194        -222862.0503       173.8582   -270655.1698   -222794.4439       173.8582          -3285.9429      -815.4642    921491.4634     -3285.9429      -815.4642

ENERGY:      41     27454.8769     24388.3753      5707.1933       194.7033        -347996.2242     30319.6952         0.0000         0.0000     37998.4751        -221932.9051       138.2280   -259931.3802   -222755.1651       138.2280          -3958.3724      -910.5637    921491.4634     -3958.3724      -910.5637

ENERGY:      42     30245.9365     24360.9623      5691.6440       194.6822        -346664.6375     29990.2515         0.0000         0.0000     34554.7185        -221626.4423       125.7006   -256181.1608   -222751.8059       125.7006          -2976.0493      -957.7116    921491.4634     -2976.0493      -957.7116

ENERGY:      43     22419.9626     22840.1580      5668.3987       193.3183        -344561.3429     29565.6875         0.0000         0.0000     41572.6524        -222301.1654       151.2299   -263873.8178   -222749.5272       151.2299           -409.4029      -982.8641    921491.4634      -409.4029      -982.8641

ENERGY:      44     13688.4095     20366.1988      5642.0670       190.5057        -342301.7065     29147.7409         0.0000         0.0000     50206.1687        -223060.6159       182.6362   -273266.7846   -222789.1128       182.6362           2147.6095      -988.8247    921491.4634      2147.6095      -988.8247

ENERGY:      45     14321.4098     17966.5587      5618.8540       186.4749        -340529.7786     28826.5124         0.0000         0.0000     50723.4105        -222886.5583       184.5178   -273609.9688   -222752.6209       184.5178           3021.8266      -984.7720    921491.4634      3021.8266      -984.7720

ENERGY:      46     21810.6587     16543.1497      5604.0209       181.6747        -339671.2258     28584.9900         0.0000         0.0000     44777.2512        -222169.4805       162.8873   -266946.7317   -222751.4824       162.8873           1989.9578     -1018.5224    921491.4634      1989.9578     -1018.5224

ENERGY:      47     25437.8369     16504.7275      5601.0153       176.7222        -339657.9450     28339.0468         0.0000         0.0000     41682.3532        -221916.2432       151.6289   -263598.5964   -222754.8497       151.6289             54.8289     -1124.4910    921491.4634        54.8289     -1124.4910

ENERGY:      48     21357.5061     17642.4097      5610.4033       172.2811        -340167.0773     28053.2905         0.0000         0.0000     44880.0446        -222451.1420       163.2613   -267331.1866   -222747.8063       163.2613          -1888.5357     -1283.7456    921491.4634     -1888.5357     -1283.7456

ENERGY:      49     16985.3516     19390.5977      5630.3277       169.0122        -340784.2166     27774.0614         0.0000         0.0000     47923.0135        -222911.8526       174.3308   -270834.8661   -222725.3129       174.3308          -3676.9794     -1433.1005    921491.4634     -3676.9794     -1433.1005

ETITLE:      TS           BOND          ANGLE          DIHED          IMPRP               ELECT            VDW       BOUNDARY           MISC        KINETIC               TOTAL           TEMP      POTENTIAL         TOTAL3        TEMPAVG            PRESSURE      GPRESSURE         VOLUME       PRESSAVG      GPRESSAVG

ENERGY:      50     19512.3275     21075.3037      5656.6882       167.3307        -341202.9169     27544.8543         0.0000         0.0000     44585.1127        -222661.2997       162.1884   -267246.4124   -222726.3511       162.1884          -5131.5006     -1515.5730    921491.4634     -5131.5006     -1515.5730

