Charm++: standalone mode (not using charmrun)
Converse/Charm++ Commit ID: v6.4.0-beta1-0-g5776d21
CharmLB> Load balancer assumes all CPUs are same.
Charm++> Running on 1 unique compute nodes (48-way SMP).
Charm++> cpu topology info is gathered in 0.001 seconds.
Info: NAMD 2.9 for Linux-x86_64-multicore
Info: 
Info: Please visit http://www.ks.uiuc.edu/Research/namd/
Info: for updates, documentation, and support information.
Info: 
Info: Please cite Phillips et al., J. Comp. Chem. 26:1781-1802 (2005)
Info: in all publications reporting results obtained with NAMD.
Info: 
Info: Based on Charm++/Converse 60400 for multicore-linux64-iccstatic
Info: Built Mon Apr 30 14:00:48 CDT 2012 by jim on naiad.ks.uiuc.edu
Info: 1 NAMD  2.9  Linux-x86_64-multicore  8    cpunode0-ulam.localdomain  student11
Info: Running on 8 processors, 1 nodes, 1 physical nodes.
Info: CPU topology information available.
Info: Charm++/Converse parallel runtime startup completed at 0.0105619 s
Info: 554.934 MB of memory in use based on /proc/self/stat
Info: Configuration file is apoa1/apoa1.namd
Info: Changed directory to apoa1
TCL: Suspending until startup complete.
Info: SIMULATION PARAMETERS:
Info: TIMESTEP               1
Info: NUMBER OF STEPS        500
Info: STEPS PER CYCLE        20
Info: PERIODIC CELL BASIS 1  108.861 0 0
Info: PERIODIC CELL BASIS 2  0 108.861 0
Info: PERIODIC CELL BASIS 3  0 0 77.758
Info: PERIODIC CELL CENTER   0 0 0
Info: LOAD BALANCER  Centralized
Info: LOAD BALANCING STRATEGY  New Load Balancers -- DEFAULT
Info: LDB PERIOD             4000 steps
Info: FIRST LDB TIMESTEP     100
Info: LAST LDB TIMESTEP     -1
Info: LDB BACKGROUND SCALING 1
Info: HOM BACKGROUND SCALING 1
Info: PME BACKGROUND SCALING 1
Info: MIN ATOMS PER PATCH    40
Info: INITIAL TEMPERATURE    300
Info: CENTER OF MASS MOVING INITIALLY? NO
Info: DIELECTRIC             1
Info: EXCLUDE                SCALED ONE-FOUR
Info: 1-4 ELECTROSTATICS SCALED BY 1
Info: MODIFIED 1-4 VDW PARAMETERS WILL BE USED
Info: NO DCD TRAJECTORY OUTPUT
Info: NO EXTENDED SYSTEM TRAJECTORY OUTPUT
Info: NO VELOCITY DCD OUTPUT
Info: NO FORCE DCD OUTPUT
Info: OUTPUT FILENAME        /usr/tmp/apoa1-out
Info: BINARY OUTPUT FILES WILL BE USED
Info: NO RESTART FILE
Info: SWITCHING ACTIVE
Info: SWITCHING ON           10
Info: SWITCHING OFF          12
Info: PAIRLIST DISTANCE      13.5
Info: PAIRLIST SHRINK RATE   0.01
Info: PAIRLIST GROW RATE     0.01
Info: PAIRLIST TRIGGER       0.3
Info: PAIRLISTS PER CYCLE    2
Info: PAIRLISTS ENABLED
Info: MARGIN                 0
Info: HYDROGEN GROUP CUTOFF  2.5
Info: PATCH DIMENSION        16
Info: CROSSTERM ENERGY INCLUDED IN DIHEDRAL
Info: TIMING OUTPUT STEPS    20
Info: PARTICLE MESH EWALD (PME) ACTIVE
Info: PME TOLERANCE               1e-06
Info: PME EWALD COEFFICIENT       0.257952
Info: PME INTERPOLATION ORDER     4
Info: PME GRID DIMENSIONS         108 108 80
Info: PME MAXIMUM GRID SPACING    1.5
Info: Attempting to read FFTW data from FFTW_NAMD_2.9_Linux-x86_64-multicore.txt
Info: Optimizing 6 FFT steps.  1... 2... 3... 4... 5... 6...   Done.
Info: Writing FFTW data to FFTW_NAMD_2.9_Linux-x86_64-multicore.txt
Info: FULL ELECTROSTATIC EVALUATION FREQUENCY      4
Info: USING VERLET I (r-RESPA) MTS SCHEME.
Info: C1 SPLITTING OF LONG RANGE ELECTROSTATICS
Info: PLACING ATOMS IN PATCHES BY HYDROGEN GROUPS
Info: RANDOM NUMBER SEED     74269
Info: USE HYDROGEN BONDS?    NO
Info: COORDINATE PDB         apoa1.pdb
Info: STRUCTURE FILE         apoa1.psf
Info: PARAMETER file: XPLOR format! (default) 
Info: PARAMETERS             par_all22_prot_lipid.xplor
Info: PARAMETERS             par_all22_popc.xplor
Info: USING ARITHMETIC MEAN TO COMBINE L-J SIGMA PARAMETERS
Info: SUMMARY OF PARAMETERS:
Info: 177 BONDS
Info: 435 ANGLES
Info: 446 DIHEDRAL
Info: 45 IMPROPER
Info: 0 CROSSTERM
Info: 83 VDW
Info: 6 VDW_PAIRS
Info: 0 NBTHOLE_PAIRS
Info: TIME FOR READING PSF FILE: 0.938485
Info: TIME FOR READING PDB FILE: 0.130748
Info: 
Info: ****************************
Info: STRUCTURE SUMMARY:
Info: 92224 ATOMS
Info: 70660 BONDS
Info: 74136 ANGLES
Info: 74130 DIHEDRALS
Info: 1402 IMPROPERS
Info: 0 CROSSTERMS
Info: 0 EXCLUSIONS
Info: 1568 DIHEDRALS WITH MULTIPLE PERIODICITY (BASED ON PSF FILE)
Info: 276669 DEGREES OF FREEDOM
Info: 32992 HYDROGEN GROUPS
Info: 4 ATOMS IN LARGEST HYDROGEN GROUP
Info: 32992 MIGRATION GROUPS
Info: 4 ATOMS IN LARGEST MIGRATION GROUP
Info: TOTAL MASS = 553785 amu
Info: TOTAL CHARGE = -14 e
Info: MASS DENSITY = 0.997951 g/cm^3
Info: ATOM DENSITY = 0.100081 atoms/A^3
Info: *****************************
Info: 
Info: Entering startup at 1.10429 s, 685.316 MB of memory in use
Info: Startup phase 0 took 0.000179052 s, 685.316 MB of memory in use
Info: Startup phase 1 took 0.0557549 s, 706.281 MB of memory in use
Info: Startup phase 2 took 0.000838041 s, 706.281 MB of memory in use
Info: Startup phase 3 took 0.000108004 s, 706.281 MB of memory in use
Info: PATCH GRID IS 6 (PERIODIC) BY 6 (PERIODIC) BY 4 (PERIODIC)
Info: PATCH GRID IS 1-AWAY BY 1-AWAY BY 1-AWAY
Info: REMOVING COM VELOCITY 0.00117959 0.0289175 0.0202933
Info: LARGEST PATCH (56) HAS 718 ATOMS
Info: Startup phase 4 took 0.026237 s, 724.27 MB of memory in use
Info: PME using 8 and 8 processors for FFT and reciprocal sum.
Info: PME USING 1 GRID NODES AND 1 TRANS NODES
Info: PME GRID LOCATIONS: 0 1 2 3 4 5 6 7
Info: PME TRANS LOCATIONS: 0 1 2 3 4 5 6 7
Info: Optimizing 4 FFT steps.  1... 2... 3... 4...   Done.
Info: Startup phase 5 took 0.00208807 s, 724.27 MB of memory in use
Info: Startup phase 6 took 0.0019269 s, 724.27 MB of memory in use
LDB: Central LB being created...
Info: Startup phase 7 took 0.00163007 s, 724.27 MB of memory in use
Info: CREATING 2784 COMPUTE OBJECTS
Info: NONBONDED TABLE R-SQUARED SPACING: 0.0625
Info: NONBONDED TABLE SIZE: 769 POINTS
Info: useSync: 1 useProxySync: 0
Info: Startup phase 8 took 0.017555 s, 724.27 MB of memory in use
Info: Startup phase 9 took 0.000187874 s, 724.27 MB of memory in use
Info: Startup phase 10 took 0.000370026 s, 724.742 MB of memory in use
Info: Finished startup at 1.21117 s, 724.742 MB of memory in use

ETITLE:      TS           BOND          ANGLE          DIHED          IMPRP               ELECT            VDW       BOUNDARY           MISC        KINETIC               TOTAL           TEMP      POTENTIAL         TOTAL3        TEMPAVG            PRESSURE      GPRESSURE         VOLUME       PRESSAVG      GPRESSAVG

ENERGY:       0     12352.4560     14603.1480      4549.0710        48.1064        -362073.7644     24229.5343         0.0000         0.0000     82752.2738        -223539.1750       301.0300   -306291.4487   -223524.8476       301.0300          -2568.6725     -3582.2555    921491.4634     -2568.6725     -3582.2555

ENERGY:       1     18844.4109     15785.9133      4571.2456        53.5350        -361670.8138     24319.4022         0.0000         0.0000     75223.8495        -222872.4573       273.6437   -298096.3068   -223478.1937       273.6437          -3192.4049     -3497.3102    921491.4634     -3192.4049     -3497.3102

ENERGY:       2     29488.6214     18758.6024      4637.0922        69.5538        -360338.7682     24512.0178         0.0000         0.0000     61082.0538        -221790.8268       222.1997   -282872.8806   -223476.2576       222.1997          -4269.6708     -3354.1998    921491.4634     -4269.6708     -3354.1998

ENERGY:       3     29918.6891     22271.8870      4734.9573        94.3383        -358090.2898     24689.8970         0.0000         0.0000     54714.9832        -221665.5378       199.0381   -276380.5211   -223477.2859       199.0381          -4381.8243     -3200.6937    921491.4634     -4381.8243     -3200.6937

ENERGY:       4     19827.4664     25006.8856      4848.8883       125.1325        -355303.8943     24849.5776         0.0000         0.0000     58070.8721        -222575.0718       211.2459   -280645.9439   -223447.0524       211.2459          -3364.1641     -3048.1295    921491.4634     -3364.1641     -3048.1295

ENERGY:       5     13036.3493     26178.7950      4962.9626       158.6498        -352372.2981     25088.6262         0.0000         0.0000     59867.7844        -223079.1309       217.7825   -282946.9153   -223360.7371       217.7825          -2383.2339     -2851.6449    921491.4634     -2383.2339     -2851.6449

ENERGY:       6     18385.4957     25630.3462      5063.5878       191.5051        -349783.2224     25459.6294         0.0000         0.0000     52507.9934        -222544.6649       191.0096   -275052.6582   -223356.7153       191.0096          -2314.8218     -2605.9946    921491.4634     -2314.8218     -2605.9946

ENERGY:       7     27980.6008     23734.7915      5141.9525       220.6179        -347598.0131     25887.6534         0.0000         0.0000     42953.1287        -221679.2683       156.2517   -264632.3970   -223352.8555       156.2517          -2593.7692     -2341.6011    921491.4634     -2593.7692     -2341.6011

ENERGY:       8     28660.4004     21173.3706      5194.4399       243.5491        -345793.3009     26266.0174         0.0000         0.0000     42465.0707        -221790.4527       154.4763   -264255.5235   -223296.4329       154.4763          -2188.9236     -2107.2011    921491.4634     -2188.9236     -2107.2011

ENERGY:       9     20060.8537     18806.4012      5223.1938       258.7496        -344109.9401     26591.7245         0.0000         0.0000     50541.8172        -222627.2002       183.8572   -273169.0174   -223230.8084       183.8572          -1151.0632     -1886.9948    921491.4634     -1151.0632     -1886.9948

ETITLE:      TS           BOND          ANGLE          DIHED          IMPRP               ELECT            VDW       BOUNDARY           MISC        KINETIC               TOTAL           TEMP      POTENTIAL         TOTAL3        TEMPAVG            PRESSURE      GPRESSURE         VOLUME       PRESSAVG      GPRESSAVG

ENERGY:      10     14350.7486     17395.0176      5234.2194       265.4605        -342745.2669     26963.6414         0.0000         0.0000     55373.6415        -223162.5379       201.4341   -278536.1794   -223232.0101       201.4341           -586.8334     -1656.6309    921491.4634      -586.8334     -1656.6309

ENERGY:      11     18841.9141     17384.8949      5236.2376       263.7888        -341713.0264     27435.0793         0.0000         0.0000     49899.6950        -222651.4167       181.5214   -272551.1117   -223231.3826       181.5214          -1087.7150     -1401.1296    921491.4634     -1087.7150     -1401.1296

ENERGY:      12     26285.2529     18611.6925      5237.4073       254.5717        -340969.2133     27945.8074         0.0000         0.0000     40727.6955        -221906.7862       148.1562   -262634.4816   -223172.5614       148.1562          -1887.2026     -1155.3187    921491.4634     -1887.2026     -1155.3187

ENERGY:      13     25810.1550     20340.2227      5243.3633       239.3557        -340247.5483     28408.4744         0.0000         0.0000     38364.5171        -221841.4601       139.5596   -260205.9772   -223110.9488       139.5596          -1878.7366      -948.4511    921491.4634     -1878.7366      -948.4511

ENERGY:      14     18229.5293     21618.1812      5255.0116       219.9345        -339811.4722     28840.3575         0.0000         0.0000     43120.5707        -222527.8873       156.8608   -265648.4580   -223112.7585       156.8608          -1024.8387      -790.0063    921491.4634     -1024.8387      -790.0063

ENERGY:      15     14141.3260     21914.0174      5270.4562       198.4604        -339999.9010     29330.1986         0.0000         0.0000     46274.3875        -222871.0550       168.3335   -269145.4425   -223114.1848       168.3335           -276.1130      -654.0185    921491.4634      -276.1130      -654.0185

ENERGY:      16     18533.5985     21379.4765      5286.3853       177.1317        -341073.7437     29909.1296         0.0000         0.0000     43310.7889        -222477.2332       157.5527   -265788.0220   -223107.6652       157.5527           -215.9503      -534.2015    921491.4634      -215.9503      -534.2015

ENERGY:      17     24285.5816     20685.3758      5300.2791       158.0483        -342718.3074     30497.9364         0.0000         0.0000     39857.6662        -221933.4199       144.9912   -261791.0861   -223067.7881       144.9912           -418.5180      -445.9262    921491.4634      -418.5180      -445.9262

ENERGY:      18     23242.4117     20468.5287      5310.2673       142.6286        -344641.7088     31004.0211         0.0000         0.0000     42309.0085        -222164.8429       153.9085   -264473.8515   -223068.8514       153.9085           -264.8020      -408.6301    921491.4634      -264.8020      -408.6301

ENERGY:      19     18143.9400     20989.5295      5316.6991       131.8194        -346529.5493     31434.4322         0.0000         0.0000     47714.3022        -222798.8269       173.5715   -270513.1291   -223071.3655       173.5715             41.9015      -392.2664    921491.4634        41.9015      -392.2664

LDB: ============= START OF LOAD BALANCING ============== 4.14167
LDB: ============== END OF LOAD BALANCING =============== 4.14202
Info: useSync: 1 useProxySync: 0
LDB: =============== DONE WITH MIGRATION ================ 4.14244
TIMING: 20  CPU: 3.20184, 0.143301/step  Wall: 3.20184, 0.143301/step, 0.0191068 hours remaining, 755.210938 MB of memory in use.
ETITLE:      TS           BOND          ANGLE          DIHED          IMPRP               ELECT            VDW       BOUNDARY           MISC        KINETIC               TOTAL           TEMP      POTENTIAL         TOTAL3        TEMPAVG            PRESSURE      GPRESSURE         VOLUME       PRESSAVG      GPRESSAVG

ENERGY:      20     17965.5059     22054.9968      5321.8173       125.9640        -348206.1515     31862.6111         0.0000         0.0000     47960.4282        -222914.8283       174.4669   -270875.2565   -223082.7607       174.4669           -133.8115      -346.5459    921491.4634      -133.8115      -346.5459

ENERGY:      21     24039.1423     23261.1504      5329.8150       124.9653        -349366.5697     32291.6370         0.0000         0.0000     42039.3837        -222280.4760       152.9277   -264319.8596   -223063.1338       152.9277           -740.3954      -247.6204    921491.4634      -740.3954      -247.6204

ENERGY:      22     27739.0451     24128.7771      5344.8281       128.0343        -349763.5536     32625.8383         0.0000         0.0000     37948.0934        -221848.9373       138.0447   -259797.0307   -223062.3009       138.0447           -901.2300      -130.9897    921491.4634      -901.2300      -130.9897

ENERGY:      23     23247.6166     24272.4991      5370.4269       134.1642        -349332.6447     32798.0362         0.0000         0.0000     41280.9382        -222228.9634       150.1687   -263509.9016   -223063.4053       150.1687           -121.6534       -27.8474    921491.4634      -121.6534       -27.8474

ENERGY:      24     16511.8017     23459.5972      5407.7262       142.1780        -348420.3088     32880.6042         0.0000         0.0000     47144.4571        -222873.9443       171.4986   -270018.4014   -223056.8662       171.4986            942.5309        70.4533    921491.4634       942.5309        70.4533

ENERGY:      25     16917.9802     21778.2434      5454.8988       151.0023        -347594.2603     32989.6205         0.0000         0.0000     47486.3029        -222816.2123       172.7421   -270302.5152   -223053.2179       172.7421           1272.0517       195.5278    921491.4634      1272.0517       195.5278

ENERGY:      26     23581.2556     19675.3688      5506.8492       159.5877        -347249.8437     33136.3761         0.0000         0.0000     43029.5318        -222160.8746       156.5296   -265190.4063   -223051.5348       156.5296            769.4262       319.1965    921491.4634       769.4262       319.1965

ENERGY:      27     26456.6585     17946.7067      5557.4986       167.2901        -347403.8186     33225.3823         0.0000         0.0000     42147.2259        -221903.0567       153.3200   -264050.2826   -223051.1656       153.3200            220.6603       393.1594    921491.4634       220.6603       393.1594

ENERGY:      28     21041.4522     17329.1340      5601.2360       173.7564        -347813.2806     33197.2135         0.0000         0.0000     47975.5933        -222494.8952       174.5220   -270470.4885   -223001.5671       174.5220             79.1065       399.7476    921491.4634        79.1065       399.7476

ENERGY:      29     15396.3271     18061.9473      5634.3634       178.8635        -348340.9353     33114.0513         0.0000         0.0000     52817.3033        -223138.0796       192.1348   -275955.3829   -223013.8477       192.1348           -116.7881       392.2540    921491.4634      -116.7881       392.2540

ETITLE:      TS           BOND          ANGLE          DIHED          IMPRP               ELECT            VDW       BOUNDARY           MISC        KINETIC               TOTAL           TEMP      POTENTIAL         TOTAL3        TEMPAVG            PRESSURE      GPRESSURE         VOLUME       PRESSAVG      GPRESSAVG

ENERGY:      30     18751.3177     19659.9907      5655.0732       182.5488        -348790.2987     33060.9284         0.0000         0.0000     48617.0318        -222863.4082       176.8554   -271480.4400   -223014.4701       176.8554           -820.6934       415.3192    921491.4634      -820.6934       415.3192

ENERGY:      31     27694.5952     21259.1820      5664.2790       184.9293        -348929.5884     33008.3021         0.0000         0.0000     39136.7132        -221981.5876       142.3686   -261118.3008   -223012.7193       142.3686          -1451.9807       460.8912    921491.4634     -1451.9807       460.8912

