Charm++: standalone mode (not using charmrun)
Converse/Charm++ Commit ID: v6.4.0-beta1-0-g5776d21
CharmLB> Load balancer assumes all CPUs are same.
Charm++> Running on 1 unique compute nodes (48-way SMP).
Charm++> cpu topology info is gathered in 0.001 seconds.
Info: NAMD 2.9 for Linux-x86_64-multicore
Info: 
Info: Please visit http://www.ks.uiuc.edu/Research/namd/
Info: for updates, documentation, and support information.
Info: 
Info: Please cite Phillips et al., J. Comp. Chem. 26:1781-1802 (2005)
Info: in all publications reporting results obtained with NAMD.
Info: 
Info: Based on Charm++/Converse 60400 for multicore-linux64-iccstatic
Info: Built Mon Apr 30 14:00:48 CDT 2012 by jim on naiad.ks.uiuc.edu
Info: 1 NAMD  2.9  Linux-x86_64-multicore  11    cpunode0-ulam.localdomain  student11
Info: Running on 11 processors, 1 nodes, 1 physical nodes.
Info: CPU topology information available.
Info: Charm++/Converse parallel runtime startup completed at 0.0127752 s
Info: 776.953 MB of memory in use based on /proc/self/stat
Info: Configuration file is apoa1/apoa1.namd
Info: Changed directory to apoa1
TCL: Suspending until startup complete.
Info: SIMULATION PARAMETERS:
Info: TIMESTEP               1
Info: NUMBER OF STEPS        500
Info: STEPS PER CYCLE        20
Info: PERIODIC CELL BASIS 1  108.861 0 0
Info: PERIODIC CELL BASIS 2  0 108.861 0
Info: PERIODIC CELL BASIS 3  0 0 77.758
Info: PERIODIC CELL CENTER   0 0 0
Info: LOAD BALANCER  Centralized
Info: LOAD BALANCING STRATEGY  New Load Balancers -- DEFAULT
Info: LDB PERIOD             4000 steps
Info: FIRST LDB TIMESTEP     100
Info: LAST LDB TIMESTEP     -1
Info: LDB BACKGROUND SCALING 1
Info: HOM BACKGROUND SCALING 1
Info: PME BACKGROUND SCALING 1
Info: MIN ATOMS PER PATCH    40
Info: INITIAL TEMPERATURE    300
Info: CENTER OF MASS MOVING INITIALLY? NO
Info: DIELECTRIC             1
Info: EXCLUDE                SCALED ONE-FOUR
Info: 1-4 ELECTROSTATICS SCALED BY 1
Info: MODIFIED 1-4 VDW PARAMETERS WILL BE USED
Info: NO DCD TRAJECTORY OUTPUT
Info: NO EXTENDED SYSTEM TRAJECTORY OUTPUT
Info: NO VELOCITY DCD OUTPUT
Info: NO FORCE DCD OUTPUT
Info: OUTPUT FILENAME        /usr/tmp/apoa1-out
Info: BINARY OUTPUT FILES WILL BE USED
Info: NO RESTART FILE
Info: SWITCHING ACTIVE
Info: SWITCHING ON           10
Info: SWITCHING OFF          12
Info: PAIRLIST DISTANCE      13.5
Info: PAIRLIST SHRINK RATE   0.01
Info: PAIRLIST GROW RATE     0.01
Info: PAIRLIST TRIGGER       0.3
Info: PAIRLISTS PER CYCLE    2
Info: PAIRLISTS ENABLED
Info: MARGIN                 0
Info: HYDROGEN GROUP CUTOFF  2.5
Info: PATCH DIMENSION        16
Info: CROSSTERM ENERGY INCLUDED IN DIHEDRAL
Info: TIMING OUTPUT STEPS    20
Info: PARTICLE MESH EWALD (PME) ACTIVE
Info: PME TOLERANCE               1e-06
Info: PME EWALD COEFFICIENT       0.257952
Info: PME INTERPOLATION ORDER     4
Info: PME GRID DIMENSIONS         108 108 80
Info: PME MAXIMUM GRID SPACING    1.5
Info: Attempting to read FFTW data from FFTW_NAMD_2.9_Linux-x86_64-multicore.txt
Info: Optimizing 6 FFT steps.  1... 2... 3... 4... 5... 6...   Done.
Info: Writing FFTW data to FFTW_NAMD_2.9_Linux-x86_64-multicore.txt
Info: FULL ELECTROSTATIC EVALUATION FREQUENCY      4
Info: USING VERLET I (r-RESPA) MTS SCHEME.
Info: C1 SPLITTING OF LONG RANGE ELECTROSTATICS
Info: PLACING ATOMS IN PATCHES BY HYDROGEN GROUPS
Info: RANDOM NUMBER SEED     74269
Info: USE HYDROGEN BONDS?    NO
Info: COORDINATE PDB         apoa1.pdb
Info: STRUCTURE FILE         apoa1.psf
Info: PARAMETER file: XPLOR format! (default) 
Info: PARAMETERS             par_all22_prot_lipid.xplor
Info: PARAMETERS             par_all22_popc.xplor
Info: USING ARITHMETIC MEAN TO COMBINE L-J SIGMA PARAMETERS
Info: SUMMARY OF PARAMETERS:
Info: 177 BONDS
Info: 435 ANGLES
Info: 446 DIHEDRAL
Info: 45 IMPROPER
Info: 0 CROSSTERM
Info: 83 VDW
Info: 6 VDW_PAIRS
Info: 0 NBTHOLE_PAIRS
Info: TIME FOR READING PSF FILE: 0.930999
Info: TIME FOR READING PDB FILE: 0.130778
Info: 
Info: ****************************
Info: STRUCTURE SUMMARY:
Info: 92224 ATOMS
Info: 70660 BONDS
Info: 74136 ANGLES
Info: 74130 DIHEDRALS
Info: 1402 IMPROPERS
Info: 0 CROSSTERMS
Info: 0 EXCLUSIONS
Info: 1568 DIHEDRALS WITH MULTIPLE PERIODICITY (BASED ON PSF FILE)
Info: 276669 DEGREES OF FREEDOM
Info: 32992 HYDROGEN GROUPS
Info: 4 ATOMS IN LARGEST HYDROGEN GROUP
Info: 32992 MIGRATION GROUPS
Info: 4 ATOMS IN LARGEST MIGRATION GROUP
Info: TOTAL MASS = 553785 amu
Info: TOTAL CHARGE = -14 e
Info: MASS DENSITY = 0.997951 g/cm^3
Info: ATOM DENSITY = 0.100081 atoms/A^3
Info: *****************************
Info: 
Info: Entering startup at 1.09993 s, 907.336 MB of memory in use
Info: Startup phase 0 took 0.000176907 s, 907.336 MB of memory in use
Info: Startup phase 1 took 0.0557191 s, 928.301 MB of memory in use
Info: Startup phase 2 took 0.00106287 s, 928.301 MB of memory in use
Info: Startup phase 3 took 0.000114202 s, 928.301 MB of memory in use
Info: PATCH GRID IS 6 (PERIODIC) BY 6 (PERIODIC) BY 4 (PERIODIC)
Info: PATCH GRID IS 1-AWAY BY 1-AWAY BY 1-AWAY
Info: REMOVING COM VELOCITY 0.00117959 0.0289175 0.0202933
Info: LARGEST PATCH (56) HAS 718 ATOMS
Info: Startup phase 4 took 0.0261569 s, 946.484 MB of memory in use
Info: PME using 11 and 11 processors for FFT and reciprocal sum.
Info: PME USING 1 GRID NODES AND 1 TRANS NODES
Info: PME GRID LOCATIONS: 0 1 2 3 4 5 6 7 8 9 ...
Info: PME TRANS LOCATIONS: 0 1 2 3 4 5 6 7 8 9 ...
Info: Optimizing 4 FFT steps.  1... 2... 3... 4...   Done.
Info: Startup phase 5 took 0.00236011 s, 946.484 MB of memory in use
Info: Startup phase 6 took 0.00226593 s, 946.484 MB of memory in use
LDB: Central LB being created...
Info: Startup phase 7 took 0.0019989 s, 946.484 MB of memory in use
Info: CREATING 2802 COMPUTE OBJECTS
Info: NONBONDED TABLE R-SQUARED SPACING: 0.0625
Info: NONBONDED TABLE SIZE: 769 POINTS
Info: useSync: 1 useProxySync: 0
Info: Startup phase 8 took 0.018872 s, 946.484 MB of memory in use
Info: Startup phase 9 took 0.000241041 s, 946.484 MB of memory in use
Info: Startup phase 10 took 0.000298023 s, 946.484 MB of memory in use
Info: Finished startup at 1.2092 s, 946.484 MB of memory in use

ETITLE:      TS           BOND          ANGLE          DIHED          IMPRP               ELECT            VDW       BOUNDARY           MISC        KINETIC               TOTAL           TEMP      POTENTIAL         TOTAL3        TEMPAVG            PRESSURE      GPRESSURE         VOLUME       PRESSAVG      GPRESSAVG

ENERGY:       0     12352.4560     14603.1480      4549.0710        48.1064        -362073.7643     24229.5343         0.0000         0.0000     82752.2738        -223539.1749       301.0300   -306291.4486   -223524.8475       301.0300          -2568.6725     -3582.2555    921491.4634     -2568.6725     -3582.2555

ENERGY:       1     18844.4109     15785.9133      4571.2456        53.5350        -361670.8136     24319.4022         0.0000         0.0000     75223.8495        -222872.4572       273.6437   -298096.3066   -223478.1936       273.6437          -3192.4049     -3497.3102    921491.4634     -3192.4049     -3497.3102

ENERGY:       2     29488.6214     18758.6024      4637.0922        69.5538        -360338.7681     24512.0178         0.0000         0.0000     61082.0538        -221790.8267       222.1997   -282872.8805   -223476.2575       222.1997          -4269.6708     -3354.1998    921491.4634     -4269.6708     -3354.1998

ENERGY:       3     29918.6891     22271.8870      4734.9573        94.3383        -358090.2896     24689.8970         0.0000         0.0000     54714.9832        -221665.5377       199.0381   -276380.5209   -223477.2858       199.0381          -4381.8243     -3200.6936    921491.4634     -4381.8243     -3200.6936

ENERGY:       4     19827.4664     25006.8856      4848.8883       125.1325        -355303.8942     24849.5776         0.0000         0.0000     58070.8721        -222575.0717       211.2459   -280645.9438   -223447.0524       211.2459          -3364.1641     -3048.1295    921491.4634     -3364.1641     -3048.1295

ENERGY:       5     13036.3493     26178.7950      4962.9626       158.6498        -352372.2980     25088.6262         0.0000         0.0000     59867.7844        -223079.1308       217.7825   -282946.9152   -223360.7370       217.7825          -2383.2339     -2851.6449    921491.4634     -2383.2339     -2851.6449

ENERGY:       6     18385.4957     25630.3462      5063.5878       191.5051        -349783.2223     25459.6294         0.0000         0.0000     52507.9934        -222544.6648       191.0096   -275052.6581   -223356.7152       191.0096          -2314.8218     -2605.9946    921491.4634     -2314.8218     -2605.9946

ENERGY:       7     27980.6008     23734.7915      5141.9525       220.6179        -347598.0130     25887.6534         0.0000         0.0000     42953.1287        -221679.2683       156.2517   -264632.3969   -223352.8554       156.2517          -2593.7692     -2341.6011    921491.4634     -2593.7692     -2341.6011

ENERGY:       8     28660.4004     21173.3706      5194.4399       243.5491        -345793.3011     26266.0174         0.0000         0.0000     42465.0707        -221790.4529       154.4763   -264255.5236   -223296.4331       154.4763          -2188.9236     -2107.2011    921491.4634     -2188.9236     -2107.2011

ENERGY:       9     20060.8537     18806.4012      5223.1938       258.7496        -344109.9403     26591.7245         0.0000         0.0000     50541.8171        -222627.2004       183.8572   -273169.0175   -223230.8086       183.8572          -1151.0633     -1886.9948    921491.4634     -1151.0633     -1886.9948

ETITLE:      TS           BOND          ANGLE          DIHED          IMPRP               ELECT            VDW       BOUNDARY           MISC        KINETIC               TOTAL           TEMP      POTENTIAL         TOTAL3        TEMPAVG            PRESSURE      GPRESSURE         VOLUME       PRESSAVG      GPRESSAVG

ENERGY:      10     14350.7486     17395.0176      5234.2194       265.4605        -342745.2671     26963.6414         0.0000         0.0000     55373.6415        -223162.5381       201.4341   -278536.1796   -223232.0103       201.4341           -586.8334     -1656.6309    921491.4634      -586.8334     -1656.6309

ENERGY:      11     18841.9141     17384.8949      5236.2376       263.7888        -341713.0266     27435.0793         0.0000         0.0000     49899.6949        -222651.4169       181.5214   -272551.1119   -223231.3828       181.5214          -1087.7151     -1401.1296    921491.4634     -1087.7151     -1401.1296

ENERGY:      12     26285.2529     18611.6925      5237.4073       254.5717        -340969.2134     27945.8074         0.0000         0.0000     40727.6954        -221906.7862       148.1562   -262634.4816   -223172.5614       148.1562          -1887.2026     -1155.3187    921491.4634     -1887.2026     -1155.3187

ENERGY:      13     25810.1550     20340.2227      5243.3633       239.3557        -340247.5483     28408.4744         0.0000         0.0000     38364.5171        -221841.4602       139.5596   -260205.9773   -223110.9488       139.5596          -1878.7366      -948.4511    921491.4634     -1878.7366      -948.4511

ENERGY:      14     18229.5292     21618.1812      5255.0116       219.9345        -339811.4722     28840.3575         0.0000         0.0000     43120.5707        -222527.8874       156.8608   -265648.4581   -223112.7585       156.8608          -1024.8386      -790.0063    921491.4634     -1024.8386      -790.0063

ENERGY:      15     14141.3260     21914.0174      5270.4562       198.4604        -339999.9010     29330.1986         0.0000         0.0000     46274.3874        -222871.0551       168.3335   -269145.4425   -223114.1848       168.3335           -276.1129      -654.0185    921491.4634      -276.1129      -654.0185

ENERGY:      16     18533.5985     21379.4765      5286.3853       177.1317        -341073.7437     29909.1296         0.0000         0.0000     43310.7888        -222477.2333       157.5527   -265788.0221   -223107.6653       157.5527           -215.9503      -534.2016    921491.4634      -215.9503      -534.2016

ENERGY:      17     24285.5816     20685.3758      5300.2791       158.0483        -342718.3075     30497.9364         0.0000         0.0000     39857.6662        -221933.4200       144.9912   -261791.0862   -223067.7882       144.9912           -418.5180      -445.9262    921491.4634      -418.5180      -445.9262

ENERGY:      18     23242.4117     20468.5287      5310.2672       142.6286        -344641.7089     31004.0211         0.0000         0.0000     42309.0085        -222164.8430       153.9085   -264473.8516   -223068.8515       153.9085           -264.8021      -408.6301    921491.4634      -264.8021      -408.6301

ENERGY:      19     18143.9401     20989.5295      5316.6991       131.8194        -346529.5495     31434.4322         0.0000         0.0000     47714.3022        -222798.8270       173.5715   -270513.1292   -223071.3656       173.5715             41.9014      -392.2664    921491.4634        41.9014      -392.2664

LDB: ============= START OF LOAD BALANCING ============== 3.47052
LDB: ============== END OF LOAD BALANCING =============== 3.47095
Info: useSync: 1 useProxySync: 0
LDB: =============== DONE WITH MIGRATION ================ 3.47137
TIMING: 20  CPU: 2.4757, 0.109248/step  Wall: 2.4757, 0.109248/step, 0.0145664 hours remaining, 967.210938 MB of memory in use.
ETITLE:      TS           BOND          ANGLE          DIHED          IMPRP               ELECT            VDW       BOUNDARY           MISC        KINETIC               TOTAL           TEMP      POTENTIAL         TOTAL3        TEMPAVG            PRESSURE      GPRESSURE         VOLUME       PRESSAVG      GPRESSAVG

ENERGY:      20     17965.5059     22054.9968      5321.8173       125.9640        -348206.1516     31862.6111         0.0000         0.0000     47960.4281        -222914.8283       174.4669   -270875.2565   -223082.7608       174.4669           -133.8116      -346.5459    921491.4634      -133.8116      -346.5459

ENERGY:      21     24039.1423     23261.1504      5329.8150       124.9653        -349366.5697     32291.6370         0.0000         0.0000     42039.3836        -222280.4760       152.9277   -264319.8596   -223063.1338       152.9277           -740.3954      -247.6204    921491.4634      -740.3954      -247.6204

ENERGY:      22     27739.0450     24128.7771      5344.8281       128.0343        -349763.5536     32625.8383         0.0000         0.0000     37948.0934        -221848.9373       138.0447   -259797.0307   -223062.3009       138.0447           -901.2300      -130.9897    921491.4634      -901.2300      -130.9897

ENERGY:      23     23247.6166     24272.4991      5370.4269       134.1642        -349332.6446     32798.0362         0.0000         0.0000     41280.9382        -222228.9634       150.1687   -263509.9017   -223063.4054       150.1687           -121.6533       -27.8474    921491.4634      -121.6533       -27.8474

ENERGY:      24     16511.8017     23459.5972      5407.7262       142.1780        -348420.3086     32880.6042         0.0000         0.0000     47144.4570        -222873.9443       171.4986   -270018.4013   -223056.8662       171.4986            942.5311        70.4533    921491.4634       942.5311        70.4533

ENERGY:      25     16917.9802     21778.2434      5454.8988       151.0023        -347594.2602     32989.6205         0.0000         0.0000     47486.3029        -222816.2122       172.7421   -270302.5151   -223053.2178       172.7421           1272.0519       195.5279    921491.4634      1272.0519       195.5279

ENERGY:      26     23581.2556     19675.3687      5506.8492       159.5877        -347249.8436     33136.3761         0.0000         0.0000     43029.5317        -222160.8746       156.5296   -265190.4063   -223051.5348       156.5296            769.4263       319.1965    921491.4634       769.4263       319.1965

ENERGY:      27     26456.6585     17946.7066      5557.4986       167.2901        -347403.8186     33225.3823         0.0000         0.0000     42147.2259        -221903.0566       153.3200   -264050.2825   -223051.1655       153.3200            220.6604       393.1594    921491.4634       220.6604       393.1594

ENERGY:      28     21041.4523     17329.1340      5601.2360       173.7564        -347813.2807     33197.2135         0.0000         0.0000     47975.5933        -222494.8953       174.5220   -270470.4886   -223001.5673       174.5220             79.1065       399.7476    921491.4634        79.1065       399.7476

ENERGY:      29     15396.3271     18061.9473      5634.3634       178.8635        -348340.9355     33114.0513         0.0000         0.0000     52817.3032        -223138.0797       192.1348   -275955.3829   -223013.8478       192.1348           -116.7881       392.2540    921491.4634      -116.7881       392.2540

ETITLE:      TS           BOND          ANGLE          DIHED          IMPRP               ELECT            VDW       BOUNDARY           MISC        KINETIC               TOTAL           TEMP      POTENTIAL         TOTAL3        TEMPAVG            PRESSURE      GPRESSURE         VOLUME       PRESSAVG      GPRESSAVG

ENERGY:      30     18751.3177     19659.9907      5655.0732       182.5488        -348790.2989     33060.9284         0.0000         0.0000     48617.0318        -222863.4083       176.8554   -271480.4401   -223014.4702       176.8554           -820.6934       415.3192    921491.4634      -820.6934       415.3192

ENERGY:      31     27694.5952     21259.1820      5664.2790       184.9293        -348929.5885     33008.3021         0.0000         0.0000     39136.7132        -221981.5878       142.3686   -261118.3009   -223012.7194       142.3686          -1451.9808       460.8912    921491.4634     -1451.9808       460.8912

ENERGY:      32     30068.2853     22087.7452      5665.1959       186.2529        -348469.1902     32843.5146         0.0000         0.0000     35956.7802        -221661.4160       130.8009   -257618.1962   -222879.6160       130.8009           -898.8255       477.0667    921491.4634      -898.8255       477.0667

ENERGY:      33     21814.4412     21866.1208      5662.7076       186.8472        -347503.8047     32533.7071         0.0000         0.0000     43073.5125        -222366.4683       156.6896   -265439.9808   -222875.1215       156.6896            944.3632       439.8050    921491.4634       944.3632       439.8050

ENERGY:      34     13147.3107     20822.2763      5661.3994       187.1344        -346393.9752     32190.4000         0.0000         0.0000     51261.5111        -223123.9432       186.4753   -274385.4544   -222873.5747       186.4753           2726.2719       368.4769    921491.4634      2726.2719       368.4769

ENERGY:      35     14939.6595     19533.2380      5664.6046       187.4826        -345707.8425     31926.7432         0.0000         0.0000     50536.7216        -222919.3930       183.8387   -273456.1146   -222870.5855       183.8387           3009.1612       277.1950    921491.4634      3009.1612       277.1950

ENERGY:      36     23992.4071     18619.4976      5673.2513       188.1412        -345737.5534     31727.7259         0.0000         0.0000     43465.0626        -222071.4677       158.1140   -265536.5303   -222792.6597       158.1140           1784.3269       140.1452    921491.4634      1784.3269       140.1452

ENERGY:      37     27662.2271     18555.9995      5686.0165       189.1736        -346400.2314     31489.4429         0.0000         0.0000     41035.8277        -221781.5440       149.2771   -262817.3717   -222776.0506       149.2771            189.9686       -80.8844    921491.4634       189.9686       -80.8844

ENERGY:      38     21417.9358     19485.8050      5699.4394       190.5896        -347297.8748     31169.4569         0.0000         0.0000     46867.8922        -222466.7559       170.4925   -269334.6481   -222782.6198       170.4925          -1003.8464      -364.7807    921491.4634     -1003.8464      -364.7807

ENERGY:      39     14905.2240     21194.3323      5709.6116       192.2159        -348062.9361     30838.9348         0.0000         0.0000     52072.4156        -223150.2020       189.4251   -275222.6176   -222787.6442       189.4251          -2066.3976      -633.0732    921491.4634     -2066.3976      -633.0732

TIMING: 40  CPU: 4.64903, 0.108667/step  Wall: 4.64903, 0.108667/step, 0.0138852 hours remaining, 967.386719 MB of memory in use.
ETITLE:      TS           BOND          ANGLE          DIHED          IMPRP               ELECT            VDW       BOUNDARY           MISC        KINETIC               TOTAL           TEMP      POTENTIAL         TOTAL3        TEMPAVG            PRESSURE      GPRESSURE         VOLUME       PRESSAVG      GPRESSAVG

ENERGY:      40     18175.3607     23091.9464      5712.9374       193.7351        -348398.4386     30569.2891         0.0000         0.0000     47793.1194        -222862.0505       173.8582   -270655.1699   -222794.4441       173.8582          -3285.9429      -815.4642    921491.4634     -3285.9429      -815.4642

ENERGY:      41     27454.8769     24388.3753      5707.1933       194.7033        -347996.2243     30319.6952         0.0000         0.0000     37998.4751        -221932.9053       138.2280   -259931.3804   -222755.1652       138.2280          -3958.3724      -910.5637    921491.4634     -3958.3724      -910.5637

ENERGY:      42     30245.9365     24360.9624      5691.6440       194.6822        -346664.6376     29990.2515         0.0000         0.0000     34554.7185        -221626.4425       125.7006   -256181.1610   -222751.8060       125.7006          -2976.0493      -957.7116    921491.4634     -2976.0493      -957.7116

ENERGY:      43     22419.9625     22840.1580      5668.3987       193.3183        -344561.3430     29565.6875         0.0000         0.0000     41572.6524        -222301.1656       151.2299   -263873.8180   -222749.5274       151.2299           -409.4029      -982.8641    921491.4634      -409.4029      -982.8641

ENERGY:      44     13688.4095     20366.1988      5642.0670       190.5057        -342301.7066     29147.7409         0.0000         0.0000     50206.1687        -223060.6159       182.6362   -273266.7846   -222789.1128       182.6362           2147.6095      -988.8248    921491.4634      2147.6095      -988.8248

ENERGY:      45     14321.4098     17966.5587      5618.8540       186.4749        -340529.7786     28826.5124         0.0000         0.0000     50723.4105        -222886.5583       184.5178   -273609.9688   -222752.6209       184.5178           3021.8265      -984.7720    921491.4634      3021.8265      -984.7720

ENERGY:      46     21810.6588     16543.1498      5604.0209       181.6747        -339671.2258     28584.9900         0.0000         0.0000     44777.2512        -222169.4805       162.8873   -266946.7317   -222751.4824       162.8873           1989.9577     -1018.5225    921491.4634      1989.9577     -1018.5225

ENERGY:      47     25437.8369     16504.7276      5601.0153       176.7222        -339657.9451     28339.0468         0.0000         0.0000     41682.3532        -221916.2432       151.6289   -263598.5964   -222754.8497       151.6289             54.8288     -1124.4910    921491.4634        54.8288     -1124.4910

ENERGY:      48     21357.5061     17642.4097      5610.4033       172.2811        -340167.0772     28053.2905         0.0000         0.0000     44880.0446        -222451.1419       163.2613   -267331.1866   -222747.8062       163.2613          -1888.5357     -1283.7456    921491.4634     -1888.5357     -1283.7456

ENERGY:      49     16985.3516     19390.5977      5630.3277       169.0122        -340784.2165     27774.0614         0.0000         0.0000     47923.0135        -222911.8525       174.3308   -270834.8660   -222725.3128       174.3308          -3676.9794     -1433.1005    921491.4634     -3676.9794     -1433.1005

ETITLE:      TS           BOND          ANGLE          DIHED          IMPRP               ELECT            VDW       BOUNDARY           MISC        KINETIC               TOTAL           TEMP      POTENTIAL         TOTAL3        TEMPAVG            PRESSURE      GPRESSURE         VOLUME       PRESSAVG      GPRESSAVG

ENERGY:      50     19512.3275     21075.3037      5656.6882       167.3307        -341202.9167     27544.8543         0.0000         0.0000     44585.1128        -222661.2996       162.1884   -267246.4123   -222726.3509       162.1884          -5131.5005     -1515.5729    921491.4634     -5131.5005     -1515.5729

ENERGY:      51     25615.9432     22157.8701      5684.9275       167.4747        -341126.1280     27328.9661         0.0000         0.0000     38129.3340        -222041.6124       138.7040   -260170.9464   -222724.6098       138.7040          -5492.8748     -1521.8808    921491.4634     -5492.8748     -1521.8808

ENERGY:      52     26599.5775     22300.8007      5710.5529       169.4115        -340421.7967     27055.6870         0.0000         0.0000     36644.3526        -221941.4146       133.3021   -258585.7672   -222664.4104       133.3021          -4033.2856     -1479.3806    921491.4634     -4033.2856     -1479.3806

ENERGY:      53     20876.6367     21508.4523      5730.1472       172.8903        -339217.4842     26725.0591         0.0000         0.0000     41780.5339        -222423.7648       151.9861   -264204.2986   -222626.8756       151.9861          -1166.2842     -1403.6007    921491.4634     -1166.2842     -1403.6007

ENERGY:      54     15863.6305     20168.3228      5741.5298       177.3856        -338073.5148     26417.7964         0.0000         0.0000     46874.2686        -222830.5811       170.5157   -269704.8497   -222622.2851       170.5157           1612.1875     -1309.5972    921491.4634      1612.1875     -1309.5972

ENERGY:      55     17325.1625     18996.7297      5745.1676       182.3524        -337579.2202     26194.8264         0.0000         0.0000     46522.3671        -222612.6145       169.2356   -269134.9816   -222618.0514       169.2356           2924.0341     -1225.8965    921491.4634      2924.0341     -1225.8965

ENERGY:      56     21834.7095     18663.5589      5743.6590       187.2691        -338017.4582     26036.1974         0.0000         0.0000     43350.8708        -222201.1934       157.6986   -265552.0642   -222594.3335       157.6986           2523.1282     -1193.8778    921491.4634      2523.1282     -1193.8778

ENERGY:      57     22701.7348     19414.2155      5740.7572       191.7056        -339107.6098     25882.7605         0.0000         0.0000     42990.4500        -222185.9862       156.3874   -265176.4362   -222571.6337       156.3874            977.8010     -1232.6113    921491.4634       977.8010     -1232.6113

ENERGY:      58     19883.4032     20861.6709      5739.1627       195.2453        -340404.3081     25718.1138         0.0000         0.0000     45412.5622        -222594.1501       165.1984   -268006.7122   -222577.8454       165.1984          -1125.6286     -1313.5157    921491.4634     -1125.6286     -1313.5157

ENERGY:      59     19374.3744     22284.0259      5740.2029       197.5683        -341451.8758     25574.1727         0.0000         0.0000     45544.2648        -222737.2668       165.6775   -268281.5316   -222582.7242       165.6775          -3411.1338     -1378.9660    921491.4634     -3411.1338     -1378.9660

TIMING: 60  CPU: 6.82216, 0.108656/step  Wall: 6.82216, 0.108656/step, 0.0132802 hours remaining, 967.562500 MB of memory in use.
ETITLE:      TS           BOND          ANGLE          DIHED          IMPRP               ELECT            VDW       BOUNDARY           MISC        KINETIC               TOTAL           TEMP      POTENTIAL         TOTAL3        TEMPAVG            PRESSURE      GPRESSURE         VOLUME       PRESSAVG      GPRESSAVG

ENERGY:      60     23449.5631     23017.6821      5743.3644       198.4364        -341915.2511     25462.3565         0.0000         0.0000     41666.5932        -222377.2555       151.5716   -264043.8487   -222570.6180       151.5716          -5200.1105     -1391.6025    921491.4634     -5200.1105     -1391.6025

ENERGY:      61     26674.7927     22795.6787      5746.9986       197.7625        -341507.2981     25336.2700         0.0000         0.0000     38754.3266        -222001.4692       140.9776   -260755.7957   -222554.3356       140.9776          -5512.1720     -1343.6393    921491.4634     -5512.1720     -1343.6393

ENERGY:      62     23713.3995     21736.8997      5748.3994       195.5102        -340178.4243     25148.9603         0.0000         0.0000     41422.2907        -222212.9644       150.6829   -263635.2551   -222552.0911       150.6829          -3887.3627     -1256.6182    921491.4634     -3887.3627     -1256.6182

ENERGY:      63     17514.2894     20290.2286      5745.1998       191.8568        -338254.7872     24925.5375         0.0000         0.0000     46858.5846        -222729.0905       170.4587   -269587.6752   -222547.7680       170.4587          -1126.2162     -1146.3291    921491.4634     -1126.2162     -1146.3291

ENERGY:      64     15617.7657     18981.2686      5735.7991       187.1747        -336395.9951     24738.7760         0.0000         0.0000     48293.1730        -222842.0381       175.6773   -271135.2111   -222561.4986       175.6773           1265.5618     -1044.2089    921491.4634      1265.5618     -1044.2089

ENERGY:      65     19705.6387     18234.5068      5720.3377       182.0597        -335286.5205     24621.7010         0.0000         0.0000     44429.9444        -222392.3321       161.6239   -266822.2766   -222559.5546       161.6239           2327.6923      -981.2891    921491.4634      2327.6923      -981.2891

ENERGY:      66     23379.3198     18178.8889      5700.6416       177.0884        -335167.4133     24541.0361         0.0000         0.0000     41150.1724        -222040.2659       149.6930   -263190.4384   -222559.7128       149.6930           2143.8304     -1012.9653    921491.4634      2143.8304     -1012.9653

ENERGY:      67     21519.5826     18700.7267      5680.7505       172.8625        -335835.2251     24451.2304         0.0000         0.0000     43013.1052        -222296.9671       156.4699   -265310.0723   -222563.8338       156.4699           1146.4320     -1149.3075    921491.4634      1146.4320     -1149.3075

ENERGY:      68     17680.6163     19473.4215      5665.6119       169.8446        -336816.7450     24355.0772         0.0000         0.0000     46695.1031        -222777.0705       169.8640   -269472.1735   -222563.1958       169.8640           -533.1232     -1350.2483    921491.4634      -533.1232     -1350.2483

ENERGY:      69     18842.4751     20094.5656      5659.7335       168.3399        -337777.7070     24286.5633         0.0000         0.0000     45946.9669        -222779.0627       167.1424   -268726.0296   -222564.0332       167.1424          -2779.5017     -1554.6030    921491.4634     -2779.5017     -1554.6030

ETITLE:      TS           BOND          ANGLE          DIHED          IMPRP               ELECT            VDW       BOUNDARY           MISC        KINETIC               TOTAL           TEMP      POTENTIAL         TOTAL3        TEMPAVG            PRESSURE      GPRESSURE         VOLUME       PRESSAVG      GPRESSAVG

ENERGY:      70     24924.5823     20195.1314      5665.1982       168.3680        -338344.4665     24244.1912         0.0000         0.0000     40895.8147        -222251.1807       148.7677   -263146.9953   -222565.8441       148.7677          -4812.4045     -1724.3819    921491.4634     -4812.4045     -1724.3819

ENERGY:      71     28189.8263     19687.0900      5681.7657       169.8512        -338280.6760     24173.9254         0.0000         0.0000     38448.3172        -221929.9002       139.8644   -260378.2174   -222566.4519       139.8644          -5473.5666     -1853.2190    921491.4634     -5473.5666     -1853.2190

ENERGY:      72     23727.6571     18857.6813      5706.8665       172.6037        -337528.2063     24038.3798         0.0000         0.0000     42738.3502        -222286.6677       155.4704   -265025.0180   -222525.8449       155.4704          -4315.3027     -1947.4862    921491.4634     -4315.3027     -1947.4862

ENERGY:      73     16493.2847     18282.5325      5736.5768       176.3701        -336410.7709     23875.1232         0.0000         0.0000     48993.3019        -222853.5817       178.2242   -271846.8836   -222501.3403       178.2242          -2196.1794     -1993.4479    921491.4634     -2196.1794     -1993.4479

ENERGY:      74     14920.3255     18445.5880      5765.7962       180.7323        -335459.2336     23754.9617         0.0000         0.0000     49505.8491        -222885.9808       180.0887   -272391.8299   -222496.3763       180.0887           -495.0838     -2003.1168    921491.4634      -495.0838     -2003.1168

ENERGY:      75     19899.6434     19448.4296      5789.8058       185.2404        -335174.0285     23698.7352         0.0000         0.0000     43811.0534        -222341.1206       159.3726   -266152.1740   -222492.3613       159.3726            105.3885     -2013.1492    921491.4634       105.3885     -2013.1492

ENERGY:      76     24088.0854     20909.5963      5804.9698       189.4305        -335690.6752     23665.5789         0.0000         0.0000     39065.9953        -221967.0191       142.1114   -261033.0144   -222445.7223       142.1114            -89.2495     -2070.9252    921491.4634       -89.2495     -2070.9252

ENERGY:      77     22199.2676     22223.0495      5809.9321       192.8995        -336701.6736     23613.9739         0.0000         0.0000     40464.2914        -222198.2595       147.1980   -262662.5509   -222417.3392       147.1980           -599.8259     -2169.1062    921491.4634      -599.8259     -2169.1062

ENERGY:      78     17886.0021     22851.3490      5805.4285       195.2662        -337741.3157     23553.3821         0.0000         0.0000     44753.0526        -222696.8353       162.7993   -267449.8879   -222421.1607       162.7993          -1412.5337     -2278.9367    921491.4634     -1412.5337     -2278.9367

ENERGY:      79     18108.1445     22595.1004      5794.6681       196.2478        -338412.9960     23516.3124         0.0000         0.0000     45459.4052        -222743.1176       165.3688   -268202.5228   -222423.9076       165.3688          -2660.1327     -2353.4764    921491.4634     -2660.1327     -2353.4764

TIMING: 80  CPU: 8.99341, 0.108563/step  Wall: 8.99341, 0.108563/step, 0.0126657 hours remaining, 967.839844 MB of memory in use.
ETITLE:      TS           BOND          ANGLE          DIHED          IMPRP               ELECT            VDW       BOUNDARY           MISC        KINETIC               TOTAL           TEMP      POTENTIAL         TOTAL3        TEMPAVG            PRESSURE      GPRESSURE         VOLUME       PRESSAVG      GPRESSAVG

ENERGY:      80     23193.1683     21560.0610      5781.8893       195.6591        -338486.0881     23496.1343         0.0000         0.0000     41930.4060        -222328.7699       152.5313   -264259.1760   -222421.6005       152.5313          -3928.2140     -2382.1056    921491.4634     -3928.2140     -2382.1056

ENERGY:      81     26423.0614     20084.9470      5771.1022       193.5009        -337763.9086     23440.7320         0.0000         0.0000     39839.6519        -222010.9132       144.9257   -261850.5651   -222384.6120       144.9257          -4377.6859     -2356.2322    921491.4634     -4377.6859     -2356.2322

ENERGY:      82     23281.9357     18596.7907      5764.2397       189.9463        -336325.0809     23318.6737         0.0000         0.0000     42895.4653        -222278.0295       156.0419   -265173.4948   -222383.3812       156.0419          -3616.8098     -2297.6228    921491.4634     -3616.8098     -2297.6228

ENERGY:      83     17463.4114     17611.3784      5761.4800       185.4557        -334548.5450     23165.5263         0.0000         0.0000     47631.4997        -222729.7934       173.2703   -270361.2931   -222380.8001       173.2703          -2245.6200     -2209.9239    921491.4634     -2245.6200     -2209.9239

ENERGY:      84     15692.0180     17521.7595      5761.2958       180.7102        -333070.6345     23043.3533         0.0000         0.0000     48072.9174        -222798.5803       174.8761   -270871.4977   -222420.9193       174.8761          -1264.6406     -2119.1646    921491.4634     -1264.6406     -2119.1646

ENERGY:      85     19034.4748     18377.7084      5761.3316       176.5397        -332350.3365     22972.2187         0.0000         0.0000     43641.9416        -222386.1217       158.7574   -266028.0633   -222396.4598       158.7574          -1101.4911     -2031.8233    921491.4634     -1101.4911     -2031.8233

ENERGY:      86     22361.2996     19720.3243      5758.5583       173.6091        -332514.8441     22921.5212         0.0000         0.0000     39480.2342        -222099.2974       143.6182   -261579.5316   -222396.4729       143.6182          -1408.4309     -1992.0456    921491.4634     -1408.4309     -1992.0456

ENERGY:      87     21898.5874     20858.8154      5750.7775       172.4431        -333299.4431     22859.7331         0.0000         0.0000     39513.3018        -222245.7847       143.7385   -261759.0866   -222398.3223       143.7385          -1739.2137     -2002.6067    921491.4634     -1739.2137     -2002.6067

ENERGY:      88     19807.2125     21236.1264      5737.2297       173.3188        -334313.4198     22793.0785         0.0000         0.0000     42007.3338        -222559.1201       152.8111   -264566.4539   -222408.9129       152.8111          -2036.3960     -2043.8955    921491.4634     -2036.3960     -2043.8955

ENERGY:      89     20138.2923     20745.5547      5719.3133       176.3160        -335202.8324     22743.6988         0.0000         0.0000     43113.7497        -222565.9076       156.8360   -265679.6573   -222389.0015       156.8360          -2409.8248     -2071.1686    921491.4634     -2409.8248     -2071.1686

ETITLE:      TS           BOND          ANGLE          DIHED          IMPRP               ELECT            VDW       BOUNDARY           MISC        KINETIC               TOTAL           TEMP      POTENTIAL         TOTAL3        TEMPAVG            PRESSURE      GPRESSURE         VOLUME       PRESSAVG      GPRESSAVG

ENERGY:      90     22711.6048     19691.0676      5699.8921       181.1111        -335712.1132     22705.2745         0.0000         0.0000     42377.6758        -222345.4872       154.1583   -264723.1629   -222389.2094       154.1583          -2670.9832     -2080.5818    921491.4634     -2670.9832     -2080.5818

ENERGY:      91     23737.5987     18627.1144      5683.0577       187.2277        -335678.4157     22643.5818         0.0000         0.0000     42539.3830        -222260.4523       154.7466   -264799.8353   -222388.3581       154.7466          -2499.0953     -2078.8098    921491.4634     -2499.0953     -2078.8098

ENERGY:      92     21523.8219     18060.4535      5672.6738       194.0387        -335129.0782     22543.7115         0.0000         0.0000     44665.3079        -222469.0709       162.4801   -267134.3789   -222389.6059       162.4801          -1910.9682     -2078.9076    921491.4634     -1910.9682     -2078.9076

ENERGY:      93     18788.3596     18281.5993      5671.3716       200.9119        -334319.2921     22433.7892         0.0000         0.0000     46311.8833        -222631.3771       168.4699   -268943.2604   -222367.8861       168.4699          -1385.1717     -2068.2565    921491.4634     -1385.1717     -2068.2565

ENERGY:      94     18530.9328     19242.9912      5679.4418       207.1113        -333693.3058     22351.2077         0.0000         0.0000     45144.9170        -222536.7040       164.2248   -267681.6211   -222367.0865       164.2248          -1347.2599     -2063.4575    921491.4634     -1347.2599     -2063.4575

ENERGY:      95     20040.4586     20654.3434      5695.3526       212.0383        -333603.6974     22302.2586         0.0000         0.0000     42387.6997        -222311.5463       154.1948   -264699.2460   -222367.4634       154.1948          -1793.7082     -2083.6407    921491.4634     -1793.7082     -2083.6407

ENERGY:      96     20584.1064     22050.3786      5716.0483       215.1945        -334091.8989     22265.7317         0.0000         0.0000     40970.7076        -222289.7317       149.0402   -263260.4393   -222356.3661       149.0402          -2389.6991     -2142.8256    921491.4634     -2389.6991     -2142.8256

ENERGY:      97     19809.1310     22949.2010      5737.7476       216.2279        -334886.9639     22225.8322         0.0000         0.0000     41505.2398        -222443.5845       150.9847   -263948.8243   -222346.5815       150.9847          -2891.9376     -2214.1666    921491.4634     -2891.9376     -2214.1666

ENERGY:      98     19979.7558     22958.8352      5756.3117       214.8681        -335616.8431     22188.2114         0.0000         0.0000     41993.4226        -222525.4382       152.7605   -264518.8608   -222347.6398       152.7605          -3206.5492     -2272.3421    921491.4634     -3206.5492     -2272.3421

ENERGY:      99     22029.8953     22024.0795      5768.5777       211.0972        -336009.8229     22159.4701         0.0000         0.0000     41425.1768        -222391.5263       150.6934   -263816.7031   -222348.0705       150.6934          -3235.8099     -2296.7688    921491.4634     -3235.8099     -2296.7688

LDB: ============= START OF LOAD BALANCING ============== 12.1651
LDB: Largest compute 67 load 0.253289 is 3.2% of average load 7.874427
LDB: Average compute 0.030000 is 0.4% of average load 7.874427
LDB: Partitioning computes with target load 0.787443
LDB: Increased migratable compute count from 2736 to 2736
LDB: Largest unpartitionable compute is 0.030653
LDB: ============== END OF LOAD BALANCING =============== 12.1667
Info: useSync: 1 useProxySync: 0
LDB: =============== DONE WITH MIGRATION ================ 12.1674
Info: Initial time: 11 CPUs 0.108741 s/step 1.25857 days/ns 967.84 MB memory
TIMING: 100  CPU: 11.1683, 0.108745/step  Wall: 11.1683, 0.108745/step, 0.0120828 hours remaining, 967.839844 MB of memory in use.
ETITLE:      TS           BOND          ANGLE          DIHED          IMPRP               ELECT            VDW       BOUNDARY           MISC        KINETIC               TOTAL           TEMP      POTENTIAL         TOTAL3        TEMPAVG            PRESSURE      GPRESSURE         VOLUME       PRESSAVG      GPRESSAVG

ENERGY:     100     23587.3021     20475.3729      5773.0375       205.1509        -335896.4623     22125.7987         0.0000         0.0000     41455.8050        -222273.9951       150.8048   -263729.8001   -222326.1726       150.8048          -2788.3920     -2294.3880    921491.4634     -2788.3920     -2294.3880

ENERGY:     101     22287.2998     18933.8502      5770.3900       197.5201        -335238.2413     22065.3980         0.0000         0.0000     43590.2957        -222393.4875       158.5695   -265983.7832   -222319.4707       158.5695          -1880.2673     -2262.6846    921491.4634     -1880.2673     -2262.6846

ENERGY:     102     19420.3334     17951.6562      5762.8059       188.8891        -334088.2234     21980.7895         0.0000         0.0000     46153.7219        -222630.0274       167.8946   -268783.7493   -222317.3982       167.8946           -924.5794     -2215.2272    921491.4634      -924.5794     -2215.2272

ENERGY:     103     18429.6588     17794.2512      5753.5002       180.0834        -332765.4446     21898.9792         0.0000         0.0000     46061.5884        -222647.3834       167.5594   -268708.9718   -222315.0115       167.5594           -521.9322     -2162.1475    921491.4634      -521.9322     -2162.1475

ENERGY:     104     20135.5161     18313.1193      5745.4365       171.9705        -331716.6194     21838.6802         0.0000         0.0000     43114.8219        -222397.0749       156.8399   -265511.8968   -222300.0343       156.8399           -904.7452     -2132.5694    921491.4634      -904.7452     -2132.5694

ENERGY:     105     21674.8147     19112.5121      5740.5773       165.3638        -331353.5907     21791.8563         0.0000         0.0000     40663.3131        -222205.1534       147.9220   -262868.4665   -222297.2862       147.9220          -1781.0303     -2140.0925    921491.4634     -1781.0303     -2140.0925

ENERGY:     106     20688.3525     19760.1605      5739.0355       160.9482        -331684.6914     21743.4748         0.0000         0.0000     41270.8909        -222321.8290       150.1322   -263592.7199   -222299.8103       150.1322          -2687.8656     -2192.8738    921491.4634     -2687.8656     -2192.8738

ENERGY:     107     18828.1851     20041.3661      5739.7936       159.1631        -332486.5662     21693.8616         0.0000         0.0000     43452.4231        -222571.7736       158.0680   -266024.1967   -222302.3925       158.0680          -3435.4057     -2264.9714    921491.4634     -3435.4057     -2264.9714

ENERGY:     108     19374.7528     19955.6335      5740.9974       160.1493        -333435.9266     21654.4582         0.0000         0.0000     43952.1727        -222597.7626       159.8859   -266549.9354   -222305.0565       159.8859          -3989.5485     -2325.7046    921491.4634     -3989.5485     -2325.7046

ENERGY:     109     22394.0522     19651.8555      5740.7059       163.7566        -334323.6679     21623.9120         0.0000         0.0000     42380.9037        -222368.4821       154.1701   -264749.3858   -222289.2484       154.1701          -4162.2878     -2354.5142    921491.4634     -4162.2878     -2354.5142

